{"D:\\AI\\project\\SDD\\TOOL\\DRIV-6-28\\src\\cli\\index.ts": {"path":"D:\\AI\\project\\SDD\\TOOL\\DRIV-6-28\\src\\cli\\index.ts","statementMap":{"0":{"start":{"line":10,"column":16},"end":{"line":10,"column":null}},"1":{"start":{"line":11,"column":20},"end":{"line":11,"column":null}},"2":{"start":{"line":22,"column":2},"end":{"line":22,"column":null}},"3":{"start":{"line":26,"column":2},"end":{"line":32,"column":null}},"4":{"start":{"line":38,"column":28},"end":{"line":38,"column":null}},"5":{"start":{"line":39,"column":2},"end":{"line":39,"column":null}},"6":{"start":{"line":43,"column":18},"end":{"line":43,"column":null}},"7":{"start":{"line":45,"column":2},"end":{"line":48,"column":null}},"8":{"start":{"line":50,"column":2},"end":{"line":74,"column":null}},"9":{"start":{"line":59,"column":6},"end":{"line":73,"column":null}},"10":{"start":{"line":60,"column":8},"end":{"line":66,"column":null}},"11":{"start":{"line":68,"column":8},"end":{"line":71,"column":null}},"12":{"start":{"line":69,"column":10},"end":{"line":69,"column":null}},"13":{"start":{"line":70,"column":10},"end":{"line":70,"column":null}},"14":{"start":{"line":72,"column":8},"end":{"line":72,"column":null}},"15":{"start":{"line":76,"column":2},"end":{"line":82,"column":null}},"16":{"start":{"line":81,"column":6},"end":{"line":81,"column":null}},"17":{"start":{"line":84,"column":2},"end":{"line":96,"column":null}},"18":{"start":{"line":92,"column":6},"end":{"line":95,"column":null}},"19":{"start":{"line":98,"column":2},"end":{"line":122,"column":null}},"20":{"start":{"line":107,"column":6},"end":{"line":121,"column":null}},"21":{"start":{"line":108,"column":8},"end":{"line":114,"column":null}},"22":{"start":{"line":116,"column":8},"end":{"line":119,"column":null}},"23":{"start":{"line":117,"column":10},"end":{"line":117,"column":null}},"24":{"start":{"line":118,"column":10},"end":{"line":118,"column":null}},"25":{"start":{"line":120,"column":8},"end":{"line":120,"column":null}},"26":{"start":{"line":124,"column":2},"end":{"line":144,"column":null}},"27":{"start":{"line":131,"column":6},"end":{"line":143,"column":null}},"28":{"start":{"line":132,"column":8},"end":{"line":136,"column":null}},"29":{"start":{"line":138,"column":8},"end":{"line":141,"column":null}},"30":{"start":{"line":139,"column":10},"end":{"line":139,"column":null}},"31":{"start":{"line":140,"column":10},"end":{"line":140,"column":null}},"32":{"start":{"line":142,"column":8},"end":{"line":142,"column":null}},"33":{"start":{"line":146,"column":2},"end":{"line":166,"column":null}},"34":{"start":{"line":153,"column":6},"end":{"line":165,"column":null}},"35":{"start":{"line":154,"column":8},"end":{"line":158,"column":null}},"36":{"start":{"line":160,"column":8},"end":{"line":163,"column":null}},"37":{"start":{"line":161,"column":10},"end":{"line":161,"column":null}},"38":{"start":{"line":162,"column":10},"end":{"line":162,"column":null}},"39":{"start":{"line":164,"column":8},"end":{"line":164,"column":null}},"40":{"start":{"line":168,"column":2},"end":{"line":168,"column":null}},"41":{"start":{"line":172,"column":2},"end":{"line":172,"column":null}},"42":{"start":{"line":177,"column":20},"end":{"line":177,"column":null}},"43":{"start":{"line":178,"column":0},"end":{"line":183,"column":null}},"44":{"start":{"line":179,"column":2},"end":{"line":182,"column":null}},"45":{"start":{"line":180,"column":4},"end":{"line":180,"column":null}},"46":{"start":{"line":181,"column":4},"end":{"line":181,"column":null}}},"fnMap":{"0":{"name":"registerCommands","decl":{"start":{"line":21,"column":16},"end":{"line":21,"column":45}},"loc":{"start":{"line":21,"column":45},"end":{"line":23,"column":null}},"line":21},"1":{"name":"formatStatusOutput","decl":{"start":{"line":25,"column":16},"end":{"line":25,"column":35}},"loc":{"start":{"line":25,"column":63},"end":{"line":33,"column":null}},"line":25},"2":{"name":"doctorCheck","decl":{"start":{"line":35,"column":22},"end":{"line":35,"column":null}},"loc":{"start":{"line":37,"column":59},"end":{"line":40,"column":null}},"line":37},"3":{"name":"createProgram","decl":{"start":{"line":42,"column":16},"end":{"line":42,"column":41}},"loc":{"start":{"line":42,"column":41},"end":{"line":169,"column":null}},"line":42},"4":{"name":"(anonymous_4)","decl":{"start":{"line":58,"column":12},"end":{"line":58,"column":19}},"loc":{"start":{"line":58,"column":49},"end":{"line":74,"column":5}},"line":58},"5":{"name":"(anonymous_5)","decl":{"start":{"line":80,"column":12},"end":{"line":80,"column":19}},"loc":{"start":{"line":80,"column":49},"end":{"line":82,"column":5}},"line":80},"6":{"name":"(anonymous_6)","decl":{"start":{"line":91,"column":12},"end":{"line":91,"column":19}},"loc":{"start":{"line":91,"column":49},"end":{"line":96,"column":5}},"line":91},"7":{"name":"(anonymous_7)","decl":{"start":{"line":106,"column":12},"end":{"line":106,"column":19}},"loc":{"start":{"line":106,"column":49},"end":{"line":122,"column":5}},"line":106},"8":{"name":"(anonymous_8)","decl":{"start":{"line":130,"column":12},"end":{"line":130,"column":19}},"loc":{"start":{"line":130,"column":49},"end":{"line":144,"column":5}},"line":130},"9":{"name":"(anonymous_9)","decl":{"start":{"line":152,"column":12},"end":{"line":152,"column":19}},"loc":{"start":{"line":152,"column":31},"end":{"line":166,"column":5}},"line":152},"10":{"name":"main","decl":{"start":{"line":171,"column":15},"end":{"line":171,"column":20}},"loc":{"start":{"line":171,"column":41},"end":{"line":173,"column":null}},"line":171},"11":{"name":"(anonymous_11)","decl":{"start":{"line":179,"column":9},"end":{"line":179,"column":16}},"loc":{"start":{"line":179,"column":24},"end":{"line":182,"column":3}},"line":179}},"branchMap":{"0":{"loc":{"start":{"line":29,"column":14},"end":{"line":29,"column":null}},"type":"binary-expr","locations":[{"start":{"line":29,"column":14},"end":{"line":29,"column":40}},{"start":{"line":29,"column":40},"end":{"line":29,"column":null}}],"line":29},"1":{"loc":{"start":{"line":30,"column":16},"end":{"line":30,"column":null}},"type":"binary-expr","locations":[{"start":{"line":30,"column":16},"end":{"line":30,"column":44}},{"start":{"line":30,"column":44},"end":{"line":30,"column":null}}],"line":30},"2":{"loc":{"start":{"line":36,"column":2},"end":{"line":36,"column":null}},"type":"default-arg","locations":[{"start":{"line":36,"column":16},"end":{"line":36,"column":null}}],"line":36},"3":{"loc":{"start":{"line":58,"column":19},"end":{"line":58,"column":37}},"type":"default-arg","locations":[{"start":{"line":58,"column":32},"end":{"line":58,"column":37}}],"line":58},"4":{"loc":{"start":{"line":68,"column":8},"end":{"line":71,"column":null}},"type":"if","locations":[{"start":{"line":68,"column":8},"end":{"line":71,"column":null}},{"start":{},"end":{}}],"line":68},"5":{"loc":{"start":{"line":68,"column":12},"end":{"line":68,"column":72}},"type":"binary-expr","locations":[{"start":{"line":68,"column":12},"end":{"line":68,"column":38}},{"start":{"line":68,"column":38},"end":{"line":68,"column":72}}],"line":68},"6":{"loc":{"start":{"line":80,"column":19},"end":{"line":80,"column":37}},"type":"default-arg","locations":[{"start":{"line":80,"column":32},"end":{"line":80,"column":37}}],"line":80},"7":{"loc":{"start":{"line":91,"column":19},"end":{"line":91,"column":37}},"type":"default-arg","locations":[{"start":{"line":91,"column":32},"end":{"line":91,"column":37}}],"line":91},"8":{"loc":{"start":{"line":106,"column":19},"end":{"line":106,"column":37}},"type":"default-arg","locations":[{"start":{"line":106,"column":32},"end":{"line":106,"column":37}}],"line":106},"9":{"loc":{"start":{"line":116,"column":8},"end":{"line":119,"column":null}},"type":"if","locations":[{"start":{"line":116,"column":8},"end":{"line":119,"column":null}},{"start":{},"end":{}}],"line":116},"10":{"loc":{"start":{"line":116,"column":12},"end":{"line":116,"column":72}},"type":"binary-expr","locations":[{"start":{"line":116,"column":12},"end":{"line":116,"column":38}},{"start":{"line":116,"column":38},"end":{"line":116,"column":72}}],"line":116},"11":{"loc":{"start":{"line":130,"column":19},"end":{"line":130,"column":37}},"type":"default-arg","locations":[{"start":{"line":130,"column":32},"end":{"line":130,"column":37}}],"line":130},"12":{"loc":{"start":{"line":138,"column":8},"end":{"line":141,"column":null}},"type":"if","locations":[{"start":{"line":138,"column":8},"end":{"line":141,"column":null}},{"start":{},"end":{}}],"line":138},"13":{"loc":{"start":{"line":138,"column":12},"end":{"line":138,"column":72}},"type":"binary-expr","locations":[{"start":{"line":138,"column":12},"end":{"line":138,"column":38}},{"start":{"line":138,"column":38},"end":{"line":138,"column":72}}],"line":138},"14":{"loc":{"start":{"line":160,"column":8},"end":{"line":163,"column":null}},"type":"if","locations":[{"start":{"line":160,"column":8},"end":{"line":163,"column":null}},{"start":{},"end":{}}],"line":160},"15":{"loc":{"start":{"line":160,"column":12},"end":{"line":160,"column":72}},"type":"binary-expr","locations":[{"start":{"line":160,"column":12},"end":{"line":160,"column":38}},{"start":{"line":160,"column":38},"end":{"line":160,"column":72}}],"line":160},"16":{"loc":{"start":{"line":171,"column":20},"end":{"line":171,"column":41}},"type":"default-arg","locations":[{"start":{"line":171,"column":27},"end":{"line":171,"column":41}}],"line":171},"17":{"loc":{"start":{"line":177,"column":20},"end":{"line":177,"column":null}},"type":"binary-expr","locations":[{"start":{"line":177,"column":20},"end":{"line":177,"column":61}},{"start":{"line":177,"column":61},"end":{"line":177,"column":null}}],"line":177},"18":{"loc":{"start":{"line":178,"column":0},"end":{"line":183,"column":null}},"type":"if","locations":[{"start":{"line":178,"column":0},"end":{"line":183,"column":null}},{"start":{},"end":{}}],"line":178}},"s":{"0":1,"1":1,"2":5,"3":1,"4":0,"5":0,"6":0,"7":0,"8":0,"9":0,"10":0,"11":0,"12":0,"13":0,"14":0,"15":0,"16":0,"17":0,"18":0,"19":0,"20":0,"21":0,"22":0,"23":0,"24":0,"25":0,"26":0,"27":0,"28":0,"29":0,"30":0,"31":0,"32":0,"33":0,"34":0,"35":0,"36":0,"37":0,"38":0,"39":0,"40":0,"41":0,"42":1,"43":1,"44":0,"45":0,"46":0},"f":{"0":5,"1":1,"2":0,"3":0,"4":0,"5":0,"6":0,"7":0,"8":0,"9":0,"10":0,"11":0},"b":{"0":[1,1],"1":[1,1],"2":[0],"3":[0],"4":[0,0],"5":[0,0],"6":[0],"7":[0],"8":[0],"9":[0,0],"10":[0,0],"11":[0],"12":[0,0],"13":[0,0],"14":[0,0],"15":[0,0],"16":[0],"17":[1,1],"18":[0,1]},"meta":{"lastBranch":19,"lastFunction":12,"lastStatement":47,"seen":{"s:10:16:10:Infinity":0,"s:11:20:11:Infinity":1,"f:21:16:21:45":0,"s:22:2:22:Infinity":2,"f:25:16:25:35":1,"s:26:2:32:Infinity":3,"b:29:14:29:40:29:40:29:Infinity":0,"b:30:16:30:44:30:44:30:Infinity":1,"f:35:22:35:Infinity":2,"b:36:16:36:Infinity":2,"s:38:28:38:Infinity":4,"s:39:2:39:Infinity":5,"f:42:16:42:41":3,"s:43:18:43:Infinity":6,"s:45:2:48:Infinity":7,"s:50:2:74:Infinity":8,"f:58:12:58:19":4,"b:58:32:58:37":3,"s:59:6:73:Infinity":9,"s:60:8:66:Infinity":10,"b:68:8:71:Infinity:undefined:undefined:undefined:undefined":4,"s:68:8:71:Infinity":11,"b:68:12:68:38:68:38:68:72":5,"s:69:10:69:Infinity":12,"s:70:10:70:Infinity":13,"s:72:8:72:Infinity":14,"s:76:2:82:Infinity":15,"f:80:12:80:19":5,"b:80:32:80:37":6,"s:81:6:81:Infinity":16,"s:84:2:96:Infinity":17,"f:91:12:91:19":6,"b:91:32:91:37":7,"s:92:6:95:Infinity":18,"s:98:2:122:Infinity":19,"f:106:12:106:19":7,"b:106:32:106:37":8,"s:107:6:121:Infinity":20,"s:108:8:114:Infinity":21,"b:116:8:119:Infinity:undefined:undefined:undefined:undefined":9,"s:116:8:119:Infinity":22,"b:116:12:116:38:116:38:116:72":10,"s:117:10:117:Infinity":23,"s:118:10:118:Infinity":24,"s:120:8:120:Infinity":25,"s:124:2:144:Infinity":26,"f:130:12:130:19":8,"b:130:32:130:37":11,"s:131:6:143:Infinity":27,"s:132:8:136:Infinity":28,"b:138:8:141:Infinity:undefined:undefined:undefined:undefined":12,"s:138:8:141:Infinity":29,"b:138:12:138:38:138:38:138:72":13,"s:139:10:139:Infinity":30,"s:140:10:140:Infinity":31,"s:142:8:142:Infinity":32,"s:146:2:166:Infinity":33,"f:152:12:152:19":9,"s:153:6:165:Infinity":34,"s:154:8:158:Infinity":35,"b:160:8:163:Infinity:undefined:undefined:undefined:undefined":14,"s:160:8:163:Infinity":36,"b:160:12:160:38:160:38:160:72":15,"s:161:10:161:Infinity":37,"s:162:10:162:Infinity":38,"s:164:8:164:Infinity":39,"s:168:2:168:Infinity":40,"f:171:15:171:20":10,"b:171:27:171:41":16,"s:172:2:172:Infinity":41,"s:177:20:177:Infinity":42,"b:177:20:177:61:177:61:177:Infinity":17,"b:178:0:183:Infinity:undefined:undefined:undefined:undefined":18,"s:178:0:183:Infinity":43,"s:179:2:182:Infinity":44,"f:179:9:179:16":11,"s:180:4:180:Infinity":45,"s:181:4:181:Infinity":46},"fnNames":{}}}
,"D:\\AI\\project\\SDD\\TOOL\\DRIV-6-28\\src\\commands\\doctor.ts": {"path":"D:\\AI\\project\\SDD\\TOOL\\DRIV-6-28\\src\\commands\\doctor.ts","statementMap":{"0":{"start":{"line":18,"column":26},"end":{"line":39,"column":null}},"1":{"start":{"line":42,"column":2},"end":{"line":47,"column":null}},"2":{"start":{"line":43,"column":4},"end":{"line":43,"column":null}},"3":{"start":{"line":44,"column":4},"end":{"line":44,"column":null}},"4":{"start":{"line":46,"column":4},"end":{"line":46,"column":null}},"5":{"start":{"line":51,"column":33},"end":{"line":51,"column":null}},"6":{"start":{"line":52,"column":2},"end":{"line":61,"column":null}},"7":{"start":{"line":53,"column":24},"end":{"line":53,"column":null}},"8":{"start":{"line":54,"column":4},"end":{"line":54,"column":null}},"9":{"start":{"line":54,"column":53},"end":{"line":54,"column":null}},"10":{"start":{"line":55,"column":4},"end":{"line":55,"column":null}},"11":{"start":{"line":55,"column":27},"end":{"line":55,"column":null}},"12":{"start":{"line":56,"column":4},"end":{"line":56,"column":null}},"13":{"start":{"line":56,"column":38},"end":{"line":56,"column":null}},"14":{"start":{"line":57,"column":21},"end":{"line":57,"column":null}},"15":{"start":{"line":58,"column":4},"end":{"line":60,"column":null}},"16":{"start":{"line":59,"column":6},"end":{"line":59,"column":null}},"17":{"start":{"line":62,"column":2},"end":{"line":62,"column":null}},"18":{"start":{"line":69,"column":2},"end":{"line":69,"column":null}},"19":{"start":{"line":69,"column":27},"end":{"line":69,"column":null}},"20":{"start":{"line":70,"column":2},"end":{"line":70,"column":null}},"21":{"start":{"line":70,"column":26},"end":{"line":70,"column":null}},"22":{"start":{"line":71,"column":73},"end":{"line":73,"column":null}},"23":{"start":{"line":74,"column":2},"end":{"line":76,"column":null}},"24":{"start":{"line":75,"column":4},"end":{"line":75,"column":null}},"25":{"start":{"line":77,"column":2},"end":{"line":77,"column":null}},"26":{"start":{"line":81,"column":20},"end":{"line":81,"column":null}},"27":{"start":{"line":82,"column":2},"end":{"line":86,"column":null}},"28":{"start":{"line":90,"column":20},"end":{"line":90,"column":null}},"29":{"start":{"line":91,"column":2},"end":{"line":95,"column":null}},"30":{"start":{"line":99,"column":20},"end":{"line":99,"column":null}},"31":{"start":{"line":100,"column":2},"end":{"line":106,"column":null}},"32":{"start":{"line":110,"column":2},"end":{"line":116,"column":null}},"33":{"start":{"line":111,"column":4},"end":{"line":115,"column":null}},"34":{"start":{"line":118,"column":2},"end":{"line":120,"column":null}},"35":{"start":{"line":119,"column":4},"end":{"line":119,"column":null}},"36":{"start":{"line":122,"column":23},"end":{"line":122,"column":null}},"37":{"start":{"line":123,"column":2},"end":{"line":129,"column":null}},"38":{"start":{"line":124,"column":4},"end":{"line":128,"column":null}},"39":{"start":{"line":131,"column":2},"end":{"line":131,"column":null}},"40":{"start":{"line":135,"column":19},"end":{"line":135,"column":null}},"41":{"start":{"line":136,"column":21},"end":{"line":136,"column":null}},"42":{"start":{"line":138,"column":2},"end":{"line":140,"column":null}},"43":{"start":{"line":139,"column":4},"end":{"line":139,"column":null}},"44":{"start":{"line":141,"column":2},"end":{"line":141,"column":null}},"45":{"start":{"line":145,"column":2},"end":{"line":149,"column":null}},"46":{"start":{"line":156,"column":34},"end":{"line":156,"column":null}},"47":{"start":{"line":157,"column":19},"end":{"line":157,"column":null}},"48":{"start":{"line":159,"column":17},"end":{"line":159,"column":null}},"49":{"start":{"line":160,"column":2},"end":{"line":187,"column":null}},"50":{"start":{"line":161,"column":22},"end":{"line":161,"column":null}},"51":{"start":{"line":162,"column":4},"end":{"line":162,"column":null}},"52":{"start":{"line":162,"column":40},"end":{"line":162,"column":null}},"53":{"start":{"line":163,"column":4},"end":{"line":163,"column":null}},"54":{"start":{"line":165,"column":30},"end":{"line":165,"column":null}},"55":{"start":{"line":166,"column":22},"end":{"line":166,"column":null}},"56":{"start":{"line":167,"column":4},"end":{"line":172,"column":null}},"57":{"start":{"line":168,"column":24},"end":{"line":168,"column":null}},"58":{"start":{"line":169,"column":6},"end":{"line":171,"column":null}},"59":{"start":{"line":170,"column":8},"end":{"line":170,"column":null}},"60":{"start":{"line":174,"column":4},"end":{"line":186,"column":null}},"61":{"start":{"line":189,"column":2},"end":{"line":196,"column":null}},"62":{"start":{"line":190,"column":4},"end":{"line":195,"column":null}},"63":{"start":{"line":198,"column":2},"end":{"line":198,"column":null}},"64":{"start":{"line":202,"column":21},"end":{"line":202,"column":null}},"65":{"start":{"line":203,"column":2},"end":{"line":203,"column":null}},"66":{"start":{"line":203,"column":39},"end":{"line":203,"column":null}},"67":{"start":{"line":205,"column":18},"end":{"line":205,"column":null}},"68":{"start":{"line":206,"column":34},"end":{"line":206,"column":null}},"69":{"start":{"line":208,"column":2},"end":{"line":234,"column":null}},"70":{"start":{"line":209,"column":21},"end":{"line":209,"column":null}},"71":{"start":{"line":210,"column":4},"end":{"line":210,"column":null}},"72":{"start":{"line":210,"column":39},"end":{"line":210,"column":null}},"73":{"start":{"line":212,"column":4},"end":{"line":233,"column":null}},"74":{"start":{"line":213,"column":31},"end":{"line":213,"column":null}},"75":{"start":{"line":214,"column":18},"end":{"line":214,"column":null}},"76":{"start":{"line":215,"column":28},"end":{"line":217,"column":null}},"77":{"start":{"line":216,"column":17},"end":{"line":216,"column":null}},"78":{"start":{"line":218,"column":6},"end":{"line":226,"column":null}},"79":{"start":{"line":228,"column":6},"end":{"line":232,"column":null}},"80":{"start":{"line":236,"column":2},"end":{"line":236,"column":null}},"81":{"start":{"line":240,"column":21},"end":{"line":243,"column":null}},"82":{"start":{"line":245,"column":2},"end":{"line":255,"column":null}},"83":{"start":{"line":246,"column":4},"end":{"line":254,"column":null}},"84":{"start":{"line":247,"column":22},"end":{"line":247,"column":null}},"85":{"start":{"line":248,"column":22},"end":{"line":248,"column":null}},"86":{"start":{"line":248,"column":44},"end":{"line":248,"column":61}},"87":{"start":{"line":249,"column":6},"end":{"line":253,"column":null}},"88":{"start":{"line":257,"column":2},"end":{"line":261,"column":null}},"89":{"start":{"line":265,"column":2},"end":{"line":265,"column":null}},"90":{"start":{"line":266,"column":2},"end":{"line":269,"column":null}},"91":{"start":{"line":267,"column":17},"end":{"line":267,"column":null}},"92":{"start":{"line":268,"column":4},"end":{"line":268,"column":null}},"93":{"start":{"line":276,"column":22},"end":{"line":276,"column":null}},"94":{"start":{"line":277,"column":16},"end":{"line":277,"column":null}},"95":{"start":{"line":279,"column":34},"end":{"line":279,"column":null}},"96":{"start":{"line":280,"column":2},"end":{"line":280,"column":null}},"97":{"start":{"line":281,"column":2},"end":{"line":281,"column":null}},"98":{"start":{"line":282,"column":2},"end":{"line":282,"column":null}},"99":{"start":{"line":283,"column":2},"end":{"line":283,"column":null}},"100":{"start":{"line":284,"column":2},"end":{"line":284,"column":null}},"101":{"start":{"line":285,"column":2},"end":{"line":287,"column":null}},"102":{"start":{"line":286,"column":4},"end":{"line":286,"column":null}},"103":{"start":{"line":288,"column":2},"end":{"line":288,"column":null}},"104":{"start":{"line":289,"column":2},"end":{"line":289,"column":null}},"105":{"start":{"line":290,"column":2},"end":{"line":290,"column":null}},"106":{"start":{"line":292,"column":2},"end":{"line":296,"column":null}},"107":{"start":{"line":293,"column":4},"end":{"line":293,"column":null}},"108":{"start":{"line":295,"column":4},"end":{"line":295,"column":null}},"109":{"start":{"line":298,"column":2},"end":{"line":298,"column":null}}},"fnMap":{"0":{"name":"isCommandAvailable","decl":{"start":{"line":41,"column":9},"end":{"line":41,"column":28}},"loc":{"start":{"line":41,"column":54},"end":{"line":48,"column":null}},"line":41},"1":{"name":"collectTopLevelYamlKeys","decl":{"start":{"line":50,"column":9},"end":{"line":50,"column":33}},"loc":{"start":{"line":50,"column":64},"end":{"line":63,"column":null}},"line":50},"2":{"name":"getScopeBases","decl":{"start":{"line":65,"column":9},"end":{"line":65,"column":null}},"loc":{"start":{"line":68,"column":59},"end":{"line":78,"column":null}},"line":68},"3":{"name":"checkNode","decl":{"start":{"line":80,"column":15},"end":{"line":80,"column":50}},"loc":{"start":{"line":80,"column":50},"end":{"line":87,"column":null}},"line":80},"4":{"name":"checkGit","decl":{"start":{"line":89,"column":15},"end":{"line":89,"column":49}},"loc":{"start":{"line":89,"column":49},"end":{"line":96,"column":null}},"line":89},"5":{"name":"checkOpenSpec","decl":{"start":{"line":98,"column":15},"end":{"line":98,"column":54}},"loc":{"start":{"line":98,"column":54},"end":{"line":107,"column":null}},"line":98},"6":{"name":"checkCodeGraph","decl":{"start":{"line":109,"column":15},"end":{"line":109,"column":30}},"loc":{"start":{"line":109,"column":112},"end":{"line":132,"column":null}},"line":109},"7":{"name":"checkWorkingDirs","decl":{"start":{"line":134,"column":15},"end":{"line":134,"column":32}},"loc":{"start":{"line":134,"column":76},"end":{"line":142,"column":null}},"line":134},"8":{"name":"checkVersion","decl":{"start":{"line":144,"column":15},"end":{"line":144,"column":53}},"loc":{"start":{"line":144,"column":53},"end":{"line":150,"column":null}},"line":144},"9":{"name":"checkSkillCompleteness","decl":{"start":{"line":152,"column":15},"end":{"line":152,"column":null}},"loc":{"start":{"line":155,"column":27},"end":{"line":199,"column":null}},"line":155},"10":{"name":"checkDrivYamlValidity","decl":{"start":{"line":201,"column":15},"end":{"line":201,"column":37}},"loc":{"start":{"line":201,"column":83},"end":{"line":237,"column":null}},"line":201},"11":{"name":"(anonymous_11)","decl":{"start":{"line":215,"column":57},"end":{"line":215,"column":null}},"loc":{"start":{"line":216,"column":17},"end":{"line":216,"column":null}},"line":216},"12":{"name":"checkScriptsPresent","decl":{"start":{"line":239,"column":15},"end":{"line":239,"column":60}},"loc":{"start":{"line":239,"column":60},"end":{"line":262,"column":null}},"line":239},"13":{"name":"(anonymous_13)","decl":{"start":{"line":248,"column":30},"end":{"line":248,"column":38}},"loc":{"start":{"line":248,"column":44},"end":{"line":248,"column":61}},"line":248},"14":{"name":"formatResults","decl":{"start":{"line":264,"column":9},"end":{"line":264,"column":23}},"loc":{"start":{"line":264,"column":69},"end":{"line":270,"column":null}},"line":264},"15":{"name":"doctorCommand","decl":{"start":{"line":272,"column":22},"end":{"line":272,"column":null}},"loc":{"start":{"line":275,"column":27},"end":{"line":299,"column":null}},"line":275}},"branchMap":{"0":{"loc":{"start":{"line":54,"column":4},"end":{"line":54,"column":null}},"type":"if","locations":[{"start":{"line":54,"column":4},"end":{"line":54,"column":null}},{"start":{},"end":{}}],"line":54},"1":{"loc":{"start":{"line":54,"column":8},"end":{"line":54,"column":53}},"type":"binary-expr","locations":[{"start":{"line":54,"column":8},"end":{"line":54,"column":24}},{"start":{"line":54,"column":24},"end":{"line":54,"column":53}}],"line":54},"2":{"loc":{"start":{"line":55,"column":4},"end":{"line":55,"column":null}},"type":"if","locations":[{"start":{"line":55,"column":4},"end":{"line":55,"column":null}},{"start":{},"end":{}}],"line":55},"3":{"loc":{"start":{"line":56,"column":4},"end":{"line":56,"column":null}},"type":"if","locations":[{"start":{"line":56,"column":4},"end":{"line":56,"column":null}},{"start":{},"end":{}}],"line":56},"4":{"loc":{"start":{"line":58,"column":4},"end":{"line":60,"column":null}},"type":"if","locations":[{"start":{"line":58,"column":4},"end":{"line":60,"column":null}},{"start":{},"end":{}}],"line":58},"5":{"loc":{"start":{"line":69,"column":2},"end":{"line":69,"column":null}},"type":"if","locations":[{"start":{"line":69,"column":2},"end":{"line":69,"column":null}},{"start":{},"end":{}}],"line":69},"6":{"loc":{"start":{"line":70,"column":2},"end":{"line":70,"column":null}},"type":"if","locations":[{"start":{"line":70,"column":2},"end":{"line":70,"column":null}},{"start":{},"end":{}}],"line":70},"7":{"loc":{"start":{"line":74,"column":2},"end":{"line":76,"column":null}},"type":"if","locations":[{"start":{"line":74,"column":2},"end":{"line":76,"column":null}},{"start":{},"end":{}}],"line":74},"8":{"loc":{"start":{"line":84,"column":12},"end":{"line":84,"column":null}},"type":"cond-expr","locations":[{"start":{"line":84,"column":30},"end":{"line":84,"column":39}},{"start":{"line":84,"column":39},"end":{"line":84,"column":null}}],"line":84},"9":{"loc":{"start":{"line":93,"column":12},"end":{"line":93,"column":null}},"type":"cond-expr","locations":[{"start":{"line":93,"column":24},"end":{"line":93,"column":33}},{"start":{"line":93,"column":33},"end":{"line":93,"column":null}}],"line":93},"10":{"loc":{"start":{"line":94,"column":13},"end":{"line":94,"column":null}},"type":"cond-expr","locations":[{"start":{"line":94,"column":25},"end":{"line":94,"column":39}},{"start":{"line":94,"column":39},"end":{"line":94,"column":null}}],"line":94},"11":{"loc":{"start":{"line":102,"column":12},"end":{"line":102,"column":null}},"type":"cond-expr","locations":[{"start":{"line":102,"column":24},"end":{"line":102,"column":33}},{"start":{"line":102,"column":33},"end":{"line":102,"column":null}}],"line":102},"12":{"loc":{"start":{"line":103,"column":13},"end":{"line":105,"column":null}},"type":"cond-expr","locations":[{"start":{"line":104,"column":8},"end":{"line":104,"column":null}},{"start":{"line":105,"column":8},"end":{"line":105,"column":null}}],"line":103},"13":{"loc":{"start":{"line":110,"column":2},"end":{"line":116,"column":null}},"type":"if","locations":[{"start":{"line":110,"column":2},"end":{"line":116,"column":null}},{"start":{},"end":{}}],"line":110},"14":{"loc":{"start":{"line":118,"column":2},"end":{"line":120,"column":null}},"type":"if","locations":[{"start":{"line":118,"column":2},"end":{"line":120,"column":null}},{"start":{},"end":{}}],"line":118},"15":{"loc":{"start":{"line":123,"column":2},"end":{"line":129,"column":null}},"type":"if","locations":[{"start":{"line":123,"column":2},"end":{"line":129,"column":null}},{"start":{},"end":{}}],"line":123},"16":{"loc":{"start":{"line":138,"column":2},"end":{"line":140,"column":null}},"type":"if","locations":[{"start":{"line":138,"column":2},"end":{"line":140,"column":null}},{"start":{},"end":{}}],"line":138},"17":{"loc":{"start":{"line":162,"column":4},"end":{"line":162,"column":null}},"type":"if","locations":[{"start":{"line":162,"column":4},"end":{"line":162,"column":null}},{"start":{},"end":{}}],"line":162},"18":{"loc":{"start":{"line":166,"column":22},"end":{"line":166,"column":null}},"type":"binary-expr","locations":[{"start":{"line":166,"column":22},"end":{"line":166,"column":41}},{"start":{"line":166,"column":41},"end":{"line":166,"column":null}}],"line":166},"19":{"loc":{"start":{"line":169,"column":6},"end":{"line":171,"column":null}},"type":"if","locations":[{"start":{"line":169,"column":6},"end":{"line":171,"column":null}},{"start":{},"end":{}}],"line":169},"20":{"loc":{"start":{"line":175,"column":6},"end":{"line":185,"column":null}},"type":"cond-expr","locations":[{"start":{"line":176,"column":10},"end":{"line":180,"column":null}},{"start":{"line":181,"column":10},"end":{"line":185,"column":null}}],"line":175},"21":{"loc":{"start":{"line":189,"column":2},"end":{"line":196,"column":null}},"type":"if","locations":[{"start":{"line":189,"column":2},"end":{"line":196,"column":null}},{"start":{},"end":{}}],"line":189},"22":{"loc":{"start":{"line":192,"column":14},"end":{"line":192,"column":null}},"type":"cond-expr","locations":[{"start":{"line":192,"column":35},"end":{"line":192,"column":44}},{"start":{"line":192,"column":44},"end":{"line":192,"column":null}}],"line":192},"23":{"loc":{"start":{"line":194,"column":8},"end":{"line":194,"column":null}},"type":"cond-expr","locations":[{"start":{"line":194,"column":29},"end":{"line":194,"column":65}},{"start":{"line":194,"column":65},"end":{"line":194,"column":null}}],"line":194},"24":{"loc":{"start":{"line":203,"column":2},"end":{"line":203,"column":null}},"type":"if","locations":[{"start":{"line":203,"column":2},"end":{"line":203,"column":null}},{"start":{},"end":{}}],"line":203},"25":{"loc":{"start":{"line":210,"column":4},"end":{"line":210,"column":null}},"type":"if","locations":[{"start":{"line":210,"column":4},"end":{"line":210,"column":null}},{"start":{},"end":{}}],"line":210},"26":{"loc":{"start":{"line":219,"column":8},"end":{"line":225,"column":null}},"type":"cond-expr","locations":[{"start":{"line":220,"column":12},"end":{"line":220,"column":null}},{"start":{"line":221,"column":12},"end":{"line":225,"column":null}}],"line":219},"27":{"loc":{"start":{"line":246,"column":4},"end":{"line":254,"column":null}},"type":"if","locations":[{"start":{"line":246,"column":4},"end":{"line":254,"column":null}},{"start":{},"end":{}}],"line":246},"28":{"loc":{"start":{"line":267,"column":17},"end":{"line":267,"column":null}},"type":"cond-expr","locations":[{"start":{"line":267,"column":39},"end":{"line":267,"column":45}},{"start":{"line":267,"column":45},"end":{"line":267,"column":null}}],"line":267},"29":{"loc":{"start":{"line":267,"column":45},"end":{"line":267,"column":null}},"type":"cond-expr","locations":[{"start":{"line":267,"column":67},"end":{"line":267,"column":73}},{"start":{"line":267,"column":73},"end":{"line":267,"column":null}}],"line":267},"30":{"loc":{"start":{"line":274,"column":2},"end":{"line":274,"column":null}},"type":"default-arg","locations":[{"start":{"line":274,"column":27},"end":{"line":274,"column":null}}],"line":274},"31":{"loc":{"start":{"line":277,"column":16},"end":{"line":277,"column":null}},"type":"binary-expr","locations":[{"start":{"line":277,"column":16},"end":{"line":277,"column":33}},{"start":{"line":277,"column":33},"end":{"line":277,"column":null}}],"line":277},"32":{"loc":{"start":{"line":285,"column":2},"end":{"line":287,"column":null}},"type":"if","locations":[{"start":{"line":285,"column":2},"end":{"line":287,"column":null}},{"start":{},"end":{}}],"line":285},"33":{"loc":{"start":{"line":292,"column":2},"end":{"line":296,"column":null}},"type":"if","locations":[{"start":{"line":292,"column":2},"end":{"line":296,"column":null}},{"start":{"line":294,"column":9},"end":{"line":296,"column":null}}],"line":292}},"s":{"0":1,"1":6,"2":6,"3":6,"4":4,"5":0,"6":0,"7":0,"8":0,"9":0,"10":0,"11":0,"12":0,"13":0,"14":0,"15":0,"16":0,"17":0,"18":2,"19":0,"20":2,"21":0,"22":2,"23":2,"24":2,"25":2,"26":2,"27":2,"28":2,"29":2,"30":2,"31":2,"32":2,"33":2,"34":0,"35":0,"36":0,"37":0,"38":0,"39":0,"40":2,"41":2,"42":2,"43":0,"44":2,"45":2,"46":2,"47":2,"48":2,"49":2,"50":4,"51":4,"52":2,"53":2,"54":2,"55":2,"56":4,"57":20,"58":20,"59":0,"60":2,"61":2,"62":0,"63":2,"64":2,"65":2,"66":2,"67":0,"68":0,"69":0,"70":0,"71":0,"72":0,"73":0,"74":0,"75":0,"76":0,"77":0,"78":0,"79":0,"80":0,"81":2,"82":2,"83":4,"84":2,"85":2,"86":6,"87":2,"88":0,"89":1,"90":1,"91":8,"92":8,"93":2,"94":2,"95":2,"96":2,"97":2,"98":2,"99":2,"100":2,"101":2,"102":2,"103":2,"104":2,"105":2,"106":2,"107":1,"108":1,"109":2},"f":{"0":6,"1":0,"2":2,"3":2,"4":2,"5":2,"6":2,"7":2,"8":2,"9":2,"10":2,"11":0,"12":2,"13":6,"14":1,"15":2},"b":{"0":[0,0],"1":[0,0],"2":[0,0],"3":[0,0],"4":[0,0],"5":[0,2],"6":[0,2],"7":[2,0],"8":[2,0],"9":[2,0],"10":[2,0],"11":[0,2],"12":[0,2],"13":[2,0],"14":[0,0],"15":[0,0],"16":[0,2],"17":[2,2],"18":[2,0],"19":[0,20],"20":[2,0],"21":[0,2],"22":[0,0],"23":[0,0],"24":[2,0],"25":[0,0],"26":[0,0],"27":[2,2],"28":[5,3],"29":[2,1],"30":[2],"31":[2,2],"32":[2,0],"33":[1,1]},"meta":{"lastBranch":34,"lastFunction":16,"lastStatement":110,"seen":{"s:18:26:39:Infinity":0,"f:41:9:41:28":0,"s:42:2:47:Infinity":1,"s:43:4:43:Infinity":2,"s:44:4:44:Infinity":3,"s:46:4:46:Infinity":4,"f:50:9:50:33":1,"s:51:33:51:Infinity":5,"s:52:2:61:Infinity":6,"s:53:24:53:Infinity":7,"b:54:4:54:Infinity:undefined:undefined:undefined:undefined":0,"s:54:4:54:Infinity":8,"b:54:8:54:24:54:24:54:53":1,"s:54:53:54:Infinity":9,"b:55:4:55:Infinity:undefined:undefined:undefined:undefined":2,"s:55:4:55:Infinity":10,"s:55:27:55:Infinity":11,"b:56:4:56:Infinity:undefined:undefined:undefined:undefined":3,"s:56:4:56:Infinity":12,"s:56:38:56:Infinity":13,"s:57:21:57:Infinity":14,"b:58:4:60:Infinity:undefined:undefined:undefined:undefined":4,"s:58:4:60:Infinity":15,"s:59:6:59:Infinity":16,"s:62:2:62:Infinity":17,"f:65:9:65:Infinity":2,"b:69:2:69:Infinity:undefined:undefined:undefined:undefined":5,"s:69:2:69:Infinity":18,"s:69:27:69:Infinity":19,"b:70:2:70:Infinity:undefined:undefined:undefined:undefined":6,"s:70:2:70:Infinity":20,"s:70:26:70:Infinity":21,"s:71:73:73:Infinity":22,"b:74:2:76:Infinity:undefined:undefined:undefined:undefined":7,"s:74:2:76:Infinity":23,"s:75:4:75:Infinity":24,"s:77:2:77:Infinity":25,"f:80:15:80:50":3,"s:81:20:81:Infinity":26,"s:82:2:86:Infinity":27,"b:84:30:84:39:84:39:84:Infinity":8,"f:89:15:89:49":4,"s:90:20:90:Infinity":28,"s:91:2:95:Infinity":29,"b:93:24:93:33:93:33:93:Infinity":9,"b:94:25:94:39:94:39:94:Infinity":10,"f:98:15:98:54":5,"s:99:20:99:Infinity":30,"s:100:2:106:Infinity":31,"b:102:24:102:33:102:33:102:Infinity":11,"b:104:8:104:Infinity:105:8:105:Infinity":12,"f:109:15:109:30":6,"b:110:2:116:Infinity:undefined:undefined:undefined:undefined":13,"s:110:2:116:Infinity":32,"s:111:4:115:Infinity":33,"b:118:2:120:Infinity:undefined:undefined:undefined:undefined":14,"s:118:2:120:Infinity":34,"s:119:4:119:Infinity":35,"s:122:23:122:Infinity":36,"b:123:2:129:Infinity:undefined:undefined:undefined:undefined":15,"s:123:2:129:Infinity":37,"s:124:4:128:Infinity":38,"s:131:2:131:Infinity":39,"f:134:15:134:32":7,"s:135:19:135:Infinity":40,"s:136:21:136:Infinity":41,"b:138:2:140:Infinity:undefined:undefined:undefined:undefined":16,"s:138:2:140:Infinity":42,"s:139:4:139:Infinity":43,"s:141:2:141:Infinity":44,"f:144:15:144:53":8,"s:145:2:149:Infinity":45,"f:152:15:152:Infinity":9,"s:156:34:156:Infinity":46,"s:157:19:157:Infinity":47,"s:159:17:159:Infinity":48,"s:160:2:187:Infinity":49,"s:161:22:161:Infinity":50,"b:162:4:162:Infinity:undefined:undefined:undefined:undefined":17,"s:162:4:162:Infinity":51,"s:162:40:162:Infinity":52,"s:163:4:163:Infinity":53,"s:165:30:165:Infinity":54,"s:166:22:166:Infinity":55,"b:166:22:166:41:166:41:166:Infinity":18,"s:167:4:172:Infinity":56,"s:168:24:168:Infinity":57,"b:169:6:171:Infinity:undefined:undefined:undefined:undefined":19,"s:169:6:171:Infinity":58,"s:170:8:170:Infinity":59,"s:174:4:186:Infinity":60,"b:176:10:180:Infinity:181:10:185:Infinity":20,"b:189:2:196:Infinity:undefined:undefined:undefined:undefined":21,"s:189:2:196:Infinity":61,"s:190:4:195:Infinity":62,"b:192:35:192:44:192:44:192:Infinity":22,"b:194:29:194:65:194:65:194:Infinity":23,"s:198:2:198:Infinity":63,"f:201:15:201:37":10,"s:202:21:202:Infinity":64,"b:203:2:203:Infinity:undefined:undefined:undefined:undefined":24,"s:203:2:203:Infinity":65,"s:203:39:203:Infinity":66,"s:205:18:205:Infinity":67,"s:206:34:206:Infinity":68,"s:208:2:234:Infinity":69,"s:209:21:209:Infinity":70,"b:210:4:210:Infinity:undefined:undefined:undefined:undefined":25,"s:210:4:210:Infinity":71,"s:210:39:210:Infinity":72,"s:212:4:233:Infinity":73,"s:213:31:213:Infinity":74,"s:214:18:214:Infinity":75,"s:215:28:217:Infinity":76,"f:215:57:215:Infinity":11,"s:216:17:216:Infinity":77,"s:218:6:226:Infinity":78,"b:220:12:220:Infinity:221:12:225:Infinity":26,"s:228:6:232:Infinity":79,"s:236:2:236:Infinity":80,"f:239:15:239:60":12,"s:240:21:243:Infinity":81,"s:245:2:255:Infinity":82,"b:246:4:254:Infinity:undefined:undefined:undefined:undefined":27,"s:246:4:254:Infinity":83,"s:247:22:247:Infinity":84,"s:248:22:248:Infinity":85,"f:248:30:248:38":13,"s:248:44:248:61":86,"s:249:6:253:Infinity":87,"s:257:2:261:Infinity":88,"f:264:9:264:23":14,"s:265:2:265:Infinity":89,"s:266:2:269:Infinity":90,"s:267:17:267:Infinity":91,"b:267:39:267:45:267:45:267:Infinity":28,"b:267:67:267:73:267:73:267:Infinity":29,"s:268:4:268:Infinity":92,"f:272:22:272:Infinity":15,"b:274:27:274:Infinity":30,"s:276:22:276:Infinity":93,"s:277:16:277:Infinity":94,"b:277:16:277:33:277:33:277:Infinity":31,"s:279:34:279:Infinity":95,"s:280:2:280:Infinity":96,"s:281:2:281:Infinity":97,"s:282:2:282:Infinity":98,"s:283:2:283:Infinity":99,"s:284:2:284:Infinity":100,"b:285:2:287:Infinity:undefined:undefined:undefined:undefined":32,"s:285:2:287:Infinity":101,"s:286:4:286:Infinity":102,"s:288:2:288:Infinity":103,"s:289:2:289:Infinity":104,"s:290:2:290:Infinity":105,"b:292:2:296:Infinity:294:9:296:Infinity":33,"s:292:2:296:Infinity":106,"s:293:4:293:Infinity":107,"s:295:4:295:Infinity":108,"s:298:2:298:Infinity":109},"fnNames":{}}}
,"D:\\AI\\project\\SDD\\TOOL\\DRIV-6-28\\src\\commands\\init.ts": {"path":"D:\\AI\\project\\SDD\\TOOL\\DRIV-6-28\\src\\commands\\init.ts","statementMap":{"0":{"start":{"line":38,"column":20},"end":{"line":45,"column":null}},"1":{"start":{"line":47,"column":18},"end":{"line":50,"column":null}},"2":{"start":{"line":67,"column":2},"end":{"line":67,"column":null}},"3":{"start":{"line":68,"column":2},"end":{"line":68,"column":null}},"4":{"start":{"line":72,"column":2},"end":{"line":72,"column":null}},"5":{"start":{"line":76,"column":19},"end":{"line":76,"column":null}},"6":{"start":{"line":77,"column":2},"end":{"line":77,"column":null}},"7":{"start":{"line":81,"column":2},"end":{"line":81,"column":null}},"8":{"start":{"line":81,"column":21},"end":{"line":81,"column":null}},"9":{"start":{"line":82,"column":2},"end":{"line":82,"column":null}},"10":{"start":{"line":82,"column":31},"end":{"line":82,"column":null}},"11":{"start":{"line":84,"column":2},"end":{"line":90,"column":null}},"12":{"start":{"line":94,"column":2},"end":{"line":94,"column":null}},"13":{"start":{"line":94,"column":31},"end":{"line":94,"column":null}},"14":{"start":{"line":96,"column":17},"end":{"line":99,"column":null}},"15":{"start":{"line":98,"column":38},"end":{"line":98,"column":74}},"16":{"start":{"line":101,"column":2},"end":{"line":101,"column":null}},"17":{"start":{"line":101,"column":31},"end":{"line":101,"column":46}},"18":{"start":{"line":105,"column":18},"end":{"line":109,"column":null}},"19":{"start":{"line":105,"column":40},"end":{"line":109,"column":4}},"20":{"start":{"line":111,"column":2},"end":{"line":114,"column":null}},"21":{"start":{"line":112,"column":21},"end":{"line":112,"column":null}},"22":{"start":{"line":113,"column":4},"end":{"line":113,"column":null}},"23":{"start":{"line":116,"column":2},"end":{"line":116,"column":null}},"24":{"start":{"line":123,"column":2},"end":{"line":129,"column":null}},"25":{"start":{"line":136,"column":2},"end":{"line":143,"column":null}},"26":{"start":{"line":150,"column":17},"end":{"line":150,"column":null}},"27":{"start":{"line":151,"column":2},"end":{"line":154,"column":null}},"28":{"start":{"line":161,"column":2},"end":{"line":161,"column":null}},"29":{"start":{"line":161,"column":20},"end":{"line":161,"column":null}},"30":{"start":{"line":162,"column":2},"end":{"line":162,"column":null}},"31":{"start":{"line":162,"column":25},"end":{"line":162,"column":null}},"32":{"start":{"line":163,"column":2},"end":{"line":163,"column":null}},"33":{"start":{"line":163,"column":28},"end":{"line":163,"column":null}},"34":{"start":{"line":164,"column":2},"end":{"line":164,"column":null}},"35":{"start":{"line":164,"column":31},"end":{"line":164,"column":null}},"36":{"start":{"line":165,"column":2},"end":{"line":165,"column":null}},"37":{"start":{"line":173,"column":14},"end":{"line":173,"column":null}},"38":{"start":{"line":173,"column":35},"end":{"line":173,"column":47}},"39":{"start":{"line":174,"column":21},"end":{"line":174,"column":null}},"40":{"start":{"line":176,"column":2},"end":{"line":179,"column":null}},"41":{"start":{"line":177,"column":4},"end":{"line":177,"column":null}},"42":{"start":{"line":178,"column":4},"end":{"line":178,"column":null}},"43":{"start":{"line":181,"column":19},"end":{"line":181,"column":null}},"44":{"start":{"line":182,"column":16},"end":{"line":182,"column":null}},"45":{"start":{"line":183,"column":19},"end":{"line":183,"column":null}},"46":{"start":{"line":184,"column":30},"end":{"line":184,"column":null}},"47":{"start":{"line":186,"column":2},"end":{"line":190,"column":null}},"48":{"start":{"line":187,"column":4},"end":{"line":187,"column":null}},"49":{"start":{"line":188,"column":4},"end":{"line":188,"column":null}},"50":{"start":{"line":189,"column":4},"end":{"line":189,"column":null}},"51":{"start":{"line":192,"column":28},"end":{"line":192,"column":null}},"52":{"start":{"line":192,"column":52},"end":{"line":192,"column":86}},"53":{"start":{"line":193,"column":18},"end":{"line":193,"column":null}},"54":{"start":{"line":194,"column":32},"end":{"line":194,"column":null}},"55":{"start":{"line":195,"column":24},"end":{"line":195,"column":null}},"56":{"start":{"line":202,"column":32},"end":{"line":202,"column":null}},"57":{"start":{"line":204,"column":2},"end":{"line":226,"column":null}},"58":{"start":{"line":205,"column":20},"end":{"line":205,"column":null}},"59":{"start":{"line":206,"column":21},"end":{"line":206,"column":null}},"60":{"start":{"line":208,"column":4},"end":{"line":223,"column":null}},"61":{"start":{"line":209,"column":33},"end":{"line":211,"column":null}},"62":{"start":{"line":210,"column":44},"end":{"line":210,"column":null}},"63":{"start":{"line":213,"column":6},"end":{"line":218,"column":null}},"64":{"start":{"line":214,"column":27},"end":{"line":214,"column":null}},"65":{"start":{"line":215,"column":8},"end":{"line":217,"column":null}},"66":{"start":{"line":216,"column":10},"end":{"line":216,"column":null}},"67":{"start":{"line":220,"column":6},"end":{"line":222,"column":null}},"68":{"start":{"line":221,"column":8},"end":{"line":221,"column":null}},"69":{"start":{"line":225,"column":4},"end":{"line":225,"column":null}},"70":{"start":{"line":228,"column":2},"end":{"line":244,"column":null}},"71":{"start":{"line":229,"column":20},"end":{"line":229,"column":null}},"72":{"start":{"line":230,"column":4},"end":{"line":230,"column":null}},"73":{"start":{"line":231,"column":4},"end":{"line":231,"column":null}},"74":{"start":{"line":233,"column":25},"end":{"line":233,"column":null}},"75":{"start":{"line":234,"column":4},"end":{"line":234,"column":null}},"76":{"start":{"line":235,"column":4},"end":{"line":235,"column":null}},"77":{"start":{"line":237,"column":4},"end":{"line":240,"column":null}},"78":{"start":{"line":242,"column":4},"end":{"line":242,"column":null}},"79":{"start":{"line":243,"column":4},"end":{"line":243,"column":null}},"80":{"start":{"line":246,"column":36},"end":{"line":246,"column":null}},"81":{"start":{"line":248,"column":2},"end":{"line":285,"column":null}},"82":{"start":{"line":249,"column":37},"end":{"line":249,"column":null}},"83":{"start":{"line":250,"column":30},"end":{"line":250,"column":null}},"84":{"start":{"line":251,"column":23},"end":{"line":251,"column":null}},"85":{"start":{"line":253,"column":36},"end":{"line":253,"column":null}},"86":{"start":{"line":254,"column":6},"end":{"line":278,"column":null}},"87":{"start":{"line":255,"column":26},"end":{"line":255,"column":null}},"88":{"start":{"line":256,"column":31},"end":{"line":256,"column":null}},"89":{"start":{"line":257,"column":27},"end":{"line":257,"column":41}},"90":{"start":{"line":258,"column":30},"end":{"line":258,"column":null}},"91":{"start":{"line":260,"column":29},"end":{"line":260,"column":null}},"92":{"start":{"line":261,"column":31},"end":{"line":261,"column":null}},"93":{"start":{"line":262,"column":27},"end":{"line":262,"column":null}},"94":{"start":{"line":264,"column":28},"end":{"line":264,"column":null}},"95":{"start":{"line":265,"column":28},"end":{"line":265,"column":null}},"96":{"start":{"line":267,"column":28},"end":{"line":267,"column":null}},"97":{"start":{"line":268,"column":8},"end":{"line":268,"column":null}},"98":{"start":{"line":269,"column":8},"end":{"line":269,"column":null}},"99":{"start":{"line":270,"column":8},"end":{"line":272,"column":null}},"100":{"start":{"line":271,"column":10},"end":{"line":271,"column":null}},"101":{"start":{"line":273,"column":8},"end":{"line":275,"column":null}},"102":{"start":{"line":274,"column":10},"end":{"line":274,"column":null}},"103":{"start":{"line":277,"column":8},"end":{"line":277,"column":null}},"104":{"start":{"line":280,"column":4},"end":{"line":284,"column":null}},"105":{"start":{"line":287,"column":38},"end":{"line":287,"column":null}},"106":{"start":{"line":288,"column":2},"end":{"line":324,"column":null}},"107":{"start":{"line":289,"column":24},"end":{"line":289,"column":null}},"108":{"start":{"line":290,"column":33},"end":{"line":290,"column":null}},"109":{"start":{"line":291,"column":4},"end":{"line":323,"column":null}},"110":{"start":{"line":292,"column":6},"end":{"line":319,"column":null}},"111":{"start":{"line":293,"column":38},"end":{"line":299,"column":null}},"112":{"start":{"line":300,"column":8},"end":{"line":308,"column":null}},"113":{"start":{"line":301,"column":10},"end":{"line":301,"column":null}},"114":{"start":{"line":302,"column":10},"end":{"line":302,"column":null}},"115":{"start":{"line":303,"column":10},"end":{"line":307,"column":null}},"116":{"start":{"line":304,"column":12},"end":{"line":304,"column":null}},"117":{"start":{"line":305,"column":17},"end":{"line":307,"column":null}},"118":{"start":{"line":306,"column":12},"end":{"line":306,"column":null}},"119":{"start":{"line":311,"column":8},"end":{"line":311,"column":null}},"120":{"start":{"line":312,"column":8},"end":{"line":312,"column":null}},"121":{"start":{"line":313,"column":8},"end":{"line":313,"column":null}},"122":{"start":{"line":314,"column":8},"end":{"line":317,"column":null}},"123":{"start":{"line":318,"column":8},"end":{"line":318,"column":null}},"124":{"start":{"line":321,"column":6},"end":{"line":321,"column":null}},"125":{"start":{"line":322,"column":6},"end":{"line":322,"column":null}},"126":{"start":{"line":326,"column":41},"end":{"line":326,"column":null}},"127":{"start":{"line":327,"column":2},"end":{"line":346,"column":null}},"128":{"start":{"line":328,"column":37},"end":{"line":334,"column":null}},"129":{"start":{"line":336,"column":4},"end":{"line":345,"column":null}},"130":{"start":{"line":337,"column":6},"end":{"line":337,"column":null}},"131":{"start":{"line":338,"column":6},"end":{"line":338,"column":null}},"132":{"start":{"line":339,"column":6},"end":{"line":344,"column":null}},"133":{"start":{"line":340,"column":8},"end":{"line":340,"column":null}},"134":{"start":{"line":341,"column":13},"end":{"line":344,"column":null}},"135":{"start":{"line":342,"column":8},"end":{"line":342,"column":null}},"136":{"start":{"line":343,"column":8},"end":{"line":343,"column":null}},"137":{"start":{"line":348,"column":39},"end":{"line":348,"column":null}},"138":{"start":{"line":349,"column":2},"end":{"line":406,"column":null}},"139":{"start":{"line":351,"column":6},"end":{"line":358,"column":null}},"140":{"start":{"line":360,"column":4},"end":{"line":405,"column":null}},"141":{"start":{"line":361,"column":6},"end":{"line":361,"column":null}},"142":{"start":{"line":362,"column":6},"end":{"line":398,"column":null}},"143":{"start":{"line":363,"column":23},"end":{"line":363,"column":40}},"144":{"start":{"line":364,"column":8},"end":{"line":381,"column":null}},"145":{"start":{"line":366,"column":30},"end":{"line":366,"column":null}},"146":{"start":{"line":367,"column":10},"end":{"line":380,"column":null}},"147":{"start":{"line":368,"column":12},"end":{"line":379,"column":null}},"148":{"start":{"line":383,"column":10},"end":{"line":385,"column":null}},"149":{"start":{"line":386,"column":20},"end":{"line":386,"column":null}},"150":{"start":{"line":387,"column":8},"end":{"line":391,"column":null}},"151":{"start":{"line":392,"column":8},"end":{"line":392,"column":null}},"152":{"start":{"line":394,"column":8},"end":{"line":394,"column":null}},"153":{"start":{"line":395,"column":8},"end":{"line":395,"column":null}},"154":{"start":{"line":396,"column":8},"end":{"line":396,"column":null}},"155":{"start":{"line":397,"column":8},"end":{"line":397,"column":null}},"156":{"start":{"line":399,"column":6},"end":{"line":399,"column":null}},"157":{"start":{"line":400,"column":6},"end":{"line":402,"column":null}},"158":{"start":{"line":401,"column":8},"end":{"line":401,"column":null}},"159":{"start":{"line":404,"column":6},"end":{"line":404,"column":null}},"160":{"start":{"line":408,"column":2},"end":{"line":442,"column":null}},"161":{"start":{"line":409,"column":23},"end":{"line":426,"column":null}},"162":{"start":{"line":420,"column":40},"end":{"line":425,"column":8}},"163":{"start":{"line":427,"column":4},"end":{"line":427,"column":null}},"164":{"start":{"line":428,"column":4},"end":{"line":441,"column":null}},"165":{"start":{"line":444,"column":20},"end":{"line":444,"column":null}},"166":{"start":{"line":444,"column":42},"end":{"line":444,"column":95}},"167":{"start":{"line":445,"column":18},"end":{"line":445,"column":null}},"168":{"start":{"line":445,"column":40},"end":{"line":445,"column":89}},"169":{"start":{"line":447,"column":2},"end":{"line":447,"column":null}},"170":{"start":{"line":449,"column":2},"end":{"line":454,"column":null}},"171":{"start":{"line":450,"column":4},"end":{"line":450,"column":null}},"172":{"start":{"line":451,"column":4},"end":{"line":453,"column":null}},"173":{"start":{"line":452,"column":6},"end":{"line":452,"column":null}},"174":{"start":{"line":455,"column":2},"end":{"line":457,"column":null}},"175":{"start":{"line":456,"column":4},"end":{"line":456,"column":null}},"176":{"start":{"line":458,"column":2},"end":{"line":460,"column":null}},"177":{"start":{"line":459,"column":4},"end":{"line":459,"column":null}},"178":{"start":{"line":461,"column":2},"end":{"line":463,"column":null}},"179":{"start":{"line":462,"column":4},"end":{"line":462,"column":null}},"180":{"start":{"line":464,"column":2},"end":{"line":466,"column":null}},"181":{"start":{"line":465,"column":4},"end":{"line":465,"column":null}},"182":{"start":{"line":468,"column":2},"end":{"line":470,"column":null}},"183":{"start":{"line":469,"column":4},"end":{"line":469,"column":null}},"184":{"start":{"line":469,"column":41},"end":{"line":469,"column":56}},"185":{"start":{"line":472,"column":2},"end":{"line":472,"column":null}},"186":{"start":{"line":473,"column":2},"end":{"line":473,"column":null}},"187":{"start":{"line":474,"column":2},"end":{"line":474,"column":null}},"188":{"start":{"line":475,"column":2},"end":{"line":475,"column":null}},"189":{"start":{"line":477,"column":2},"end":{"line":490,"column":null}}},"fnMap":{"0":{"name":"printBanner","decl":{"start":{"line":66,"column":9},"end":{"line":66,"column":21}},"loc":{"start":{"line":66,"column":55},"end":{"line":69,"column":null}},"line":66},"1":{"name":"isInteractive","decl":{"start":{"line":71,"column":9},"end":{"line":71,"column":23}},"loc":{"start":{"line":71,"column":54},"end":{"line":73,"column":null}},"line":71},"2":{"name":"createWorkingDirs","decl":{"start":{"line":75,"column":15},"end":{"line":75,"column":33}},"loc":{"start":{"line":75,"column":69},"end":{"line":78,"column":null}},"line":75},"3":{"name":"selectScope","decl":{"start":{"line":80,"column":15},"end":{"line":80,"column":27}},"loc":{"start":{"line":80,"column":72},"end":{"line":91,"column":null}},"line":80},"4":{"name":"selectLanguage","decl":{"start":{"line":93,"column":15},"end":{"line":93,"column":30}},"loc":{"start":{"line":93,"column":82},"end":{"line":102,"column":null}},"line":93},"5":{"name":"(anonymous_5)","decl":{"start":{"line":98,"column":23},"end":{"line":98,"column":28}},"loc":{"start":{"line":98,"column":38},"end":{"line":98,"column":74}},"line":98},"6":{"name":"(anonymous_6)","decl":{"start":{"line":101,"column":19},"end":{"line":101,"column":25}},"loc":{"start":{"line":101,"column":31},"end":{"line":101,"column":46}},"line":101},"7":{"name":"selectPlatforms","decl":{"start":{"line":104,"column":15},"end":{"line":104,"column":31}},"loc":{"start":{"line":104,"column":95},"end":{"line":117,"column":null}},"line":104},"8":{"name":"(anonymous_8)","decl":{"start":{"line":105,"column":28},"end":{"line":105,"column":33}},"loc":{"start":{"line":105,"column":40},"end":{"line":109,"column":4}},"line":105},"9":{"name":"promptOverwriteChoice","decl":{"start":{"line":119,"column":15},"end":{"line":119,"column":null}},"loc":{"start":{"line":122,"column":33},"end":{"line":130,"column":null}},"line":122},"10":{"name":"promptBulkOverwriteChoice","decl":{"start":{"line":132,"column":15},"end":{"line":132,"column":null}},"loc":{"start":{"line":135,"column":32},"end":{"line":144,"column":null}},"line":135},"11":{"name":"applyBulkOverwriteChoice","decl":{"start":{"line":146,"column":9},"end":{"line":146,"column":null}},"loc":{"start":{"line":149,"column":5},"end":{"line":155,"column":null}},"line":149},"12":{"name":"resolveAction","decl":{"start":{"line":157,"column":9},"end":{"line":157,"column":null}},"loc":{"start":{"line":160,"column":36},"end":{"line":166,"column":null}},"line":160},"13":{"name":"initCommand","decl":{"start":{"line":168,"column":22},"end":{"line":168,"column":null}},"loc":{"start":{"line":172,"column":23},"end":{"line":491,"column":null}},"line":172},"14":{"name":"(anonymous_14)","decl":{"start":{"line":173,"column":22},"end":{"line":173,"column":35}},"loc":{"start":{"line":173,"column":35},"end":{"line":173,"column":47}},"line":173},"15":{"name":"(anonymous_15)","decl":{"start":{"line":192,"column":38},"end":{"line":192,"column":46}},"loc":{"start":{"line":192,"column":52},"end":{"line":192,"column":86}},"line":192},"16":{"name":"(anonymous_16)","decl":{"start":{"line":209,"column":87},"end":{"line":209,"column":null}},"loc":{"start":{"line":210,"column":44},"end":{"line":210,"column":null}},"line":210},"17":{"name":"(anonymous_17)","decl":{"start":{"line":420,"column":23},"end":{"line":420,"column":28}},"loc":{"start":{"line":420,"column":40},"end":{"line":425,"column":8}},"line":420},"18":{"name":"(anonymous_18)","decl":{"start":{"line":444,"column":28},"end":{"line":444,"column":36}},"loc":{"start":{"line":444,"column":42},"end":{"line":444,"column":95}},"line":444},"19":{"name":"(anonymous_19)","decl":{"start":{"line":445,"column":26},"end":{"line":445,"column":34}},"loc":{"start":{"line":445,"column":40},"end":{"line":445,"column":89}},"line":445},"20":{"name":"(anonymous_20)","decl":{"start":{"line":469,"column":30},"end":{"line":469,"column":35}},"loc":{"start":{"line":469,"column":41},"end":{"line":469,"column":56}},"line":469}},"branchMap":{"0":{"loc":{"start":{"line":72,"column":9},"end":{"line":72,"column":null}},"type":"binary-expr","locations":[{"start":{"line":72,"column":9},"end":{"line":72,"column":25}},{"start":{"line":72,"column":25},"end":{"line":72,"column":42}},{"start":{"line":72,"column":42},"end":{"line":72,"column":60}},{"start":{"line":72,"column":60},"end":{"line":72,"column":82}},{"start":{"line":72,"column":82},"end":{"line":72,"column":null}}],"line":72},"1":{"loc":{"start":{"line":81,"column":2},"end":{"line":81,"column":null}},"type":"if","locations":[{"start":{"line":81,"column":2},"end":{"line":81,"column":null}},{"start":{},"end":{}}],"line":81},"2":{"loc":{"start":{"line":82,"column":2},"end":{"line":82,"column":null}},"type":"if","locations":[{"start":{"line":82,"column":2},"end":{"line":82,"column":null}},{"start":{},"end":{}}],"line":82},"3":{"loc":{"start":{"line":94,"column":2},"end":{"line":94,"column":null}},"type":"if","locations":[{"start":{"line":94,"column":2},"end":{"line":94,"column":null}},{"start":{},"end":{}}],"line":94},"4":{"loc":{"start":{"line":101,"column":9},"end":{"line":101,"column":null}},"type":"binary-expr","locations":[{"start":{"line":101,"column":9},"end":{"line":101,"column":51}},{"start":{"line":101,"column":51},"end":{"line":101,"column":null}}],"line":101},"5":{"loc":{"start":{"line":106,"column":22},"end":{"line":106,"column":null}},"type":"cond-expr","locations":[{"start":{"line":106,"column":43},"end":{"line":106,"column":59}},{"start":{"line":106,"column":59},"end":{"line":106,"column":null}}],"line":106},"6":{"loc":{"start":{"line":111,"column":2},"end":{"line":114,"column":null}},"type":"if","locations":[{"start":{"line":111,"column":2},"end":{"line":114,"column":null}},{"start":{},"end":{}}],"line":111},"7":{"loc":{"start":{"line":113,"column":11},"end":{"line":113,"column":null}},"type":"cond-expr","locations":[{"start":{"line":113,"column":33},"end":{"line":113,"column":44}},{"start":{"line":113,"column":44},"end":{"line":113,"column":null}}],"line":113},"8":{"loc":{"start":{"line":150,"column":17},"end":{"line":150,"column":null}},"type":"cond-expr","locations":[{"start":{"line":150,"column":46},"end":{"line":150,"column":60}},{"start":{"line":150,"column":60},"end":{"line":150,"column":null}}],"line":150},"9":{"loc":{"start":{"line":153,"column":16},"end":{"line":153,"column":null}},"type":"cond-expr","locations":[{"start":{"line":153,"column":48},"end":{"line":153,"column":57}},{"start":{"line":153,"column":57},"end":{"line":153,"column":null}}],"line":153},"10":{"loc":{"start":{"line":161,"column":2},"end":{"line":161,"column":null}},"type":"if","locations":[{"start":{"line":161,"column":2},"end":{"line":161,"column":null}},{"start":{},"end":{}}],"line":161},"11":{"loc":{"start":{"line":162,"column":2},"end":{"line":162,"column":null}},"type":"if","locations":[{"start":{"line":162,"column":2},"end":{"line":162,"column":null}},{"start":{},"end":{}}],"line":162},"12":{"loc":{"start":{"line":163,"column":2},"end":{"line":163,"column":null}},"type":"if","locations":[{"start":{"line":163,"column":2},"end":{"line":163,"column":null}},{"start":{},"end":{}}],"line":163},"13":{"loc":{"start":{"line":164,"column":2},"end":{"line":164,"column":null}},"type":"if","locations":[{"start":{"line":164,"column":2},"end":{"line":164,"column":null}},{"start":{},"end":{}}],"line":164},"14":{"loc":{"start":{"line":171,"column":2},"end":{"line":171,"column":null}},"type":"default-arg","locations":[{"start":{"line":171,"column":25},"end":{"line":171,"column":null}}],"line":171},"15":{"loc":{"start":{"line":173,"column":14},"end":{"line":173,"column":null}},"type":"cond-expr","locations":[{"start":{"line":173,"column":22},"end":{"line":173,"column":47}},{"start":{"line":173,"column":47},"end":{"line":173,"column":null}}],"line":173},"16":{"loc":{"start":{"line":176,"column":2},"end":{"line":179,"column":null}},"type":"if","locations":[{"start":{"line":176,"column":2},"end":{"line":179,"column":null}},{"start":{},"end":{}}],"line":176},"17":{"loc":{"start":{"line":186,"column":2},"end":{"line":190,"column":null}},"type":"if","locations":[{"start":{"line":186,"column":2},"end":{"line":190,"column":null}},{"start":{},"end":{}}],"line":186},"18":{"loc":{"start":{"line":187,"column":20},"end":{"line":187,"column":63}},"type":"cond-expr","locations":[{"start":{"line":187,"column":41},"end":{"line":187,"column":52}},{"start":{"line":187,"column":52},"end":{"line":187,"column":63}}],"line":187},"19":{"loc":{"start":{"line":189,"column":24},"end":{"line":189,"column":97}},"type":"cond-expr","locations":[{"start":{"line":189,"column":57},"end":{"line":189,"column":90}},{"start":{"line":189,"column":90},"end":{"line":189,"column":97}}],"line":189},"20":{"loc":{"start":{"line":208,"column":4},"end":{"line":223,"column":null}},"type":"if","locations":[{"start":{"line":208,"column":4},"end":{"line":223,"column":null}},{"start":{},"end":{}}],"line":208},"21":{"loc":{"start":{"line":209,"column":34},"end":{"line":209,"column":85}},"type":"cond-expr","locations":[{"start":{"line":209,"column":72},"end":{"line":209,"column":81}},{"start":{"line":209,"column":81},"end":{"line":209,"column":85}}],"line":209},"22":{"loc":{"start":{"line":209,"column":34},"end":{"line":209,"column":72}},"type":"binary-expr","locations":[{"start":{"line":209,"column":34},"end":{"line":209,"column":45}},{"start":{"line":209,"column":45},"end":{"line":209,"column":72}}],"line":209},"23":{"loc":{"start":{"line":213,"column":6},"end":{"line":218,"column":null}},"type":"if","locations":[{"start":{"line":213,"column":6},"end":{"line":218,"column":null}},{"start":{},"end":{}}],"line":213},"24":{"loc":{"start":{"line":215,"column":8},"end":{"line":217,"column":null}},"type":"if","locations":[{"start":{"line":215,"column":8},"end":{"line":217,"column":null}},{"start":{},"end":{}}],"line":215},"25":{"loc":{"start":{"line":220,"column":6},"end":{"line":222,"column":null}},"type":"if","locations":[{"start":{"line":220,"column":6},"end":{"line":222,"column":null}},{"start":{},"end":{}}],"line":220},"26":{"loc":{"start":{"line":220,"column":10},"end":{"line":220,"column":47}},"type":"binary-expr","locations":[{"start":{"line":220,"column":10},"end":{"line":220,"column":38}},{"start":{"line":220,"column":38},"end":{"line":220,"column":47}}],"line":220},"27":{"loc":{"start":{"line":228,"column":2},"end":{"line":244,"column":null}},"type":"if","locations":[{"start":{"line":228,"column":2},"end":{"line":244,"column":null}},{"start":{},"end":{}}],"line":228},"28":{"loc":{"start":{"line":238,"column":17},"end":{"line":238,"column":null}},"type":"binary-expr","locations":[{"start":{"line":238,"column":17},"end":{"line":238,"column":38}},{"start":{"line":238,"column":38},"end":{"line":238,"column":null}}],"line":238},"29":{"loc":{"start":{"line":239,"column":20},"end":{"line":239,"column":null}},"type":"binary-expr","locations":[{"start":{"line":239,"column":20},"end":{"line":239,"column":45}},{"start":{"line":239,"column":45},"end":{"line":239,"column":null}}],"line":239},"30":{"loc":{"start":{"line":239,"column":45},"end":{"line":239,"column":null}},"type":"cond-expr","locations":[{"start":{"line":239,"column":59},"end":{"line":239,"column":66}},{"start":{"line":239,"column":66},"end":{"line":239,"column":null}}],"line":239},"31":{"loc":{"start":{"line":251,"column":26},"end":{"line":251,"column":59}},"type":"cond-expr","locations":[{"start":{"line":251,"column":47},"end":{"line":251,"column":54}},{"start":{"line":251,"column":54},"end":{"line":251,"column":59}}],"line":251},"32":{"loc":{"start":{"line":254,"column":6},"end":{"line":278,"column":null}},"type":"if","locations":[{"start":{"line":254,"column":6},"end":{"line":278,"column":null}},{"start":{"line":276,"column":13},"end":{"line":278,"column":null}}],"line":254},"33":{"loc":{"start":{"line":268,"column":21},"end":{"line":268,"column":null}},"type":"cond-expr","locations":[{"start":{"line":268,"column":64},"end":{"line":268,"column":78}},{"start":{"line":268,"column":78},"end":{"line":268,"column":null}}],"line":268},"34":{"loc":{"start":{"line":268,"column":21},"end":{"line":268,"column":64}},"type":"binary-expr","locations":[{"start":{"line":268,"column":21},"end":{"line":268,"column":40}},{"start":{"line":268,"column":40},"end":{"line":268,"column":64}}],"line":268},"35":{"loc":{"start":{"line":270,"column":8},"end":{"line":272,"column":null}},"type":"if","locations":[{"start":{"line":270,"column":8},"end":{"line":272,"column":null}},{"start":{},"end":{}}],"line":270},"36":{"loc":{"start":{"line":273,"column":8},"end":{"line":275,"column":null}},"type":"if","locations":[{"start":{"line":273,"column":8},"end":{"line":275,"column":null}},{"start":{},"end":{}}],"line":273},"37":{"loc":{"start":{"line":288,"column":2},"end":{"line":324,"column":null}},"type":"if","locations":[{"start":{"line":288,"column":2},"end":{"line":324,"column":null}},{"start":{},"end":{}}],"line":288},"38":{"loc":{"start":{"line":291,"column":4},"end":{"line":323,"column":null}},"type":"if","locations":[{"start":{"line":291,"column":4},"end":{"line":323,"column":null}},{"start":{"line":320,"column":11},"end":{"line":323,"column":null}}],"line":291},"39":{"loc":{"start":{"line":292,"column":6},"end":{"line":319,"column":null}},"type":"if","locations":[{"start":{"line":292,"column":6},"end":{"line":319,"column":null}},{"start":{"line":309,"column":13},"end":{"line":319,"column":null}}],"line":292},"40":{"loc":{"start":{"line":292,"column":10},"end":{"line":292,"column":51}},"type":"binary-expr","locations":[{"start":{"line":292,"column":10},"end":{"line":292,"column":27}},{"start":{"line":292,"column":27},"end":{"line":292,"column":51}}],"line":292},"41":{"loc":{"start":{"line":300,"column":8},"end":{"line":308,"column":null}},"type":"if","locations":[{"start":{"line":300,"column":8},"end":{"line":308,"column":null}},{"start":{},"end":{}}],"line":300},"42":{"loc":{"start":{"line":303,"column":10},"end":{"line":307,"column":null}},"type":"if","locations":[{"start":{"line":303,"column":10},"end":{"line":307,"column":null}},{"start":{"line":305,"column":17},"end":{"line":307,"column":null}}],"line":303},"43":{"loc":{"start":{"line":305,"column":17},"end":{"line":307,"column":null}},"type":"if","locations":[{"start":{"line":305,"column":17},"end":{"line":307,"column":null}},{"start":{},"end":{}}],"line":305},"44":{"loc":{"start":{"line":327,"column":2},"end":{"line":346,"column":null}},"type":"if","locations":[{"start":{"line":327,"column":2},"end":{"line":346,"column":null}},{"start":{},"end":{}}],"line":327},"45":{"loc":{"start":{"line":327,"column":6},"end":{"line":327,"column":81}},"type":"binary-expr","locations":[{"start":{"line":327,"column":6},"end":{"line":327,"column":23}},{"start":{"line":327,"column":23},"end":{"line":327,"column":49}},{"start":{"line":327,"column":49},"end":{"line":327,"column":81}}],"line":327},"46":{"loc":{"start":{"line":336,"column":4},"end":{"line":345,"column":null}},"type":"if","locations":[{"start":{"line":336,"column":4},"end":{"line":345,"column":null}},{"start":{},"end":{}}],"line":336},"47":{"loc":{"start":{"line":339,"column":6},"end":{"line":344,"column":null}},"type":"if","locations":[{"start":{"line":339,"column":6},"end":{"line":344,"column":null}},{"start":{"line":341,"column":13},"end":{"line":344,"column":null}}],"line":339},"48":{"loc":{"start":{"line":341,"column":13},"end":{"line":344,"column":null}},"type":"if","locations":[{"start":{"line":341,"column":13},"end":{"line":344,"column":null}},{"start":{},"end":{}}],"line":341},"49":{"loc":{"start":{"line":349,"column":2},"end":{"line":406,"column":null}},"type":"if","locations":[{"start":{"line":349,"column":2},"end":{"line":406,"column":null}},{"start":{},"end":{}}],"line":349},"50":{"loc":{"start":{"line":349,"column":6},"end":{"line":349,"column":47}},"type":"binary-expr","locations":[{"start":{"line":349,"column":6},"end":{"line":349,"column":23}},{"start":{"line":349,"column":23},"end":{"line":349,"column":47}}],"line":349},"51":{"loc":{"start":{"line":351,"column":6},"end":{"line":358,"column":null}},"type":"binary-expr","locations":[{"start":{"line":351,"column":6},"end":{"line":351,"column":null}},{"start":{"line":352,"column":7},"end":{"line":358,"column":null}}],"line":351},"52":{"loc":{"start":{"line":360,"column":4},"end":{"line":405,"column":null}},"type":"if","locations":[{"start":{"line":360,"column":4},"end":{"line":405,"column":null}},{"start":{"line":403,"column":11},"end":{"line":405,"column":null}}],"line":360},"53":{"loc":{"start":{"line":364,"column":8},"end":{"line":381,"column":null}},"type":"if","locations":[{"start":{"line":364,"column":8},"end":{"line":381,"column":null}},{"start":{},"end":{}}],"line":364},"54":{"loc":{"start":{"line":367,"column":10},"end":{"line":380,"column":null}},"type":"if","locations":[{"start":{"line":367,"column":10},"end":{"line":380,"column":null}},{"start":{},"end":{}}],"line":367},"55":{"loc":{"start":{"line":383,"column":10},"end":{"line":385,"column":null}},"type":"cond-expr","locations":[{"start":{"line":384,"column":14},"end":{"line":384,"column":null}},{"start":{"line":385,"column":14},"end":{"line":385,"column":null}}],"line":383},"56":{"loc":{"start":{"line":386,"column":20},"end":{"line":386,"column":null}},"type":"cond-expr","locations":[{"start":{"line":386,"column":41},"end":{"line":386,"column":56}},{"start":{"line":386,"column":56},"end":{"line":386,"column":null}}],"line":386},"57":{"loc":{"start":{"line":408,"column":2},"end":{"line":442,"column":null}},"type":"if","locations":[{"start":{"line":408,"column":2},"end":{"line":442,"column":null}},{"start":{},"end":{}}],"line":408},"58":{"loc":{"start":{"line":444,"column":42},"end":{"line":444,"column":95}},"type":"binary-expr","locations":[{"start":{"line":444,"column":42},"end":{"line":444,"column":68}},{"start":{"line":444,"column":68},"end":{"line":444,"column":95}}],"line":444},"59":{"loc":{"start":{"line":445,"column":40},"end":{"line":445,"column":89}},"type":"binary-expr","locations":[{"start":{"line":445,"column":40},"end":{"line":445,"column":64}},{"start":{"line":445,"column":64},"end":{"line":445,"column":89}}],"line":445},"60":{"loc":{"start":{"line":447,"column":42},"end":{"line":447,"column":88}},"type":"cond-expr","locations":[{"start":{"line":447,"column":63},"end":{"line":447,"column":78}},{"start":{"line":447,"column":78},"end":{"line":447,"column":88}}],"line":447},"61":{"loc":{"start":{"line":449,"column":2},"end":{"line":454,"column":null}},"type":"if","locations":[{"start":{"line":449,"column":2},"end":{"line":454,"column":null}},{"start":{},"end":{}}],"line":449},"62":{"loc":{"start":{"line":455,"column":2},"end":{"line":457,"column":null}},"type":"if","locations":[{"start":{"line":455,"column":2},"end":{"line":457,"column":null}},{"start":{},"end":{}}],"line":455},"63":{"loc":{"start":{"line":458,"column":2},"end":{"line":460,"column":null}},"type":"if","locations":[{"start":{"line":458,"column":2},"end":{"line":460,"column":null}},{"start":{},"end":{}}],"line":458},"64":{"loc":{"start":{"line":461,"column":2},"end":{"line":463,"column":null}},"type":"if","locations":[{"start":{"line":461,"column":2},"end":{"line":463,"column":null}},{"start":{},"end":{}}],"line":461},"65":{"loc":{"start":{"line":464,"column":2},"end":{"line":466,"column":null}},"type":"if","locations":[{"start":{"line":464,"column":2},"end":{"line":466,"column":null}},{"start":{},"end":{}}],"line":464},"66":{"loc":{"start":{"line":468,"column":2},"end":{"line":470,"column":null}},"type":"if","locations":[{"start":{"line":468,"column":2},"end":{"line":470,"column":null}},{"start":{},"end":{}}],"line":468}},"s":{"0":2,"1":2,"2":18,"3":18,"4":117,"5":18,"6":18,"7":19,"8":7,"9":12,"10":12,"11":0,"12":19,"13":19,"14":0,"15":0,"16":0,"17":0,"18":19,"19":551,"20":19,"21":19,"22":19,"23":0,"24":0,"25":0,"26":0,"27":0,"28":19,"29":14,"30":5,"31":3,"32":2,"33":2,"34":0,"35":0,"36":0,"37":19,"38":2,"39":19,"40":19,"41":18,"42":18,"43":19,"44":19,"45":19,"46":19,"47":19,"48":18,"49":18,"50":18,"51":19,"52":551,"53":19,"54":19,"55":19,"56":19,"57":19,"58":19,"59":19,"60":19,"61":0,"62":0,"63":0,"64":0,"65":0,"66":0,"67":0,"68":0,"69":19,"70":19,"71":18,"72":18,"73":18,"74":18,"75":18,"76":18,"77":18,"78":18,"79":18,"80":19,"81":19,"82":19,"83":19,"84":19,"85":19,"86":19,"87":17,"88":17,"89":17,"90":17,"91":17,"92":17,"93":17,"94":17,"95":17,"96":17,"97":17,"98":17,"99":17,"100":16,"101":17,"102":0,"103":2,"104":19,"105":19,"106":19,"107":18,"108":18,"109":18,"110":13,"111":0,"112":0,"113":0,"114":0,"115":0,"116":0,"117":0,"118":0,"119":13,"120":13,"121":13,"122":13,"123":13,"124":5,"125":5,"126":19,"127":19,"128":0,"129":0,"130":0,"131":0,"132":0,"133":0,"134":0,"135":0,"136":0,"137":19,"138":19,"139":0,"140":0,"141":0,"142":0,"143":0,"144":0,"145":0,"146":0,"147":0,"148":0,"149":0,"150":0,"151":0,"152":0,"153":0,"154":0,"155":0,"156":0,"157":0,"158":0,"159":0,"160":19,"161":1,"162":1,"163":1,"164":1,"165":18,"166":18,"167":18,"168":18,"169":18,"170":19,"171":15,"172":15,"173":15,"174":18,"175":15,"176":18,"177":12,"178":18,"179":0,"180":18,"181":0,"182":18,"183":3,"184":3,"185":18,"186":18,"187":18,"188":18,"189":18},"f":{"0":18,"1":117,"2":18,"3":19,"4":19,"5":0,"6":0,"7":19,"8":551,"9":0,"10":0,"11":0,"12":19,"13":19,"14":2,"15":551,"16":0,"17":1,"18":18,"19":18,"20":3},"b":{"0":[117,117,113,72,12],"1":[7,12],"2":[12,0],"3":[19,0],"4":[0,0],"5":[5,546],"6":[19,0],"7":[5,14],"8":[0,0],"9":[0,0],"10":[14,5],"11":[3,2],"12":[2,0],"13":[0,0],"14":[19],"15":[2,18],"16":[18,1],"17":[18,1],"18":[1,17],"19":[18,0],"20":[0,19],"21":[0,0],"22":[0,0],"23":[0,0],"24":[0,0],"25":[0,0],"26":[0,0],"27":[18,1],"28":[18,7],"29":[18,16],"30":[0,16],"31":[1,18],"32":[17,2],"33":[16,1],"34":[17,1],"35":[16,1],"36":[0,17],"37":[18,1],"38":[13,5],"39":[0,13],"40":[13,12],"41":[0,0],"42":[0,0],"43":[0,0],"44":[0,19],"45":[19,18,0],"46":[0,0],"47":[0,0],"48":[0,0],"49":[0,19],"50":[19,18],"51":[0,0],"52":[0,0],"53":[0,0],"54":[0,0],"55":[0,0],"56":[0,0],"57":[1,18],"58":[18,3],"59":[18,3],"60":[1,17],"61":[15,4],"62":[15,3],"63":[12,6],"64":[0,18],"65":[0,18],"66":[3,15]},"meta":{"lastBranch":67,"lastFunction":21,"lastStatement":190,"seen":{"s:38:20:45:Infinity":0,"s:47:18:50:Infinity":1,"f:66:9:66:21":0,"s:67:2:67:Infinity":2,"s:68:2:68:Infinity":3,"f:71:9:71:23":1,"s:72:2:72:Infinity":4,"b:72:9:72:25:72:25:72:42:72:42:72:60:72:60:72:82:72:82:72:Infinity":0,"f:75:15:75:33":2,"s:76:19:76:Infinity":5,"s:77:2:77:Infinity":6,"f:80:15:80:27":3,"b:81:2:81:Infinity:undefined:undefined:undefined:undefined":1,"s:81:2:81:Infinity":7,"s:81:21:81:Infinity":8,"b:82:2:82:Infinity:undefined:undefined:undefined:undefined":2,"s:82:2:82:Infinity":9,"s:82:31:82:Infinity":10,"s:84:2:90:Infinity":11,"f:93:15:93:30":4,"b:94:2:94:Infinity:undefined:undefined:undefined:undefined":3,"s:94:2:94:Infinity":12,"s:94:31:94:Infinity":13,"s:96:17:99:Infinity":14,"f:98:23:98:28":5,"s:98:38:98:74":15,"s:101:2:101:Infinity":16,"b:101:9:101:51:101:51:101:Infinity":4,"f:101:19:101:25":6,"s:101:31:101:46":17,"f:104:15:104:31":7,"s:105:18:109:Infinity":18,"f:105:28:105:33":8,"s:105:40:109:4":19,"b:106:43:106:59:106:59:106:Infinity":5,"b:111:2:114:Infinity:undefined:undefined:undefined:undefined":6,"s:111:2:114:Infinity":20,"s:112:21:112:Infinity":21,"s:113:4:113:Infinity":22,"b:113:33:113:44:113:44:113:Infinity":7,"s:116:2:116:Infinity":23,"f:119:15:119:Infinity":9,"s:123:2:129:Infinity":24,"f:132:15:132:Infinity":10,"s:136:2:143:Infinity":25,"f:146:9:146:Infinity":11,"s:150:17:150:Infinity":26,"b:150:46:150:60:150:60:150:Infinity":8,"s:151:2:154:Infinity":27,"b:153:48:153:57:153:57:153:Infinity":9,"f:157:9:157:Infinity":12,"b:161:2:161:Infinity:undefined:undefined:undefined:undefined":10,"s:161:2:161:Infinity":28,"s:161:20:161:Infinity":29,"b:162:2:162:Infinity:undefined:undefined:undefined:undefined":11,"s:162:2:162:Infinity":30,"s:162:25:162:Infinity":31,"b:163:2:163:Infinity:undefined:undefined:undefined:undefined":12,"s:163:2:163:Infinity":32,"s:163:28:163:Infinity":33,"b:164:2:164:Infinity:undefined:undefined:undefined:undefined":13,"s:164:2:164:Infinity":34,"s:164:31:164:Infinity":35,"s:165:2:165:Infinity":36,"f:168:22:168:Infinity":13,"b:171:25:171:Infinity":14,"s:173:14:173:Infinity":37,"b:173:22:173:47:173:47:173:Infinity":15,"f:173:22:173:35":14,"s:173:35:173:47":38,"s:174:21:174:Infinity":39,"b:176:2:179:Infinity:undefined:undefined:undefined:undefined":16,"s:176:2:179:Infinity":40,"s:177:4:177:Infinity":41,"s:178:4:178:Infinity":42,"s:181:19:181:Infinity":43,"s:182:16:182:Infinity":44,"s:183:19:183:Infinity":45,"s:184:30:184:Infinity":46,"b:186:2:190:Infinity:undefined:undefined:undefined:undefined":17,"s:186:2:190:Infinity":47,"s:187:4:187:Infinity":48,"b:187:41:187:52:187:52:187:63":18,"s:188:4:188:Infinity":49,"s:189:4:189:Infinity":50,"b:189:57:189:90:189:90:189:97":19,"s:192:28:192:Infinity":51,"f:192:38:192:46":15,"s:192:52:192:86":52,"s:193:18:193:Infinity":53,"s:194:32:194:Infinity":54,"s:195:24:195:Infinity":55,"s:202:32:202:Infinity":56,"s:204:2:226:Infinity":57,"s:205:20:205:Infinity":58,"s:206:21:206:Infinity":59,"b:208:4:223:Infinity:undefined:undefined:undefined:undefined":20,"s:208:4:223:Infinity":60,"s:209:33:211:Infinity":61,"b:209:72:209:81:209:81:209:85":21,"b:209:34:209:45:209:45:209:72":22,"f:209:87:209:Infinity":16,"s:210:44:210:Infinity":62,"b:213:6:218:Infinity:undefined:undefined:undefined:undefined":23,"s:213:6:218:Infinity":63,"s:214:27:214:Infinity":64,"b:215:8:217:Infinity:undefined:undefined:undefined:undefined":24,"s:215:8:217:Infinity":65,"s:216:10:216:Infinity":66,"b:220:6:222:Infinity:undefined:undefined:undefined:undefined":25,"s:220:6:222:Infinity":67,"b:220:10:220:38:220:38:220:47":26,"s:221:8:221:Infinity":68,"s:225:4:225:Infinity":69,"b:228:2:244:Infinity:undefined:undefined:undefined:undefined":27,"s:228:2:244:Infinity":70,"s:229:20:229:Infinity":71,"s:230:4:230:Infinity":72,"s:231:4:231:Infinity":73,"s:233:25:233:Infinity":74,"s:234:4:234:Infinity":75,"s:235:4:235:Infinity":76,"s:237:4:240:Infinity":77,"b:238:17:238:38:238:38:238:Infinity":28,"b:239:20:239:45:239:45:239:Infinity":29,"b:239:59:239:66:239:66:239:Infinity":30,"s:242:4:242:Infinity":78,"s:243:4:243:Infinity":79,"s:246:36:246:Infinity":80,"s:248:2:285:Infinity":81,"s:249:37:249:Infinity":82,"s:250:30:250:Infinity":83,"s:251:23:251:Infinity":84,"b:251:47:251:54:251:54:251:59":31,"s:253:36:253:Infinity":85,"b:254:6:278:Infinity:276:13:278:Infinity":32,"s:254:6:278:Infinity":86,"s:255:26:255:Infinity":87,"s:256:31:256:Infinity":88,"s:257:27:257:41":89,"s:258:30:258:Infinity":90,"s:260:29:260:Infinity":91,"s:261:31:261:Infinity":92,"s:262:27:262:Infinity":93,"s:264:28:264:Infinity":94,"s:265:28:265:Infinity":95,"s:267:28:267:Infinity":96,"s:268:8:268:Infinity":97,"b:268:64:268:78:268:78:268:Infinity":33,"b:268:21:268:40:268:40:268:64":34,"s:269:8:269:Infinity":98,"b:270:8:272:Infinity:undefined:undefined:undefined:undefined":35,"s:270:8:272:Infinity":99,"s:271:10:271:Infinity":100,"b:273:8:275:Infinity:undefined:undefined:undefined:undefined":36,"s:273:8:275:Infinity":101,"s:274:10:274:Infinity":102,"s:277:8:277:Infinity":103,"s:280:4:284:Infinity":104,"s:287:38:287:Infinity":105,"b:288:2:324:Infinity:undefined:undefined:undefined:undefined":37,"s:288:2:324:Infinity":106,"s:289:24:289:Infinity":107,"s:290:33:290:Infinity":108,"b:291:4:323:Infinity:320:11:323:Infinity":38,"s:291:4:323:Infinity":109,"b:292:6:319:Infinity:309:13:319:Infinity":39,"s:292:6:319:Infinity":110,"b:292:10:292:27:292:27:292:51":40,"s:293:38:299:Infinity":111,"b:300:8:308:Infinity:undefined:undefined:undefined:undefined":41,"s:300:8:308:Infinity":112,"s:301:10:301:Infinity":113,"s:302:10:302:Infinity":114,"b:303:10:307:Infinity:305:17:307:Infinity":42,"s:303:10:307:Infinity":115,"s:304:12:304:Infinity":116,"b:305:17:307:Infinity:undefined:undefined:undefined:undefined":43,"s:305:17:307:Infinity":117,"s:306:12:306:Infinity":118,"s:311:8:311:Infinity":119,"s:312:8:312:Infinity":120,"s:313:8:313:Infinity":121,"s:314:8:317:Infinity":122,"s:318:8:318:Infinity":123,"s:321:6:321:Infinity":124,"s:322:6:322:Infinity":125,"s:326:41:326:Infinity":126,"b:327:2:346:Infinity:undefined:undefined:undefined:undefined":44,"s:327:2:346:Infinity":127,"b:327:6:327:23:327:23:327:49:327:49:327:8
[...]
ne":132,"column":17},"end":{"line":132,"column":29}},"loc":{"start":{"line":132,"column":76},"end":{"line":168,"column":null}},"line":132},"22":{"name":"(anonymous_22)","decl":{"start":{"line":142,"column":24},"end":{"line":142,"column":null}},"loc":{"start":{"line":143,"column":23},"end":{"line":143,"column":null}},"line":143}},"branchMap":{"0":{"loc":{"start":{"line":6,"column":9},"end":{"line":6,"column":null}},"type":"binary-expr","locations":[{"start":{"line":6,"column":9},"end":{"line":6,"column":34}},{"start":{"line":6,"column":34},"end":{"line":6,"column":null}}],"line":6},"1":{"loc":{"start":{"line":22,"column":4},"end":{"line":24,"column":null}},"type":"if","locations":[{"start":{"line":22,"column":4},"end":{"line":24,"column":null}},{"start":{},"end":{}}],"line":22},"2":{"loc":{"start":{"line":31,"column":4},"end":{"line":33,"column":null}},"type":"if","locations":[{"start":{"line":31,"column":4},"end":{"line":33,"column":null}},{"start":{},"end":{}}],"line":31},"3":{"loc":{"start":{"line":125,"column":2},"end":{"line":125,"column":null}},"type":"default-arg","locations":[{"start":{"line":125,"column":80},"end":{"line":125,"column":null}}],"line":125},"4":{"loc":{"start":{"line":141,"column":6},"end":{"line":147,"column":null}},"type":"if","locations":[{"start":{"line":141,"column":6},"end":{"line":147,"column":null}},{"start":{},"end":{}}],"line":141},"5":{"loc":{"start":{"line":143,"column":23},"end":{"line":143,"column":null}},"type":"binary-expr","locations":[{"start":{"line":143,"column":23},"end":{"line":143,"column":50}},{"start":{"line":143,"column":50},"end":{"line":143,"column":null}}],"line":143},"6":{"loc":{"start":{"line":149,"column":6},"end":{"line":152,"column":null}},"type":"if","locations":[{"start":{"line":149,"column":6},"end":{"line":152,"column":null}},{"start":{},"end":{}}],"line":149},"7":{"loc":{"start":{"line":155,"column":6},"end":{"line":158,"column":null}},"type":"if","locations":[{"start":{"line":155,"column":6},"end":{"line":158,"column":null}},{"start":{},"end":{}}],"line":155},"8":{"loc":{"start":{"line":155,"column":10},"end":{"line":155,"column":42}},"type":"binary-expr","locations":[{"start":{"line":155,"column":10},"end":{"line":155,"column":20}},{"start":{"line":155,"column":20},"end":{"line":155,"column":42}}],"line":155},"9":{"loc":{"start":{"line":159,"column":6},"end":{"line":162,"column":null}},"type":"if","locations":[{"start":{"line":159,"column":6},"end":{"line":162,"column":null}},{"start":{},"end":{}}],"line":159},"10":{"loc":{"start":{"line":159,"column":10},"end":{"line":159,"column":40}},"type":"binary-expr","locations":[{"start":{"line":159,"column":10},"end":{"line":159,"column":20}},{"start":{"line":159,"column":20},"end":{"line":159,"column":40}}],"line":159}},"s":{"0":991,"1":991,"2":168,"3":524,"4":408,"5":408,"6":1,"7":407,"8":407,"9":583,"10":583,"11":1,"12":582,"13":389,"14":389,"15":254,"16":135,"17":30,"18":30,"19":96,"20":74,"21":125,"22":12,"23":12,"24":2715,"25":2715,"26":1021,"27":1694,"28":605,"29":260,"30":260,"31":40,"32":40,"33":1199,"34":18,"35":18,"36":1,"37":1,"38":14,"39":14,"40":1,"41":13,"42":16,"43":16,"44":16,"45":0,"46":0,"47":0,"48":0,"49":0,"50":21,"51":21,"52":21,"53":105,"54":105,"55":105,"56":504,"57":504,"58":504,"59":504,"60":504,"61":0,"62":504,"63":84,"64":84,"65":420,"66":420,"67":40,"68":40,"69":380,"70":0,"71":0,"72":380,"73":380,"74":380,"75":21,"76":21},"f":{"0":991,"1":168,"2":524,"3":408,"4":583,"5":389,"6":30,"7":96,"8":125,"9":12,"10":2715,"11":605,"12":260,"13":40,"14":1199,"15":18,"16":1,"17":14,"18":16,"19":0,"20":21,"21":105,"22":504},"b":{"0":[991,989],"1":[1,407],"2":[1,582],"3":[21],"4":[0,504],"5":[504,504],"6":[84,420],"7":[40,380],"8":[420,100],"9":[0,380],"10":[380,60]},"meta":{"lastBranch":11,"lastFunction":23,"lastStatement":77,"seen":{"f:4:9:4:22":0,"s:5:14:5:Infinity":0,"s:6:2:6:Infinity":1,"b:6:9:6:34:6:34:6:Infinity":0,"f:12:2:12:14":1,"s:13:4:13:Infinity":2,"f:16:8:16:18":2,"s:17:4:17:Infinity":3,"f:20:8:20:18":3,"s:21:21:21:Infinity":4,"b:22:4:24:Infinity:undefined:undefined:undefined:undefined":1,"s:22:4:24:Infinity":5,"s:23:6:23:Infinity":6,"s:25:4:25:Infinity":7,"s:26:4:26:Infinity":8,"f:29:8:29:17":4,"s:30:21:30:Infinity":9,"b:31:4:33:Infinity:undefined:undefined:undefined:undefined":2,"s:31:4:33:Infinity":10,"s:32:6:32:Infinity":11,"s:34:4:34:Infinity":12,"f:37:8:37:15":5,"s:38:4:43:Infinity":13,"s:39:6:39:Infinity":14,"s:40:6:40:Infinity":15,"s:42:6:42:Infinity":16,"f:46:8:46:17":6,"s:47:4:47:Infinity":17,"s:48:4:48:Infinity":18,"f:51:8:51:16":7,"s:52:20:52:Infinity":19,"s:53:4:53:Infinity":20,"f:53:19:53:24":8,"s:53:30:53:36":21,"f:56:8:56:30":9,"s:57:20:57:Infinity":22,"s:58:4:58:Infinity":23,"f:62:22:62:33":10,"s:63:2:68:Infinity":24,"s:64:4:64:Infinity":25,"s:65:4:65:Infinity":26,"s:67:4:67:Infinity":27,"f:71:22:71:32":11,"s:72:2:72:Infinity":28,"f:75:22:75:32":12,"s:76:2:76:Infinity":29,"s:77:2:77:Infinity":30,"f:80:22:80:30":13,"s:81:18:81:Infinity":31,"s:82:2:82:Infinity":32,"f:82:17:82:22":14,"s:82:28:82:34":33,"f:85:22:85:44":15,"s:86:18:86:Infinity":34,"s:87:2:87:Infinity":35,"f:90:22:90:31":16,"s:91:2:91:Infinity":36,"s:92:2:92:Infinity":37,"f:95:22:95:33":17,"s:96:2:101:Infinity":38,"s:97:4:97:Infinity":39,"s:98:4:98:Infinity":40,"s:100:4:100:Infinity":41,"f:104:22:104:32":18,"s:105:2:110:Infinity":42,"s:106:4:106:Infinity":43,"s:107:4:107:Infinity":44,"s:109:4:109:Infinity":45,"f:113:22:113:33":19,"s:114:2:119:Infinity":46,"s:115:20:115:Infinity":47,"s:116:4:116:Infinity":48,"s:118:4:118:Infinity":49,"f:122:22:122:Infinity":20,"b:125:80:125:Infinity":3,"s:127:15:127:Infinity":50,"s:128:16:128:Infinity":51,"s:130:21:130:Infinity":52,"f:132:17:132:29":21,"s:133:4:133:Infinity":53,"s:134:20:134:Infinity":54,"s:136:4:167:Infinity":55,"s:137:18:137:Infinity":56,"s:138:19:138:Infinity":57,"s:139:26:139:Infinity":58,"b:141:6:147:Infinity:undefined:undefined:undefined:undefined":4,"s:141:6:147:Infinity":59,"f:142:24:142:Infinity":22,"s:143:23:143:Infinity":60,"b:143:23:143:50:143:50:143:Infinity":5,"s:146:8:146:Infinity":61,"b:149:6:152:Infinity:undefined:undefined:undefined:undefined":6,"s:149:6:152:Infinity":62,"s:150:8:150:Infinity":63,"s:151:8:151:Infinity":64,"s:154:21:154:Infinity":65,"b:155:6:158:Infinity:undefined:undefined:undefined:undefined":7,"s:155:6:158:Infinity":66,"b:155:10:155:20:155:20:155:42":8,"s:156:8:156:Infinity":67,"s:157:8:157:Infinity":68,"b:159:6:162:Infinity:undefined:undefined:undefined:undefined":9,"s:159:6:162:Infinity":69,"b:159:10:159:20:159:20:159:40":10,"s:160:8:160:Infinity":70,"s:161:8:161:Infinity":71,"s:164:6:164:Infinity":72,"s:165:6:165:Infinity":73,"s:166:6:166:Infinity":74,"s:170:2:170:Infinity":75,"s:172:2:172:Infinity":76},"fnNames":{}}}
,"D:\\AI\\project\\SDD\\TOOL\\DRIV-6-28\\src\\utils\\logger.ts": {"path":"D:\\AI\\project\\SDD\\TOOL\\DRIV-6-28\\src\\utils\\logger.ts","statementMap":{"0":{"start":{"line":7,"column":4},"end":{"line":7,"column":null}},"1":{"start":{"line":11,"column":4},"end":{"line":11,"column":null}},"2":{"start":{"line":15,"column":4},"end":{"line":15,"column":null}},"3":{"start":{"line":19,"column":4},"end":{"line":19,"column":null}},"4":{"start":{"line":23,"column":15},"end":{"line":23,"column":null}},"5":{"start":{"line":24,"column":15},"end":{"line":24,"column":null}},"6":{"start":{"line":25,"column":4},"end":{"line":27,"column":null}},"7":{"start":{"line":26,"column":6},"end":{"line":26,"column":null}},"8":{"start":{"line":28,"column":4},"end":{"line":28,"column":null}}},"fnMap":{"0":{"name":"constructor","decl":{"start":{"line":6,"column":2},"end":{"line":6,"column":14}},"loc":{"start":{"line":6,"column":33},"end":{"line":8,"column":null}},"line":6},"1":{"name":"info","decl":{"start":{"line":10,"column":2},"end":{"line":10,"column":7}},"loc":{"start":{"line":10,"column":58},"end":{"line":12,"column":null}},"line":10},"2":{"name":"warn","decl":{"start":{"line":14,"column":2},"end":{"line":14,"column":7}},"loc":{"start":{"line":14,"column":58},"end":{"line":16,"column":null}},"line":14},"3":{"name":"error","decl":{"start":{"line":18,"column":2},"end":{"line":18,"column":8}},"loc":{"start":{"line":18,"column":59},"end":{"line":20,"column":null}},"line":18},"4":{"name":"write","decl":{"start":{"line":22,"column":2},"end":{"line":22,"column":10}},"loc":{"start":{"line":22,"column":82},"end":{"line":29,"column":null}},"line":22}},"branchMap":{"0":{"loc":{"start":{"line":7,"column":18},"end":{"line":7,"column":null}},"type":"binary-expr","locations":[{"start":{"line":7,"column":18},"end":{"line":7,"column":28}},{"start":{"line":7,"column":28},"end":{"line":7,"column":null}}],"line":7},"1":{"loc":{"start":{"line":25,"column":4},"end":{"line":27,"column":null}},"type":"if","locations":[{"start":{"line":25,"column":4},"end":{"line":27,"column":null}},{"start":{},"end":{}}],"line":25},"2":{"loc":{"start":{"line":25,"column":8},"end":{"line":25,"column":46}},"type":"binary-expr","locations":[{"start":{"line":25,"column":8},"end":{"line":25,"column":16}},{"start":{"line":25,"column":16},"end":{"line":25,"column":46}}],"line":25}},"s":{"0":4,"1":2,"2":1,"3":1,"4":4,"5":4,"6":4,"7":3,"8":4},"f":{"0":4,"1":2,"2":1,"3":1,"4":4},"b":{"0":[4,0],"1":[3,1],"2":[4,3]},"meta":{"lastBranch":3,"lastFunction":5,"lastStatement":9,"seen":{"f:6:2:6:14":0,"s:7:4:7:Infinity":0,"b:7:18:7:28:7:28:7:Infinity":0,"f:10:2:10:7":1,"s:11:4:11:Infinity":1,"f:14:2:14:7":2,"s:15:4:15:Infinity":2,"f:18:2:18:8":3,"s:19:4:19:Infinity":3,"f:22:2:22:10":4,"s:23:15:23:Infinity":4,"s:24:15:24:Infinity":5,"b:25:4:27:Infinity:undefined:undefined:undefined:undefined":1,"s:25:4:27:Infinity":6,"b:25:8:25:16:25:16:25:46":2,"s:26:6:26:Infinity":7,"s:28:4:28:Infinity":8},"fnNames":{}}}
,"D:\\AI\\project\\SDD\\TOOL\\DRIV-6-28\\src\\utils\\paths.ts": {"path":"D:\\AI\\project\\SDD\\TOOL\\DRIV-6-28\\src\\utils\\paths.ts","statementMap":{"0":{"start":{"line":3,"column":21},"end":{"line":3,"column":null}},"1":{"start":{"line":5,"column":35},"end":{"line":5,"column":null}},"2":{"start":{"line":6,"column":37},"end":{"line":6,"column":null}},"3":{"start":{"line":7,"column":28},"end":{"line":7,"column":null}},"4":{"start":{"line":8,"column":37},"end":{"line":8,"column":null}}},"fnMap":{},"branchMap":{},"s":{"0":3,"1":3,"2":3,"3":3,"4":3},"f":{},"b":{},"meta":{"lastBranch":0,"lastFunction":0,"lastStatement":5,"seen":{"s:3:21:3:Infinity":0,"s:5:35:5:Infinity":1,"s:6:37:6:Infinity":2,"s:7:28:7:Infinity":3,"s:8:37:8:Infinity":4},"fnNames":{}}}
,"D:\\AI\\project\\SDD\\TOOL\\DRIV-6-28\\src\\utils\\script-exec.ts": {"path":"D:\\AI\\project\\SDD\\TOOL\\DRIV-6-28\\src\\utils\\script-exec.ts","statementMap":{"0":{"start":{"line":15,"column":4},"end":{"line":48,"column":null}},"1":{"start":{"line":16,"column":20},"end":{"line":39,"column":null}},"2":{"start":{"line":25,"column":10},"end":{"line":36,"column":null}},"3":{"start":{"line":26,"column":12},"end":{"line":29,"column":null}},"4":{"start":{"line":27,"column":14},"end":{"line":27,"column":null}},"5":{"start":{"line":28,"column":14},"end":{"line":28,"column":null}},"6":{"start":{"line":30,"column":12},"end":{"line":34,"column":null}},"7":{"start":{"line":35,"column":12},"end":{"line":35,"column":null}},"8":{"start":{"line":37,"column":10},"end":{"line":37,"column":null}},"9":{"start":{"line":41,"column":6},"end":{"line":47,"column":null}},"10":{"start":{"line":42,"column":8},"end":{"line":46,"column":null}},"11":{"start":{"line":43,"column":10},"end":{"line":45,"column":null}},"12":{"start":{"line":44,"column":12},"end":{"line":44,"column":null}}},"fnMap":{"0":{"name":"exec","decl":{"start":{"line":10,"column":8},"end":{"line":10,"column":null}},"loc":{"start":{"line":14,"column":25},"end":{"line":49,"column":null}},"line":14},"1":{"name":"(anonymous_1)","decl":{"start":{"line":15,"column":15},"end":{"line":15,"column":24}},"loc":{"start":{"line":15,"column":44},"end":{"line":48,"column":5}},"line":15},"2":{"name":"(anonymous_2)","decl":{"start":{"line":23,"column":8},"end":{"line":23,"column":null}},"loc":{"start":{"line":24,"column":33},"end":{"line":38,"column":null}},"line":24},"3":{"name":"(anonymous_3)","decl":{"start":{"line":42,"column":17},"end":{"line":42,"column":26}},"loc":{"start":{"line":42,"column":35},"end":{"line":46,"column":9}},"line":42}},"branchMap":{"0":{"loc":{"start":{"line":18,"column":8},"end":{"line":18,"column":null}},"type":"binary-expr","locations":[{"start":{"line":18,"column":8},"end":{"line":18,"column":16}},{"start":{"line":18,"column":16},"end":{"line":18,"column":null}}],"line":18},"1":{"loc":{"start":{"line":25,"column":10},"end":{"line":36,"column":null}},"type":"if","locations":[{"start":{"line":25,"column":10},"end":{"line":36,"column":null}},{"start":{},"end":{}}],"line":25},"2":{"loc":{"start":{"line":26,"column":12},"end":{"line":29,"column":null}},"type":"if","locations":[{"start":{"line":26,"column":12},"end":{"line":29,"column":null}},{"start":{},"end":{}}],"line":26},"3":{"loc":{"start":{"line":26,"column":17},"end":{"line":26,"column":87}},"type":"binary-expr","locations":[{"start":{"line":26,"column":17},"end":{"line":26,"column":39}},{"start":{"line":26,"column":39},"end":{"line":26,"column":87}}],"line":26},"4":{"loc":{"start":{"line":27,"column":58},"end":{"line":27,"column":80}},"type":"binary-expr","locations":[{"start":{"line":27,"column":58},"end":{"line":27,"column":78}},{"start":{"line":27,"column":78},"end":{"line":27,"column":80}}],"line":27},"5":{"loc":{"start":{"line":33,"column":25},"end":{"line":33,"column":null}},"type":"binary-expr","locations":[{"start":{"line":33,"column":25},"end":{"line":33,"column":45}},{"start":{"line":33,"column":45},"end":{"line":33,"column":null}}],"line":33},"6":{"loc":{"start":{"line":41,"column":6},"end":{"line":47,"column":null}},"type":"if","locations":[{"start":{"line":41,"column":6},"end":{"line":47,"column":null}},{"start":{},"end":{}}],"line":41},"7":{"loc":{"start":{"line":41,"column":10},"end":{"line":41,"column":51}},"type":"binary-expr","locations":[{"start":{"line":41,"column":10},"end":{"line":41,"column":30}},{"start":{"line":41,"column":30},"end":{"line":41,"column":51}}],"line":41},"8":{"loc":{"start":{"line":43,"column":10},"end":{"line":45,"column":null}},"type":"if","locations":[{"start":{"line":43,"column":10},"end":{"line":45,"column":null}},{"start":{},"end":{}}],"line":43}},"s":{"0":302,"1":302,"2":302,"3":11,"4":1,"5":1,"6":10,"7":11,"8":291,"9":302,"10":1,"11":1,"12":1},"f":{"0":302,"1":302,"2":302,"3":1},"b":{"0":[302,0],"1":[11,291],"2":[1,10],"3":[11,10],"4":[1,0],"5":[10,0],"6":[1,301],"7":[302,1],"8":[1,0]},"meta":{"lastBranch":9,"lastFunction":4,"lastStatement":13,"seen":{"f:10:8:10:Infinity":0,"s:15:4:48:Infinity":0,"f:15:15:15:24":1,"s:16:20:39:Infinity":1,"b:18:8:18:16:18:16:18:Infinity":0,"f:23:8:23:Infinity":2,"b:25:10:36:Infinity:undefined:undefined:undefined:undefined":1,"s:25:10:36:Infinity":2,"b:26:12:29:Infinity:undefined:undefined:undefined:undefined":2,"s:26:12:29:Infinity":3,"b:26:17:26:39:26:39:26:87":3,"s:27:14:27:Infinity":4,"b:27:58:27:78:27:78:27:80":4,"s:28:14:28:Infinity":5,"s:30:12:34:Infinity":6,"b:33:25:33:45:33:45:33:Infinity":5,"s:35:12:35:Infinity":7,"s:37:10:37:Infinity":8,"b:41:6:47:Infinity:undefined:undefined:undefined:undefined":6,"s:41:6:47:Infinity":9,"b:41:10:41:30:41:30:41:51":7,"s:42:8:46:Infinity":10,"f:42:17:42:26":3,"b:43:10:45:Infinity:undefined:undefined:undefined:undefined":8,"s:43:10:45:Infinity":11,"s:44:12:44:Infinity":12},"fnNames":{}}}
,"D:\\AI\\project\\SDD\\TOOL\\DRIV-6-28\\src\\utils\\yaml-parser.ts": {"path":"D:\\AI\\project\\SDD\\TOOL\\DRIV-6-28\\src\\utils\\yaml-parser.ts","statementMap":{"0":{"start":{"line":8,"column":4},"end":{"line":8,"column":null}},"1":{"start":{"line":12,"column":4},"end":{"line":12,"column":null}},"2":{"start":{"line":16,"column":4},"end":{"line":16,"column":null}},"3":{"start":{"line":20,"column":4},"end":{"line":20,"column":null}},"4":{"start":{"line":20,"column":18},"end":{"line":20,"column":null}},"5":{"start":{"line":21,"column":20},"end":{"line":21,"column":null}},"6":{"start":{"line":22,"column":4},"end":{"line":22,"column":null}},"7":{"start":{"line":26,"column":4},"end":{"line":26,"column":null}},"8":{"start":{"line":26,"column":18},"end":{"line":26,"column":null}},"9":{"start":{"line":27,"column":20},"end":{"line":27,"column":null}},"10":{"start":{"line":28,"column":4},"end":{"line":28,"column":null}},"11":{"start":{"line":32,"column":18},"end":{"line":32,"column":null}},"12":{"start":{"line":33,"column":43},"end":{"line":33,"column":null}},"13":{"start":{"line":34,"column":4},"end":{"line":39,"column":null}},"14":{"start":{"line":34,"column":17},"end":{"line":34,"column":20}},"15":{"start":{"line":35,"column":6},"end":{"line":37,"column":null}},"16":{"start":{"line":36,"column":8},"end":{"line":36,"column":null}},"17":{"start":{"line":38,"column":6},"end":{"line":38,"column":null}},"18":{"start":{"line":40,"column":4},"end":{"line":40,"column":null}}},"fnMap":{"0":{"name":"constructor","decl":{"start":{"line":7,"column":2},"end":{"line":7,"column":14}},"loc":{"start":{"line":7,"column":31},"end":{"line":9,"column":null}},"line":7},"1":{"name":"parse","decl":{"start":{"line":11,"column":2},"end":{"line":11,"column":8}},"loc":{"start":{"line":11,"column":47},"end":{"line":13,"column":null}},"line":11},"2":{"name":"stringify","decl":{"start":{"line":15,"column":2},"end":{"line":15,"column":12}},"loc":{"start":{"line":15,"column":50},"end":{"line":17,"column":null}},"line":15},"3":{"name":"readFile","decl":{"start":{"line":19,"column":8},"end":{"line":19,"column":17}},"loc":{"start":{"line":19,"column":69},"end":{"line":23,"column":null}},"line":19},"4":{"name":"writeFile","decl":{"start":{"line":25,"column":8},"end":{"line":25,"column":18}},"loc":{"start":{"line":25,"column":81},"end":{"line":29,"column":null}},"line":25},"5":{"name":"setField","decl":{"start":{"line":31,"column":2},"end":{"line":31,"column":11}},"loc":{"start":{"line":31,"column":78},"end":{"line":41,"column":null}},"line":31}},"branchMap":{"0":{"loc":{"start":{"line":20,"column":4},"end":{"line":20,"column":null}},"type":"if","locations":[{"start":{"line":20,"column":4},"end":{"line":20,"column":null}},{"start":{},"end":{}}],"line":20},"1":{"loc":{"start":{"line":26,"column":4},"end":{"line":26,"column":null}},"type":"if","locations":[{"start":{"line":26,"column":4},"end":{"line":26,"column":null}},{"start":{},"end":{}}],"line":26},"2":{"loc":{"start":{"line":35,"column":6},"end":{"line":37,"column":null}},"type":"if","locations":[{"start":{"line":35,"column":6},"end":{"line":37,"column":null}},{"start":{},"end":{}}],"line":35},"3":{"loc":{"start":{"line":35,"column":10},"end":{"line":35,"column":75}},"type":"binary-expr","locations":[{"start":{"line":35,"column":10},"end":{"line":35,"column":36}},{"start":{"line":35,"column":36},"end":{"line":35,"column":75}}],"line":35}},"s":{"0":135,"1":297,"2":269,"3":297,"4":0,"5":297,"6":296,"7":1,"8":0,"9":1,"10":1,"11":99,"12":99,"13":99,"14":99,"15":100,"16":2,"17":100,"18":99},"f":{"0":135,"1":297,"2":269,"3":297,"4":1,"5":99},"b":{"0":[0,297],"1":[0,1],"2":[2,98],"3":[100,98]},"meta":{"lastBranch":4,"lastFunction":6,"lastStatement":19,"seen":{"f:7:2:7:14":0,"s:8:4:8:Infinity":0,"f:11:2:11:8":1,"s:12:4:12:Infinity":1,"f:15:2:15:12":2,"s:16:4:16:Infinity":2,"f:19:8:19:17":3,"b:20:4:20:Infinity:undefined:undefined:undefined:undefined":0,"s:20:4:20:Infinity":3,"s:20:18:20:Infinity":4,"s:21:20:21:Infinity":5,"s:22:4:22:Infinity":6,"f:25:8:25:18":4,"b:26:4:26:Infinity:undefined:undefined:undefined:undefined":1,"s:26:4:26:Infinity":7,"s:26:18:26:Infinity":8,"s:27:20:27:Infinity":9,"s:28:4:28:Infinity":10,"f:31:2:31:11":5,"s:32:18:32:Infinity":11,"s:33:43:33:Infinity":12,"s:34:4:39:Infinity":13,"s:34:17:34:20":14,"b:35:6:37:Infinity:undefined:undefined:undefined:undefined":2,"s:35:6:37:Infinity":15,"b:35:10:35:36:35:36:35:75":3,"s:36:8:36:Infinity":16,"s:38:6:38:Infinity":17,"s:40:4:40:Infinity":18},"fnNames":{}}}
}
