TN:
SF:src\cli\index.ts
FN:21,registerCommands
FN:25,formatStatusOutput
FN:35,doctorCheck
FN:42,createProgram
FN:58,(anonymous_4)
FN:80,(anonymous_5)
FN:91,(anonymous_6)
FN:106,(anonymous_7)
FN:130,(anonymous_8)
FN:152,(anonymous_9)
FN:171,main
FN:179,(anonymous_11)
FNF:12
FNH:2
FNDA:5,registerCommands
FNDA:1,formatStatusOutput
FNDA:0,doctorCheck
FNDA:0,createProgram
FNDA:0,(anonymous_4)
FNDA:0,(anonymous_5)
FNDA:0,(anonymous_6)
FNDA:0,(anonymous_7)
FNDA:0,(anonymous_8)
FNDA:0,(anonymous_9)
FNDA:0,main
FNDA:0,(anonymous_11)
DA:10,1
DA:11,1
DA:22,5
DA:26,1
DA:38,0
DA:39,0
DA:43,0
DA:45,0
DA:50,0
DA:59,0
DA:60,0
DA:68,0
DA:69,0
DA:70,0
DA:72,0
DA:76,0
DA:81,0
DA:84,0
DA:92,0
DA:98,0
DA:107,0
DA:108,0
DA:116,0
DA:117,0
DA:118,0
DA:120,0
DA:124,0
DA:131,0
DA:132,0
DA:138,0
DA:139,0
DA:140,0
DA:142,0
DA:146,0
DA:153,0
DA:154,0
DA:160,0
DA:161,0
DA:162,0
DA:164,0
DA:168,0
DA:172,0
DA:177,1
DA:178,1
DA:179,0
DA:180,0
DA:181,0
LF:47
LH:6
BRDA:29,0,0,1
BRDA:29,0,1,1
BRDA:30,1,0,1
BRDA:30,1,1,1
BRDA:36,2,0,0
BRDA:58,3,0,0
BRDA:68,4,0,0
BRDA:68,4,1,0
BRDA:68,5,0,0
BRDA:68,5,1,0
BRDA:80,6,0,0
BRDA:91,7,0,0
BRDA:106,8,0,0
BRDA:116,9,0,0
BRDA:116,9,1,0
BRDA:116,10,0,0
BRDA:116,10,1,0
BRDA:130,11,0,0
BRDA:138,12,0,0
BRDA:138,12,1,0
BRDA:138,13,0,0
BRDA:138,13,1,0
BRDA:160,14,0,0
BRDA:160,14,1,0
BRDA:160,15,0,0
BRDA:160,15,1,0
BRDA:171,16,0,0
BRDA:177,17,0,1
BRDA:177,17,1,1
BRDA:178,18,0,0
BRDA:178,18,1,1
BRF:31
BRH:7
end_of_record
TN:
SF:src\commands\doctor.ts
FN:41,isCommandAvailable
FN:50,collectTopLevelYamlKeys
FN:65,getScopeBases
FN:80,checkNode
FN:89,checkGit
FN:98,checkOpenSpec
FN:109,checkCodeGraph
FN:134,checkWorkingDirs
FN:144,checkVersion
FN:152,checkSkillCompleteness
FN:201,checkDrivYamlValidity
FN:215,(anonymous_11)
FN:239,checkScriptsPresent
FN:248,(anonymous_13)
FN:264,formatResults
FN:272,doctorCommand
FNF:16
FNH:14
FNDA:6,isCommandAvailable
FNDA:0,collectTopLevelYamlKeys
FNDA:2,getScopeBases
FNDA:2,checkNode
FNDA:2,checkGit
FNDA:2,checkOpenSpec
FNDA:2,checkCodeGraph
FNDA:2,checkWorkingDirs
FNDA:2,checkVersion
FNDA:2,checkSkillCompleteness
FNDA:2,checkDrivYamlValidity
FNDA:0,(anonymous_11)
FNDA:2,checkScriptsPresent
FNDA:6,(anonymous_13)
FNDA:1,formatResults
FNDA:2,doctorCommand
DA:18,1
DA:42,6
DA:43,6
DA:44,6
DA:46,4
DA:51,0
DA:52,0
DA:53,0
DA:54,0
DA:55,0
DA:56,0
DA:57,0
DA:58,0
DA:59,0
DA:62,0
DA:69,2
DA:70,2
DA:71,2
DA:74,2
DA:75,2
DA:77,2
DA:81,2
DA:82,2
DA:90,2
DA:91,2
DA:99,2
DA:100,2
DA:110,2
DA:111,2
DA:118,0
DA:119,0
DA:122,0
DA:123,0
DA:124,0
DA:131,0
DA:135,2
DA:136,2
DA:138,2
DA:139,0
DA:141,2
DA:145,2
DA:156,2
DA:157,2
DA:159,2
DA:160,2
DA:161,4
DA:162,4
DA:163,2
DA:165,2
DA:166,2
DA:167,4
DA:168,20
DA:169,20
DA:170,0
DA:174,2
DA:189,2
DA:190,0
DA:198,2
DA:202,2
DA:203,2
DA:205,0
DA:206,0
DA:208,0
DA:209,0
DA:210,0
DA:212,0
DA:213,0
DA:214,0
DA:215,0
DA:216,0
DA:218,0
DA:228,0
DA:236,0
DA:240,2
DA:245,2
DA:246,4
DA:247,2
DA:248,6
DA:249,2
DA:257,0
DA:265,1
DA:266,1
DA:267,8
DA:268,8
DA:276,2
DA:277,2
DA:279,2
DA:280,2
DA:281,2
DA:282,2
DA:283,2
DA:284,2
DA:285,2
DA:286,2
DA:288,2
DA:289,2
DA:290,2
DA:292,2
DA:293,1
DA:295,1
DA:298,2
LF:101
LH:68
BRDA:54,0,0,0
BRDA:54,0,1,0
BRDA:54,1,0,0
BRDA:54,1,1,0
BRDA:55,2,0,0
BRDA:55,2,1,0
BRDA:56,3,0,0
BRDA:56,3,1,0
BRDA:58,4,0,0
BRDA:58,4,1,0
BRDA:69,5,0,0
BRDA:69,5,1,2
BRDA:70,6,0,0
BRDA:70,6,1,2
BRDA:74,7,0,2
BRDA:74,7,1,0
BRDA:84,8,0,2
BRDA:84,8,1,0
BRDA:93,9,0,2
BRDA:93,9,1,0
BRDA:94,10,0,2
BRDA:94,10,1,0
BRDA:102,11,0,0
BRDA:102,11,1,2
BRDA:103,12,0,0
BRDA:103,12,1,2
BRDA:110,13,0,2
BRDA:110,13,1,0
BRDA:118,14,0,0
BRDA:118,14,1,0
BRDA:123,15,0,0
BRDA:123,15,1,0
BRDA:138,16,0,0
BRDA:138,16,1,2
BRDA:162,17,0,2
BRDA:162,17,1,2
BRDA:166,18,0,2
BRDA:166,18,1,0
BRDA:169,19,0,0
BRDA:169,19,1,20
BRDA:175,20,0,2
BRDA:175,20,1,0
BRDA:189,21,0,0
BRDA:189,21,1,2
BRDA:192,22,0,0
BRDA:192,22,1,0
BRDA:194,23,0,0
BRDA:194,23,1,0
BRDA:203,24,0,2
BRDA:203,24,1,0
BRDA:210,25,0,0
BRDA:210,25,1,0
BRDA:219,26,0,0
BRDA:219,26,1,0
BRDA:246,27,0,2
BRDA:246,27,1,2
BRDA:267,28,0,5
BRDA:267,28,1,3
BRDA:267,29,0,2
BRDA:267,29,1,1
BRDA:274,30,0,2
BRDA:277,31,0,2
BRDA:277,31,1,2
BRDA:285,32,0,2
BRDA:285,32,1,0
BRDA:292,33,0,1
BRDA:292,33,1,1
BRF:67
BRH:29
end_of_record
TN:
SF:src\commands\init.ts
FN:66,printBanner
FN:71,isInteractive
FN:75,createWorkingDirs
FN:80,selectScope
FN:93,selectLanguage
FN:98,(anonymous_5)
FN:101,(anonymous_6)
FN:104,selectPlatforms
FN:105,(anonymous_8)
FN:119,promptOverwriteChoice
FN:132,promptBulkOverwriteChoice
FN:146,applyBulkOverwriteChoice
FN:157,resolveAction
FN:168,initCommand
FN:173,(anonymous_14)
FN:192,(anonymous_15)
FN:209,(anonymous_16)
FN:420,(anonymous_17)
FN:444,(anonymous_18)
FN:445,(anonymous_19)
FN:469,(anonymous_20)
FNF:21
FNH:15
FNDA:18,printBanner
FNDA:117,isInteractive
FNDA:18,createWorkingDirs
FNDA:19,selectScope
FNDA:19,selectLanguage
FNDA:0,(anonymous_5)
FNDA:0,(anonymous_6)
FNDA:19,selectPlatforms
FNDA:551,(anonymous_8)
FNDA:0,promptOverwriteChoice
FNDA:0,promptBulkOverwriteChoice
FNDA:0,applyBulkOverwriteChoice
FNDA:19,resolveAction
FNDA:19,initCommand
FNDA:2,(anonymous_14)
FNDA:551,(anonymous_15)
FNDA:0,(anonymous_16)
FNDA:1,(anonymous_17)
FNDA:18,(anonymous_18)
FNDA:18,(anonymous_19)
FNDA:3,(anonymous_20)
DA:38,2
DA:47,2
DA:67,18
DA:68,18
DA:72,117
DA:76,18
DA:77,18
DA:81,19
DA:82,12
DA:84,0
DA:94,19
DA:96,0
DA:98,0
DA:101,0
DA:105,551
DA:111,19
DA:112,19
DA:113,19
DA:116,0
DA:123,0
DA:136,0
DA:150,0
DA:151,0
DA:161,19
DA:162,5
DA:163,2
DA:164,0
DA:165,0
DA:173,19
DA:174,19
DA:176,19
DA:177,18
DA:178,18
DA:181,19
DA:182,19
DA:183,19
DA:184,19
DA:186,19
DA:187,18
DA:188,18
DA:189,18
DA:192,551
DA:193,19
DA:194,19
DA:195,19
DA:202,19
DA:204,19
DA:205,19
DA:206,19
DA:208,19
DA:209,0
DA:210,0
DA:213,0
DA:214,0
DA:215,0
DA:216,0
DA:220,0
DA:221,0
DA:225,19
DA:228,19
DA:229,18
DA:230,18
DA:231,18
DA:233,18
DA:234,18
DA:235,18
DA:237,18
DA:242,18
DA:243,18
DA:246,19
DA:248,19
DA:249,19
DA:250,19
DA:251,19
DA:253,19
DA:254,19
DA:255,17
DA:256,17
DA:257,17
DA:258,17
DA:260,17
DA:261,17
DA:262,17
DA:264,17
DA:265,17
DA:267,17
DA:268,17
DA:269,17
DA:270,17
DA:271,16
DA:273,17
DA:274,0
DA:277,2
DA:280,19
DA:287,19
DA:288,19
DA:289,18
DA:290,18
DA:291,18
DA:292,13
DA:293,0
DA:300,0
DA:301,0
DA:302,0
DA:303,0
DA:304,0
DA:305,0
DA:306,0
DA:311,13
DA:312,13
DA:313,13
DA:314,13
DA:318,13
DA:321,5
DA:322,5
DA:326,19
DA:327,19
DA:328,0
DA:336,0
DA:337,0
DA:338,0
DA:339,0
DA:340,0
DA:341,0
DA:342,0
DA:343,0
DA:348,19
DA:349,19
DA:351,0
DA:360,0
DA:361,0
DA:362,0
DA:363,0
DA:364,0
DA:366,0
DA:367,0
DA:368,0
DA:383,0
DA:386,0
DA:387,0
DA:392,0
DA:394,0
DA:395,0
DA:396,0
DA:397,0
DA:399,0
DA:400,0
DA:401,0
DA:404,0
DA:408,19
DA:409,1
DA:420,1
DA:427,1
DA:428,1
DA:444,18
DA:445,18
DA:447,18
DA:449,19
DA:450,15
DA:451,15
DA:452,15
DA:455,18
DA:456,15
DA:458,18
DA:459,12
DA:461,18
DA:462,0
DA:464,18
DA:465,0
DA:468,18
DA:469,3
DA:472,18
DA:473,18
DA:474,18
DA:475,18
DA:477,18
LF:176
LH:116
BRDA:72,0,0,117
BRDA:72,0,1,117
BRDA:72,0,2,113
BRDA:72,0,3,72
BRDA:72,0,4,12
BRDA:81,1,0,7
BRDA:81,1,1,12
BRDA:82,2,0,12
BRDA:82,2,1,0
BRDA:94,3,0,19
BRDA:94,3,1,0
BRDA:101,4,0,0
BRDA:101,4,1,0
BRDA:106,5,0,5
BRDA:106,5,1,546
BRDA:111,6,0,19
BRDA:111,6,1,0
BRDA:113,7,0,5
BRDA:113,7,1,14
BRDA:150,8,0,0
BRDA:150,8,1,0
BRDA:153,9,0,0
BRDA:153,9,1,0
BRDA:161,10,0,14
BRDA:161,10,1,5
BRDA:162,11,0,3
BRDA:162,11,1,2
BRDA:163,12,0,2
BRDA:163,12,1,0
BRDA:164,13,0,0
BRDA:164,13,1,0
BRDA:171,14,0,19
BRDA:173,15,0,2
BRDA:173,15,1,18
BRDA:176,16,0,18
BRDA:176,16,1,1
BRDA:186,17,0,18
BRDA:186,17,1,1
BRDA:187,18,0,1
BRDA:187,18,1,17
BRDA:189,19,0,18
BRDA:189,19,1,0
BRDA:208,20,0,0
BRDA:208,20,1,19
BRDA:209,21,0,0
BRDA:209,21,1,0
BRDA:209,22,0,0
BRDA:209,22,1,0
BRDA:213,23,0,0
BRDA:213,23,1,0
BRDA:215,24,0,0
BRDA:215,24,1,0
BRDA:220,25,0,0
BRDA:220,25,1,0
BRDA:220,26,0,0
BRDA:220,26,1,0
BRDA:228,27,0,18
BRDA:228,27,1,1
BRDA:238,28,0,18
BRDA:238,28,1,7
BRDA:239,29,0,18
BRDA:239,29,1,16
BRDA:239,30,0,0
BRDA:239,30,1,16
BRDA:251,31,0,1
BRDA:251,31,1,18
BRDA:254,32,0,17
BRDA:254,32,1,2
BRDA:268,33,0,16
BRDA:268,33,1,1
BRDA:268,34,0,17
BRDA:268,34,1,1
BRDA:270,35,0,16
BRDA:270,35,1,1
BRDA:273,36,0,0
BRDA:273,36,1,17
BRDA:288,37,0,18
BRDA:288,37,1,1
BRDA:291,38,0,13
BRDA:291,38,1,5
BRDA:292,39,0,0
BRDA:292,39,1,13
BRDA:292,40,0,13
BRDA:292,40,1,12
BRDA:300,41,0,0
BRDA:300,41,1,0
BRDA:303,42,0,0
BRDA:303,42,1,0
BRDA:305,43,0,0
BRDA:305,43,1,0
BRDA:327,44,0,0
BRDA:327,44,1,19
BRDA:327,45,0,19
BRDA:327,45,1,18
BRDA:327,45,2,0
BRDA:336,46,0,0
BRDA:336,46,1,0
BRDA:339,47,0,0
BRDA:339,47,1,0
BRDA:341,48,0,0
BRDA:341,48,1,0
BRDA:349,49,0,0
BRDA:349,49,1,19
BRDA:349,50,0,19
BRDA:349,50,1,18
BRDA:351,51,0,0
BRDA:351,51,1,0
BRDA:360,52,0,0
BRDA:360,52,1,0
BRDA:364,53,0,0
BRDA:364,53,1,0
BRDA:367,54,0,0
BRDA:367,54,1,0
BRDA:383,55,0,0
BRDA:383,55,1,0
BRDA:386,56,0,0
BRDA:386,56,1,0
BRDA:408,57,0,1
BRDA:408,57,1,18
BRDA:444,58,0,18
BRDA:444,58,1,3
BRDA:445,59,0,18
BRDA:445,59,1,3
BRDA:447,60,0,1
BRDA:447,60,1,17
BRDA:449,61,0,15
BRDA:449,61,1,4
BRDA:455,62,0,15
BRDA:455,62,1,3
BRDA:458,63,0,12
BRDA:458,63,1,6
BRDA:461,64,0,0
BRDA:461,64,1,18
BRDA:464,65,0,0
BRDA:464,65,1,18
BRDA:468,66,0,3
BRDA:468,66,1,15
BRF:137
BRH:79
end_of_record
TN:
SF:src\commands\review.ts
FN:24,getActiveChanges
FN:42,selectChange
FN:53,(anonymous_2)
FN:57,selectReviewType
FN:62,(anonymous_4)
FN:68,formatChecklistResult
FN:85,formatReviewStatus
FN:96,reviewCommand
FN:101,(anonymous_8)
FNF:9
FNH:0
FNDA:0,getActiveChanges
FNDA:0,selectChange
FNDA:0,(anonymous_2)
FNDA:0,selectReviewType
FNDA:0,(anonymous_4)
FNDA:0,formatChecklistResult
FNDA:0,formatReviewStatus
FNDA:0,reviewCommand
FNDA:0,(anonymous_8)
DA:18,1
DA:25,0
DA:26,0
DA:28,0
DA:29,0
DA:31,0
DA:32,0
DA:33,0
DA:34,0
DA:35,0
DA:39,0
DA:43,0
DA:45,0
DA:46,0
DA:47,0
DA:49,0
DA:51,0
DA:53,0
DA:58,0
DA:60,0
DA:62,0
DA:65,0
DA:69,0
DA:70,0
DA:72,0
DA:73,0
DA:74,0
DA:75,0
DA:76,0
DA:77,0
DA:81,0
DA:82,0
DA:86,0
DA:88,0
DA:90,0
DA:92,0
DA:100,0
DA:101,0
DA:103,0
DA:104,0
DA:106,0
DA:107,0
DA:108,0
DA:109,0
DA:110,0
DA:111,0
DA:113,0
DA:114,0
DA:117,0
DA:128,0
DA:130,0
DA:132,0
DA:133,0
DA:134,0
DA:136,0
DA:137,0
DA:140,0
DA:141,0
DA:142,0
DA:144,0
DA:145,0
DA:148,0
DA:149,0
DA:150,0
DA:151,0
DA:153,0
DA:154,0
DA:157,0
DA:158,0
DA:159,0
DA:161,0
DA:162,0
DA:165,0
DA:166,0
DA:167,0
DA:168,0
DA:170,0
DA:171,0
DA:172,0
DA:176,0
DA:177,0
DA:181,0
DA:182,0
LF:83
LH:1
BRDA:26,0,0,0
BRDA:26,0,1,0
BRDA:34,1,0,0
BRDA:34,1,1,0
BRDA:43,2,0,0
BRDA:43,2,1,0
BRDA:46,3,0,0
BRDA:46,3,1,0
BRDA:49,4,0,0
BRDA:49,4,1,0
BRDA:58,5,0,0
BRDA:58,5,1,0
BRDA:73,6,0,0
BRDA:73,6,1,0
BRDA:73,7,0,0
BRDA:73,7,1,0
BRDA:74,8,0,0
BRDA:74,8,1,0
BRDA:76,9,0,0
BRDA:76,9,1,0
BRDA:81,10,0,0
BRDA:81,10,1,0
BRDA:86,11,0,0
BRDA:86,11,1,0
BRDA:86,11,2,0
BRDA:98,12,0,0
BRDA:101,13,0,0
BRDA:101,13,1,0
BRDA:113,14,0,0
BRDA:113,14,1,0
BRDA:130,15,0,0
BRDA:130,15,1,0
BRDA:130,15,2,0
BRDA:130,15,3,0
BRDA:130,15,4,0
BRDA:133,16,0,0
BRDA:133,16,1,0
BRDA:141,17,0,0
BRDA:141,17,1,0
BRDA:150,18,0,0
BRDA:150,18,1,0
BRDA:158,19,0,0
BRDA:158,19,1,0
BRDA:166,20,0,0
BRDA:166,20,1,0
BRDA:167,21,0,0
BRDA:167,21,1,0
BRDA:181,22,0,0
BRDA:181,22,1,0
BRF:49
BRH:0
end_of_record
TN:
SF:src\commands\status.ts
FN:25,getNextCommand
FN:42,countTasks
FN:46,(anonymous_2)
FN:47,(anonymous_3)
FN:51,readDrivState
FN:58,getString
FN:62,getOptionalString
FN:66,getActiveChanges
FN:111,formatChanges
FN:129,statusCommand
FNF:10
FNH:8
FNDA:1,getNextCommand
FNDA:1,countTasks
FNDA:2,(anonymous_2)
FNDA:2,(anonymous_3)
FNDA:1,readDrivState
FNDA:7,getString
FNDA:2,getOptionalString
FNDA:1,getActiveChanges
FNDA:0,formatChanges
FNDA:0,statusCommand
DA:26,1
DA:28,0
DA:30,0
DA:32,1
DA:34,0
DA:36,0
DA:38,0
DA:43,1
DA:44,1
DA:45,1
DA:46,2
DA:47,2
DA:48,1
DA:52,1
DA:53,1
DA:54,1
DA:55,1
DA:59,7
DA:63,2
DA:67,1
DA:68,1
DA:70,1
DA:71,1
DA:73,1
DA:74,1
DA:76,1
DA:77,1
DA:78,1
DA:79,1
DA:81,1
DA:82,1
DA:84,1
DA:88,1
DA:92,1
DA:108,1
DA:112,0
DA:114,0
DA:115,0
DA:116,0
DA:118,0
DA:119,0
DA:120,0
DA:121,0
DA:122,0
DA:123,0
DA:124,0
DA:126,0
DA:133,0
DA:134,0
DA:136,0
DA:137,0
DA:139,0
DA:142,0
LF:53
LH:30
BRDA:26,0,0,0
BRDA:26,0,1,0
BRDA:26,0,2,1
BRDA:26,0,3,0
BRDA:26,0,4,0
BRDA:26,0,5,0
BRDA:43,1,0,0
BRDA:43,1,1,1
BRDA:53,2,0,0
BRDA:53,2,1,1
BRDA:59,3,0,5
BRDA:59,3,1,2
BRDA:59,4,0,7
BRDA:59,4,1,5
BRDA:63,5,0,0
BRDA:63,5,1,2
BRDA:63,6,0,2
BRDA:63,6,1,0
BRDA:63,6,2,0
BRDA:68,7,0,0
BRDA:68,7,1,1
BRDA:74,8,0,0
BRDA:74,8,1,1
BRDA:78,9,0,0
BRDA:78,9,1,1
BRDA:79,10,0,0
BRDA:79,10,1,1
BRDA:79,11,0,1
BRDA:79,11,1,1
BRDA:84,12,0,0
BRDA:84,12,1,1
BRDA:84,13,0,1
BRDA:84,13,1,0
BRDA:88,14,0,0
BRDA:88,14,1,1
BRDA:88,15,0,1
BRDA:88,15,1,0
BRDA:112,16,0,0
BRDA:112,16,1,0
BRDA:118,17,0,0
BRDA:118,17,1,0
BRDA:121,18,0,0
BRDA:121,18,1,0
BRDA:122,19,0,0
BRDA:122,19,1,0
BRDA:123,20,0,0
BRDA:123,20,1,0
BRDA:131,21,0,0
BRDA:136,22,0,0
BRDA:136,22,1,0
BRF:50
BRH:19
end_of_record
TN:
SF:src\commands\uninstall.ts
FN:30,removeDrivSkillsForPlatform
FN:82,removeDrivRulesForPlatform
FN:122,removeDrivHooksForPlatform
FN:224,removeWorkingDirs
FN:235,detectInstalledDrivTargets
FN:255,uninstallCommand
FN:260,(anonymous_6)
FN:279,(anonymous_7)
FN:343,(anonymous_8)
FN:356,(anonymous_9)
FNF:10
FNH:8
FNDA:1,removeDrivSkillsForPlatform
FNDA:1,removeDrivRulesForPlatform
FNDA:1,removeDrivHooksForPlatform
FNDA:1,removeWorkingDirs
FNDA:2,detectInstalledDrivTargets
FNDA:2,uninstallCommand
FNDA:0,(anonymous_6)
FNDA:1,(anonymous_7)
FNDA:1,(anonymous_8)
FNDA:0,(anonymous_9)
DA:35,1
DA:36,1
DA:37,1
DA:39,1
DA:40,1
DA:41,1
DA:42,0
DA:44,1
DA:45,1
DA:46,1
DA:48,1
DA:49,1
DA:50,14
DA:51,14
DA:52,14
DA:53,14
DA:58,1
DA:59,1
DA:60,1
DA:61,14
DA:62,14
DA:63,14
DA:64,1
DA:69,1
DA:70,1
DA:71,1
DA:72,1
DA:73,1
DA:74,1
DA:79,1
DA:87,1
DA:88,0
DA:91,1
DA:93,1
DA:99,1
DA:100,1
DA:101,1
DA:104,0
DA:105,0
DA:106,0
DA:107,0
DA:108,0
DA:109,0
DA:110,0
DA:115,0
DA:116,0
DA:119,0
DA:127,1
DA:128,1
DA:131,0
DA:132,0
DA:134,0
DA:135,0
DA:139,0
DA:142,0
DA:143,0
DA:145,0
DA:147,0
DA:148,0
DA:150,0
DA:152,0
DA:153,0
DA:154,0
DA:155,0
DA:156,0
DA:158,0
DA:161,0
DA:162,0
DA:163,0
DA:165,0
DA:167,0
DA:168,0
DA:170,0
DA:172,0
DA:173,0
DA:174,0
DA:175,0
DA:176,0
DA:178,0
DA:181,0
DA:182,0
DA:183,0
DA:185,0
DA:188,0
DA:189,0
DA:190,0
DA:191,0
DA:192,0
DA:194,0
DA:197,0
DA:198,0
DA:199,0
DA:201,0
DA:202,0
DA:203,0
DA:204,0
DA:205,0
DA:206,0
DA:207,0
DA:211,0
DA:212,0
DA:214,0
DA:218,0
DA:221,0
DA:225,1
DA:227,1
DA:228,1
DA:229,1
DA:232,1
DA:239,2
DA:240,2
DA:242,2
DA:243,4
DA:245,4
DA:246,116
DA:248,1
DA:252,2
DA:259,2
DA:260,2
DA:262,2
DA:263,2
DA:266,2
DA:270,2
DA:271,1
DA:272,0
DA:274,1
DA:276,1
DA:279,1
DA:280,1
DA:282,1
DA:283,1
DA:284,1
DA:285,1
DA:286,1
DA:287,1
DA:288,1
DA:290,1
DA:293,1
DA:294,0
DA:302,0
DA:303,0
DA:304,0
DA:308,1
DA:309,1
DA:310,1
DA:311,1
DA:312,1
DA:313,1
DA:315,1
DA:316,1
DA:318,1
DA:319,1
DA:320,1
DA:322,1
DA:323,1
DA:325,1
DA:326,1
DA:328,1
DA:332,1
DA:342,1
DA:343,1
DA:344,1
DA:345,1
DA:346,1
DA:347,1
DA:348,1
DA:352,1
DA:353,0
DA:356,0
DA:378,1
DA:379,1
DA:380,1
DA:381,1
DA:382,1
DA:383,1
DA:384,1
DA:385,1
DA:388,1
LF:178
LH:104
BRDA:33,0,0,1
BRDA:41,1,0,0
BRDA:41,1,1,1
BRDA:41,2,0,1
BRDA:41,2,1,0
BRDA:52,3,0,14
BRDA:52,3,1,0
BRDA:58,4,0,1
BRDA:58,4,1,0
BRDA:58,5,0,1
BRDA:58,5,1,0
BRDA:63,6,0,1
BRDA:63,6,1,13
BRDA:71,7,0,1
BRDA:71,7,1,0
BRDA:73,8,0,1
BRDA:73,8,1,0
BRDA:85,9,0,1
BRDA:87,10,0,0
BRDA:87,10,1,1
BRDA:93,11,0,0
BRDA:93,11,1,1
BRDA:94,12,0,0
BRDA:94,12,1,0
BRDA:100,13,0,1
BRDA:100,13,1,0
BRDA:107,14,0,0
BRDA:107,14,1,0
BRDA:107,15,0,0
BRDA:107,15,1,0
BRDA:109,16,0,0
BRDA:109,16,1,0
BRDA:115,17,0,0
BRDA:115,17,1,0
BRDA:125,18,0,1
BRDA:127,19,0,1
BRDA:127,19,1,0
BRDA:127,20,0,1
BRDA:127,20,1,0
BRDA:135,21,0,0
BRDA:135,21,1,0
BRDA:135,21,2,0
BRDA:135,21,3,0
BRDA:135,21,4,0
BRDA:135,21,5,0
BRDA:135,21,6,0
BRDA:139,22,0,0
BRDA:139,22,1,0
BRDA:142,23,0,0
BRDA:142,23,1,0
BRDA:152,24,0,0
BRDA:152,24,1,0
BRDA:162,25,0,0
BRDA:162,25,1,0
BRDA:172,26,0,0
BRDA:172,26,1,0
BRDA:182,27,0,0
BRDA:182,27,1,0
BRDA:189,28,0,0
BRDA:189,28,1,0
BRDA:191,29,0,0
BRDA:191,29,1,0
BRDA:198,30,0,0
BRDA:198,30,1,0
BRDA:204,31,0,0
BRDA:204,31,1,0
BRDA:204,32,0,0
BRDA:204,32,1,0
BRDA:206,33,0,0
BRDA:206,33,1,0
BRDA:211,34,0,0
BRDA:211,34,1,0
BRDA:228,35,0,1
BRDA:228,35,1,0
BRDA:237,36,0,2
BRDA:239,37,0,2
BRDA:239,37,1,2
BRDA:243,38,0,2
BRDA:243,38,1,2
BRDA:246,39,0,115
BRDA:246,39,1,1
BRDA:257,40,0,2
BRDA:260,41,0,0
BRDA:260,41,1,2
BRDA:262,42,0,2
BRDA:262,42,1,0
BRDA:267,43,0,0
BRDA:267,43,1,2
BRDA:270,44,0,1
BRDA:270,44,1,1
BRDA:271,45,0,0
BRDA:271,45,1,1
BRDA:280,46,0,0
BRDA:280,46,1,1
BRDA:282,47,0,1
BRDA:282,47,1,0
BRDA:286,48,0,0
BRDA:286,48,1,1
BRDA:293,49,0,0
BRDA:293,49,1,1
BRDA:293,50,0,1
BRDA:293,50,1,0
BRDA:302,51,0,0
BRDA:302,51,1,0
BRDA:344,52,0,1
BRDA:344,52,1,0
BRDA:347,53,0,1
BRDA:347,53,1,0
BRDA:352,54,0,0
BRDA:352,54,1,1
BRDA:384,55,0,1
BRDA:384,55,1,0
BRF:112
BRH:41
end_of_record
TN:
SF:src\commands\update.ts
FN:55,getDrivSkills
FN:67,languageToSkillsDir
FN:71,getScopedBaseDir
FN:75,getInstalledDrivSkillsDirs
FN:87,hasLocalDrivSkills
FN:95,(anonymous_5)
FN:100,detectInstalledDrivLanguage
FN:107,(anonymous_7)
FN:124,detectInstalledDrivTargets
FN:148,isSameOrInside
FN:153,detectDrivPackageScope
FN:180,buildNpmUpdateArgs
FN:186,formatNpmUpdateCommand
FN:190,getNpmExecutable
FN:194,updateDrivNpmPackage
FN:203,(anonymous_15)
FN:209,(anonymous_16)
FN:213,(anonymous_17)
FN:225,updateCommand
FN:230,(anonymous_19)
FN:356,(anonymous_20)
FN:358,(anonymous_21)
FN:363,(anonymous_22)
FN:406,(anonymous_23)
FN:407,(anonymous_24)
FNF:25
FNH:20
FNDA:18,getDrivSkills
FNDA:3,languageToSkillsDir
FNDA:5,getScopedBaseDir
FNDA:148,getInstalledDrivSkillsDirs
FNDA:145,hasLocalDrivSkills
FNDA:113,(anonymous_5)
FNDA:3,detectInstalledDrivLanguage
FNDA:3,(anonymous_7)
FNDA:3,detectInstalledDrivTargets
FNDA:2,isSameOrInside
FNDA:2,detectDrivPackageScope
FNDA:6,buildNpmUpdateArgs
FNDA:3,formatNpmUpdateCommand
FNDA:3,getNpmExecutable
FNDA:3,updateDrivNpmPackage
FNDA:3,(anonymous_15)
FNDA:0,(anonymous_16)
FNDA:3,(anonymous_17)
FNDA:3,updateCommand
FNDA:0,(anonymous_19)
FNDA:0,(anonymous_20)
FNDA:0,(anonymous_21)
FNDA:0,(anonymous_22)
FNDA:3,(anonymous_23)
FNDA:3,(anonymous_24)
DA:15,2
DA:16,2
DA:42,2
DA:56,18
DA:68,3
DA:72,5
DA:80,148
DA:81,148
DA:82,2
DA:84,148
DA:92,145
DA:93,147
DA:94,5
DA:95,113
DA:97,142
DA:105,3
DA:106,3
DA:107,3
DA:109,3
DA:110,3
DA:111,3
DA:113,3
DA:114,3
DA:115,3
DA:121,3
DA:128,3
DA:129,3
DA:131,3
DA:132,5
DA:134,5
DA:135,145
DA:137,3
DA:145,3
DA:149,2
DA:150,2
DA:157,2
DA:158,2
DA:160,2
DA:161,2
DA:162,0
DA:168,0
DA:173,0
DA:177,2
DA:181,6
DA:187,3
DA:191,3
DA:200,3
DA:201,3
DA:203,3
DA:204,3
DA:209,3
DA:210,0
DA:211,0
DA:213,3
DA:214,3
DA:215,0
DA:218,0
DA:220,3
DA:229,3
DA:230,3
DA:232,3
DA:233,3
DA:234,3
DA:237,3
DA:238,3
DA:239,3
DA:240,2
DA:241,2
DA:242,2
DA:248,3
DA:249,3
DA:250,3
DA:252,0
DA:253,0
DA:257,3
DA:261,3
DA:262,0
DA:263,0
DA:279,0
DA:288,0
DA:289,0
DA:299,3
DA:300,3
DA:301,3
DA:302,3
DA:303,3
DA:306,3
DA:307,3
DA:308,3
DA:309,3
DA:310,3
DA:311,3
DA:313,3
DA:314,3
DA:315,3
DA:316,3
DA:318,3
DA:319,3
DA:322,3
DA:323,3
DA:325,3
DA:334,3
DA:339,3
DA:340,3
DA:341,0
DA:349,0
DA:350,0
DA:351,0
DA:352,0
DA:353,0
DA:354,0
DA:355,0
DA:356,0
DA:357,0
DA:358,0
DA:359,0
DA:360,0
DA:361,0
DA:363,0
DA:364,0
DA:365,0
DA:366,0
DA:367,0
DA:369,0
DA:371,0
DA:375,0
DA:377,0
DA:379,0
DA:383,3
DA:384,0
DA:405,3
DA:406,3
DA:407,3
DA:408,3
DA:409,3
DA:410,3
DA:411,3
DA:412,3
DA:413,3
DA:414,3
DA:415,3
DA:418,3
LF:142
LH:103
BRDA:68,0,0,1
BRDA:68,0,1,2
BRDA:68,1,0,3
BRDA:68,1,1,2
BRDA:71,2,0,5
BRDA:72,3,0,2
BRDA:72,3,1,3
BRDA:78,4,0,148
BRDA:81,5,0,2
BRDA:81,5,1,146
BRDA:81,6,0,148
BRDA:81,6,1,58
BRDA:93,7,0,142
BRDA:93,7,1,5
BRDA:95,8,0,3
BRDA:95,8,1,2
BRDA:103,9,0,3
BRDA:106,10,0,0
BRDA:106,10,1,3
BRDA:111,11,0,0
BRDA:111,11,1,3
BRDA:115,12,0,0
BRDA:115,12,1,3
BRDA:126,13,0,3
BRDA:128,14,0,3
BRDA:128,14,1,2
BRDA:135,15,0,142
BRDA:135,15,1,3
BRDA:150,16,0,2
BRDA:150,16,1,2
BRDA:150,16,2,2
BRDA:155,17,0,2
BRDA:158,18,0,0
BRDA:158,18,1,2
BRDA:161,19,0,0
BRDA:161,19,1,2
BRDA:168,20,0,0
BRDA:168,20,1,0
BRDA:169,21,0,0
BRDA:169,21,1,0
BRDA:169,21,2,0
BRDA:181,22,0,4
BRDA:181,22,1,2
BRDA:191,23,0,3
BRDA:191,23,1,0
BRDA:198,24,0,3
BRDA:201,25,0,2
BRDA:201,25,1,1
BRDA:206,26,0,0
BRDA:206,26,1,3
BRDA:214,27,0,0
BRDA:214,27,1,3
BRDA:227,28,0,3
BRDA:230,29,0,0
BRDA:230,29,1,3
BRDA:232,30,0,3
BRDA:232,30,1,0
BRDA:238,31,0,3
BRDA:238,31,1,0
BRDA:239,32,0,3
BRDA:239,32,1,2
BRDA:248,33,0,3
BRDA:248,33,1,0
BRDA:258,34,0,1
BRDA:258,34,1,2
BRDA:261,35,0,0
BRDA:261,35,1,3
BRDA:262,36,0,0
BRDA:262,36,1,0
BRDA:267,37,0,0
BRDA:267,37,1,0
BRDA:267,38,0,0
BRDA:267,38,1,0
BRDA:269,39,0,0
BRDA:269,39,1,0
BRDA:269,40,0,0
BRDA:269,40,1,0
BRDA:282,41,0,0
BRDA:282,41,1,0
BRDA:292,42,0,0
BRDA:292,42,1,0
BRDA:301,43,0,3
BRDA:301,43,1,2
BRDA:302,44,0,0
BRDA:302,44,1,3
BRDA:314,45,0,3
BRDA:314,45,1,2
BRDA:316,46,0,3
BRDA:316,46,1,0
BRDA:322,47,0,3
BRDA:322,47,1,0
BRDA:329,48,0,3
BRDA:329,48,1,2
BRDA:340,49,0,0
BRDA:340,49,1,3
BRDA:340,50,0,3
BRDA:340,50,1,3
BRDA:340,50,2,3
BRDA:340,50,3,2
BRDA:340,50,4,2
BRDA:340,50,5,0
BRDA:349,51,0,0
BRDA:349,51,1,0
BRDA:353,52,0,0
BRDA:353,52,1,0
BRDA:354,53,0,0
BRDA:354,53,1,0
BRDA:355,54,0,0
BRDA:355,54,1,0
BRDA:364,55,0,0
BRDA:364,55,1,0
BRDA:383,56,0,0
BRDA:383,56,1,3
BRDA:388,57,0,0
BRDA:388,57,1,0
BRDA:388,58,0,0
BRDA:388,58,1,0
BRDA:390,59,0,0
BRDA:390,59,1,0
BRDA:390,60,0,0
BRDA:390,60,1,0
BRDA:405,61,0,3
BRDA:405,61,1,0
BRDA:409,62,0,0
BRDA:409,62,1,3
BRDA:409,63,0,3
BRDA:409,63,1,2
BRDA:421,64,0,3
BRDA:421,64,1,2
BRF:129
BRH:71
end_of_record
TN:
SF:src\core\archive-service.ts
FN:23,constructor
FN:30,checkPreconditions
FN:58,archive
FN:144,mergeDeltaSpec
FN:197,markSuperpowersArtifacts
FN:224,rollback
FN:238,(anonymous_6)
FN:250,copyDirRecursive
FN:269,rollbackForDir
FN:275,updateIndex
FN:303,detectStrategy
FN:314,applyUpdate
FN:333,parseRequirements
FN:358,extractRequirementsSection
FNF:14
FNH:12
FNDA:14,constructor
FNDA:10,checkPreconditions
FNDA:5,archive
FNDA:6,mergeDeltaSpec
FNDA:4,markSuperpowersArtifacts
FNDA:2,rollback
FNDA:1,(anonymous_6)
FNDA:20,copyDirRecursive
FNDA:0,rollbackForDir
FNDA:4,updateIndex
FNDA:8,detectStrategy
FNDA:1,applyUpdate
FNDA:2,parseRequirements
FNDA:0,extractRequirementsSection
DA:24,14
DA:25,14
DA:26,14
DA:27,14
DA:31,10
DA:32,10
DA:33,10
DA:35,10
DA:36,2
DA:37,2
DA:40,8
DA:42,8
DA:43,1
DA:46,8
DA:47,1
DA:50,8
DA:51,8
DA:52,1
DA:55,8
DA:59,5
DA:60,5
DA:61,5
DA:62,5
DA:63,5
DA:64,5
DA:65,5
DA:67,5
DA:68,5
DA:69,1
DA:78,4
DA:79,4
DA:81,4
DA:82,4
DA:83,16
DA:84,16
DA:85,16
DA:86,16
DA:90,4
DA:92,4
DA:97,4
DA:102,4
DA:103,4
DA:105,4
DA:107,4
DA:109,4
DA:111,4
DA:112,4
DA:113,4
DA:119,4
DA:127,0
DA:128,0
DA:129,0
DA:130,0
DA:134,0
DA:145,6
DA:147,6
DA:149,6
DA:150,6
DA:152,6
DA:153,8
DA:154,8
DA:156,8
DA:157,8
DA:158,8
DA:159,8
DA:160,8
DA:162,8
DA:163,1
DA:166,8
DA:167,0
DA:168,0
DA:169,0
DA:170,8
DA:171,1
DA:172,1
DA:173,1
DA:174,0
DA:175,0
DA:177,1
DA:178,1
DA:181,7
DA:182,0
DA:183,0
DA:184,0
DA:185,0
DA:187,7
DA:188,7
DA:190,7
DA:194,6
DA:198,4
DA:199,4
DA:200,4
DA:201,4
DA:203,4
DA:204,4
DA:205,1
DA:207,4
DA:208,1
DA:211,4
DA:212,2
DA:215,2
DA:216,2
DA:217,2
DA:218,2
DA:225,2
DA:226,2
DA:228,2
DA:229,1
DA:232,1
DA:233,1
DA:234,0
DA:237,1
DA:238,1
DA:240,1
DA:241,0
DA:244,1
DA:245,1
DA:246,1
DA:251,20
DA:253,16
DA:254,16
DA:256,16
DA:257,16
DA:258,16
DA:260,16
DA:261,16
DA:262,4
DA:264,12
DA:270,0
DA:271,0
DA:276,4
DA:278,4
DA:279,4
DA:280,0
DA:283,4
DA:297,4
DA:298,4
DA:300,4
DA:304,8
DA:305,8
DA:306,8
DA:308,8
DA:309,8
DA:311,7
DA:315,1
DA:316,1
DA:318,1
DA:320,1
DA:321,1
DA:322,1
DA:323,1
DA:324,1
DA:326,0
DA:330,1
DA:334,2
DA:335,2
DA:336,2
DA:337,2
DA:339,2
DA:340,13
DA:341,13
DA:342,3
DA:343,1
DA:345,3
DA:346,3
DA:347,10
DA:348,6
DA:351,2
DA:352,2
DA:355,2
DA:359,0
DA:360,0
LF:172
LH:150
BRDA:35,0,0,2
BRDA:35,0,1,8
BRDA:42,1,0,1
BRDA:42,1,1,7
BRDA:46,2,0,1
BRDA:46,2,1,7
BRDA:51,3,0,1
BRDA:51,3,1,7
BRDA:68,4,0,1
BRDA:68,4,1,4
BRDA:85,5,0,16
BRDA:85,5,1,0
BRDA:127,6,0,0
BRDA:127,6,1,0
BRDA:147,7,0,0
BRDA:147,7,1,6
BRDA:154,8,0,0
BRDA:154,8,1,8
BRDA:162,9,0,1
BRDA:162,9,1,7
BRDA:166,10,0,0
BRDA:166,10,1,8
BRDA:170,11,0,1
BRDA:170,11,1,7
BRDA:170,12,0,8
BRDA:170,12,1,1
BRDA:173,13,0,0
BRDA:173,13,1,1
BRDA:181,14,0,0
BRDA:181,14,1,7
BRDA:204,15,0,1
BRDA:204,15,1,3
BRDA:207,16,0,1
BRDA:207,16,1,3
BRDA:212,17,0,2
BRDA:212,17,1,0
BRDA:215,18,0,2
BRDA:215,18,1,0
BRDA:217,19,0,2
BRDA:217,19,1,0
BRDA:228,20,0,1
BRDA:228,20,1,1
BRDA:233,21,0,0
BRDA:233,21,1,1
BRDA:240,22,0,0
BRDA:240,22,1,1
BRDA:251,23,0,4
BRDA:251,23,1,16
BRDA:261,24,0,4
BRDA:261,24,1,12
BRDA:270,25,0,0
BRDA:270,25,1,0
BRDA:279,26,0,0
BRDA:279,26,1,4
BRDA:297,27,0,0
BRDA:297,27,1,4
BRDA:298,28,0,0
BRDA:298,28,1,4
BRDA:304,29,0,0
BRDA:304,29,1,8
BRDA:305,30,0,0
BRDA:305,30,1,8
BRDA:306,31,0,0
BRDA:306,31,1,8
BRDA:308,32,0,0
BRDA:308,32,1,8
BRDA:309,33,0,1
BRDA:309,33,1,7
BRDA:318,34,0,0
BRDA:318,34,1,1
BRDA:322,35,0,1
BRDA:322,35,1,0
BRDA:341,36,0,3
BRDA:341,36,1,10
BRDA:342,37,0,1
BRDA:342,37,1,2
BRDA:347,38,0,6
BRDA:347,38,1,4
BRDA:351,39,0,2
BRDA:351,39,1,0
BRDA:360,40,0,0
BRDA:360,40,1,0
BRF:82
BRH:55
end_of_record
TN:
SF:src\core\assets.ts
FN:15,copyFileWithPolicy
FN:29,syncDrivAssets
FNF:2
FNH:2
FNDA:21,copyFileWithPolicy
FNDA:21,syncDrivAssets
DA:11,2
DA:12,2
DA:13,2
DA:20,21
DA:21,21
DA:22,19
DA:24,19
DA:25,19
DA:26,19
DA:33,21
DA:34,21
DA:35,21
DA:37,21
DA:38,0
DA:40,21
DA:41,0
DA:44,21
DA:45,21
DA:47,21
DA:52,21
DA:57,21
LF:21
LH:19
BRDA:21,0,0,2
BRDA:21,0,1,19
BRDA:21,1,0,21
BRDA:21,1,1,5
BRDA:22,2,0,0
BRDA:22,2,1,19
BRDA:22,3,0,19
BRDA:22,3,1,3
BRDA:31,4,0,21
BRDA:37,5,0,0
BRDA:37,5,1,21
BRDA:40,6,0,0
BRDA:40,6,1,21
BRF:13
BRH:10
end_of_record
TN:
SF:src\core\build-orchestrator.ts
FN:15,constructor
FN:23,checkPreconditions
FN:37,createPlan
FN:51,setupModes
FN:57,initIsolation
FN:70,generatePlanContent
FNF:6
FNH:6
FNDA:15,constructor
FNDA:4,checkPreconditions
FNDA:6,createPlan
FNDA:2,setupModes
FNDA:3,initIsolation
FNDA:6,generatePlanContent
DA:16,15
DA:17,15
DA:18,15
DA:19,15
DA:20,15
DA:24,4
DA:26,4
DA:27,1
DA:30,3
DA:31,2
DA:34,1
DA:38,6
DA:39,6
DA:40,6
DA:42,6
DA:43,6
DA:45,6
DA:46,6
DA:48,6
DA:52,2
DA:53,2
DA:54,2
DA:58,3
DA:59,3
DA:60,3
DA:62,3
DA:63,1
DA:64,1
DA:65,2
DA:66,1
DA:71,6
DA:72,6
DA:89,6
DA:90,6
DA:92,6
DA:93,6
DA:95,6
DA:96,6
DA:98,6
DA:99,6
DA:102,6
DA:122,6
LF:42
LH:42
BRDA:26,0,0,1
BRDA:26,0,1,3
BRDA:30,1,0,2
BRDA:30,1,1,1
BRDA:62,2,0,1
BRDA:62,2,1,2
BRDA:65,3,0,1
BRDA:65,3,1,1
BRDA:89,4,0,6
BRDA:89,4,1,0
BRDA:92,5,0,6
BRDA:92,5,1,0
BRDA:95,6,0,6
BRDA:95,6,1,0
BRDA:98,7,0,6
BRDA:98,7,1,0
BRDA:98,8,0,6
BRDA:98,8,1,6
BRF:18
BRH:14
end_of_record
TN:
SF:src\core\clean-code-checker.ts
FN:40,(anonymous_0)
FN:49,makeIssue
FN:62,checkClassPascalCase
FN:84,checkVarCamelCase
FN:124,checkConstUpperSnakeCase
FN:152,findFunctionBodies
FN:169,findBlockStart
FN:176,findMatchingBrace
FN:193,checkFunctionLength
FN:214,checkParamCount
FN:223,(anonymous_10)
FN:245,(anonymous_11)
FN:264,checkCyclomaticComplexity
FN:313,findClassBlocks
FN:331,getExportedFuncNames
FN:341,checkClassLength
FN:361,checkNestingDepth
FN:381,checkDuplicateCode
FN:411,hasCommentAbove
FN:422,checkCommentQuality
FN:448,checkEmptyCatch
FN:483,checkHardcodedSecret
FN:512,calculateScore
FN:538,(anonymous_23)
FN:548,constructor
FN:552,registerDefaultRules
FN:627,registerRule
FN:631,enableRule
FN:636,disableRule
FN:641,getRule
FN:645,getRules
FN:649,check
FN:660,generateReports
FN:681,generateMarkdownReport
FN:735,(anonymous_34)
FNF:35
FNH:33
FNDA:12,(anonymous_0)
FNDA:194,makeIssue
FNDA:27,checkClassPascalCase
FNDA:28,checkVarCamelCase
FNDA:28,checkConstUpperSnakeCase
FNDA:56,findFunctionBodies
FNDA:0,findBlockStart
FNDA:37,findMatchingBrace
FNDA:28,checkFunctionLength
FNDA:28,checkParamCount
FNDA:9,(anonymous_10)
FNDA:0,(anonymous_11)
FNDA:28,checkCyclomaticComplexity
FNDA:28,findClassBlocks
FNDA:28,getExportedFuncNames
FNDA:28,checkClassLength
FNDA:28,checkNestingDepth
FNDA:28,checkDuplicateCode
FNDA:3,hasCommentAbove
FNDA:28,checkCommentQuality
FNDA:28,checkEmptyCatch
FNDA:28,checkHardcodedSecret
FNDA:28,calculateScore
FNDA:168,(anonymous_23)
FNDA:67,constructor
FNDA:67,registerDefaultRules
FNDA:805,registerRule
FNDA:1,enableRule
FNDA:2,disableRule
FNDA:3,getRule
FNDA:1,getRules
FNDA:28,check
FNDA:3,generateReports
FNDA:3,generateMarkdownReport
FNDA:2,(anonymous_34)
DA:31,2
DA:40,12
DA:42,2
DA:43,2
DA:44,12
DA:45,24
DA:56,194
DA:59,2
DA:60,2
DA:63,27
DA:64,27
DA:66,27
DA:67,10
DA:68,10
DA:69,4
DA:70,4
DA:81,27
DA:85,28
DA:86,28
DA:87,28
DA:88,28
DA:90,28
DA:91,173
DA:92,4
DA:95,28
DA:96,28
DA:97,1
DA:98,1
DA:99,1
DA:100,1
DA:105,28
DA:106,28
DA:107,173
DA:108,173
DA:109,2
DA:110,2
DA:121,28
DA:125,28
DA:126,28
DA:128,28
DA:129,173
DA:130,173
DA:131,169
DA:132,169
DA:143,28
DA:153,56
DA:154,56
DA:155,56
DA:156,56
DA:157,1774
DA:158,26
DA:159,26
DA:160,26
DA:161,26
DA:162,24
DA:166,56
DA:170,0
DA:171,0
DA:173,0
DA:177,37
DA:178,37
DA:179,37
DA:180,1079
DA:181,15656
DA:182,74
DA:183,74
DA:184,15582
DA:185,74
DA:188,1079
DA:190,0
DA:194,28
DA:195,28
DA:196,28
DA:197,12
DA:198,12
DA:199,2
DA:200,2
DA:211,28
DA:215,28
DA:216,28
DA:218,28
DA:219,13
DA:220,13
DA:223,9
DA:226,13
DA:227,1
DA:228,1
DA:239,28
DA:240,28
DA:241,0
DA:242,0
DA:245,0
DA:248,0
DA:249,0
DA:250,0
DA:261,28
DA:265,28
DA:266,28
DA:267,28
DA:268,12
DA:272,12
DA:273,12
DA:284,12
DA:285,108
DA:287,108
DA:288,18
DA:291,12
DA:292,1
DA:293,1
DA:304,28
DA:314,28
DA:315,28
DA:316,28
DA:317,28
DA:318,887
DA:319,887
DA:320,11
DA:321,11
DA:322,11
DA:323,11
DA:324,4
DA:328,28
DA:332,28
DA:333,28
DA:335,28
DA:336,4
DA:338,28
DA:342,28
DA:343,28
DA:344,28
DA:345,4
DA:346,4
DA:347,1
DA:358,28
DA:362,28
DA:363,28
DA:364,28
DA:365,28
DA:366,28
DA:367,887
DA:368,12225
DA:369,12173
DA:371,887
DA:373,28
DA:374,1
DA:378,28
DA:382,28
DA:383,28
DA:384,28
DA:385,28
DA:386,28
DA:387,816
DA:388,816
DA:389,816
DA:390,816
DA:391,813
DA:393,3
DA:394,3
DA:395,3
DA:405,3
DA:408,28
DA:412,3
DA:413,3
DA:414,3
DA:415,3
DA:416,0
DA:417,0
DA:419,0
DA:423,28
DA:424,28
DA:425,28
DA:426,28
DA:428,28
DA:429,13
DA:430,13
DA:431,13
DA:432,13
DA:433,4
DA:434,1
DA:445,28
DA:449,28
DA:450,28
DA:452,28
DA:453,3
DA:454,3
DA:464,28
DA:465,28
DA:466,4
DA:467,4
DA:468,3
DA:469,3
DA:480,28
DA:484,28
DA:485,28
DA:494,28
DA:496,196
DA:497,2
DA:498,2
DA:509,28
DA:517,28
DA:518,28
DA:525,28
DA:526,28
DA:527,28
DA:528,194
DA:529,194
DA:530,194
DA:533,28
DA:534,168
DA:535,168
DA:538,168
DA:539,28
DA:540,28
DA:542,28
DA:546,67
DA:549,67
DA:553,67
DA:559,67
DA:565,67
DA:571,67
DA:577,67
DA:583,67
DA:589,67
DA:595,67
DA:601,67
DA:607,67
DA:613,67
DA:619,67
DA:628,805
DA:632,1
DA:633,1
DA:637,2
DA:638,2
DA:642,3
DA:646,1
DA:650,28
DA:651,28
DA:652,336
DA:653,335
DA:654,335
DA:656,28
DA:657,28
DA:661,3
DA:663,3
DA:664,3
DA:666,3
DA:667,3
DA:673,3
DA:674,3
DA:682,3
DA:683,3
DA:684,3
DA:685,3
DA:686,3
DA:687,3
DA:688,3
DA:690,3
DA:691,3
DA:692,3
DA:693,3
DA:694,3
DA:695,18
DA:703,18
DA:704,18
DA:705,18
DA:706,18
DA:708,3
DA:710,3
DA:711,3
DA:712,3
DA:713,3
DA:714,3
DA:715,3
DA:716,4
DA:722,4
DA:723,4
DA:727,3
DA:730,3
DA:731,3
DA:732,3
DA:733,2
DA:735,2
DA:736,1
DA:737,0
DA:739,1
DA:740,1
DA:744,3
LF:287
LH:273
BRDA:68,0,0,4
BRDA:68,0,1,6
BRDA:91,1,0,4
BRDA:91,1,1,169
BRDA:98,2,0,1
BRDA:98,2,1,0
BRDA:108,3,0,2
BRDA:108,3,1,171
BRDA:108,4,0,173
BRDA:108,4,1,169
BRDA:130,5,0,169
BRDA:130,5,1,4
BRDA:157,6,0,26
BRDA:157,6,1,1748
BRDA:158,7,0,26
BRDA:158,7,1,0
BRDA:159,8,0,0
BRDA:159,8,1,26
BRDA:161,9,0,24
BRDA:161,9,1,2
BRDA:171,10,0,0
BRDA:171,10,1,0
BRDA:181,11,0,74
BRDA:181,11,1,15582
BRDA:184,12,0,74
BRDA:184,12,1,15508
BRDA:188,13,0,37
BRDA:188,13,1,1042
BRDA:188,14,0,1079
BRDA:188,14,1,1079
BRDA:198,15,0,2
BRDA:198,15,1,10
BRDA:199,16,0,2
BRDA:199,16,1,0
BRDA:220,17,0,4
BRDA:220,17,1,9
BRDA:226,18,0,1
BRDA:226,18,1,12
BRDA:242,19,0,0
BRDA:242,19,1,0
BRDA:248,20,0,0
BRDA:248,20,1,0
BRDA:291,21,0,1
BRDA:291,21,1,11
BRDA:292,22,0,1
BRDA:292,22,1,0
BRDA:319,23,0,11
BRDA:319,23,1,876
BRDA:320,24,0,11
BRDA:320,24,1,0
BRDA:321,25,0,0
BRDA:321,25,1,11
BRDA:323,26,0,4
BRDA:323,26,1,7
BRDA:346,27,0,1
BRDA:346,27,1,3
BRDA:368,28,0,52
BRDA:368,28,1,12173
BRDA:369,29,0,52
BRDA:369,29,1,12121
BRDA:371,30,0,20
BRDA:371,30,1,867
BRDA:373,31,0,1
BRDA:373,31,1,27
BRDA:389,32,0,0
BRDA:389,32,1,816
BRDA:390,33,0,813
BRDA:390,33,1,3
BRDA:394,34,0,3
BRDA:394,34,1,0
BRDA:412,35,0,3
BRDA:412,35,1,3
BRDA:414,36,0,3
BRDA:414,36,1,0
BRDA:414,37,0,3
BRDA:414,37,1,3
BRDA:414,37,2,3
BRDA:416,38,0,0
BRDA:416,38,1,0
BRDA:432,39,0,9
BRDA:432,39,1,4
BRDA:433,40,0,1
BRDA:433,40,1,3
BRDA:433,41,0,4
BRDA:433,41,1,3
BRDA:467,42,0,3
BRDA:467,42,1,1
BRDA:467,43,0,4
BRDA:467,43,1,1
BRDA:467,43,2,1
BRDA:528,44,0,8
BRDA:528,44,1,186
BRDA:529,45,0,194
BRDA:529,45,1,0
BRDA:530,46,0,194
BRDA:530,46,1,24
BRDA:530,47,0,194
BRDA:530,47,1,0
BRDA:534,48,0,168
BRDA:534,48,1,144
BRDA:540,49,0,28
BRDA:540,49,1,27
BRDA:633,50,0,1
BRDA:633,50,1,0
BRDA:638,51,0,2
BRDA:638,51,1,0
BRDA:652,52,0,1
BRDA:652,52,1,335
BRDA:686,53,0,2
BRDA:686,53,1,1
BRDA:703,54,0,18
BRDA:703,54,1,0
BRDA:704,55,0,18
BRDA:704,55,1,1
BRDA:705,56,0,18
BRDA:705,56,1,0
BRDA:710,57,0,3
BRDA:710,57,1,0
BRDA:722,58,0,4
BRDA:722,58,1,0
BRDA:724,59,0,0
BRDA:724,59,1,4
BRDA:724,60,0,4
BRDA:724,60,1,0
BRDA:732,61,0,2
BRDA:732,61,1,1
BRDA:736,62,0,0
BRDA:736,62,1,1
BRDA:739,63,0,1
BRDA:739,63,1,0
BRF:130
BRH:100
end_of_record
TN:
SF:src\core\context-recovery.ts
FN:12,recover
FN:23,validateHandoff
FNF:2
FNH:1
FNDA:2,recover
FNDA:0,validateHandoff
DA:13,2
DA:14,2
DA:24,0
DA:25,0
LF:4
LH:2
BRDA:13,0,0,2
BRDA:13,0,1,1
BRDA:15,1,0,2
BRDA:15,1,1,1
BRDA:16,2,0,2
BRDA:16,2,1,1
BRDA:17,3,0,0
BRDA:17,3,1,2
BRDA:24,4,0,0
BRDA:24,4,1,0
BRF:10
BRH:7
end_of_record
TN:
SF:src\core\debug-gate.ts
FN:8,enforce
FNF:1
FNH:1
FNDA:14,enforce
DA:9,14
DA:10,12
DA:17,2
LF:3
LH:3
BRDA:9,0,0,12
BRDA:9,0,1,2
BRF:2
BRH:2
end_of_record
TN:
SF:src\core\decision-point.ts
FN:33,require
FN:43,confirm
FN:51,resolveNode
FNF:3
FNH:3
FNDA:3,require
FNDA:3,confirm
FNDA:3,resolveNode
DA:21,1
DA:34,3
DA:35,3
DA:44,3
DA:52,3
DA:53,7
DA:54,3
DA:57,0
LF:8
LH:7
BRDA:46,0,0,3
BRDA:46,0,1,2
BRDA:53,1,0,3
BRDA:53,1,1,4
BRDA:53,2,0,7
BRDA:53,2,1,4
BRF:6
BRH:6
end_of_record
TN:
SF:src\core\detect.ts
FN:15,getBaseDir
FN:19,hasPluginSuperpowers
FN:34,(anonymous_2)
FN:44,hasOpenCodePluginSuperpowers
FN:51,(anonymous_4)
FN:62,(anonymous_5)
FN:73,hasDrivCommands
FN:74,(anonymous_7)
FN:80,(anonymous_8)
FN:83,detectPlatforms
FN:108,hasSkills
FN:116,(anonymous_11)
FN:124,(anonymous_12)
FN:128,(anonymous_13)
FN:131,(anonymous_14)
FN:140,(anonymous_15)
FN:146,(anonymous_16)
FN:154,(anonymous_17)
FN:158,(anonymous_18)
FN:161,(anonymous_19)
FN:172,(anonymous_20)
FNF:21
FNH:10
FNDA:23,getBaseDir
FNDA:0,hasPluginSuperpowers
FNDA:0,(anonymous_2)
FNDA:0,hasOpenCodePluginSuperpowers
FNDA:0,(anonymous_4)
FNDA:0,(anonymous_5)
FNDA:43,hasDrivCommands
FNDA:1006,(anonymous_7)
FNDA:51,(anonymous_8)
FNDA:19,detectPlatforms
FNDA:135,hasSkills
FNDA:135,(anonymous_11)
FNDA:135,(anonymous_12)
FNDA:0,(anonymous_13)
FNDA:0,(anonymous_14)
FNDA:0,(anonymous_15)
FNDA:70,(anonymous_16)
FNDA:70,(anonymous_17)
FNDA:0,(anonymous_18)
FNDA:0,(anonymous_19)
FNDA:0,(anonymous_20)
DA:7,2
DA:16,23
DA:20,0
DA:21,0
DA:23,0
DA:24,0
DA:25,0
DA:26,0
DA:27,0
DA:29,0
DA:30,0
DA:31,0
DA:32,0
DA:33,0
DA:34,0
DA:35,0
DA:41,0
DA:46,0
DA:48,0
DA:49,0
DA:50,0
DA:51,0
DA:52,0
DA:56,0
DA:57,0
DA:58,0
DA:59,0
DA:60,0
DA:61,0
DA:62,0
DA:63,0
DA:70,0
DA:74,1006
DA:75,43
DA:77,6
DA:78,6
DA:79,6
DA:80,51
DA:84,19
DA:86,19
DA:87,551
DA:88,19
DA:89,76
DA:90,0
DA:91,0
DA:95,532
DA:96,532
DA:97,532
DA:98,5
DA:99,5
DA:105,19
DA:115,135
DA:117,135
DA:118,135
DA:124,135
DA:126,135
DA:128,0
DA:129,0
DA:131,0
DA:132,0
DA:134,135
DA:135,27
DA:136,27
DA:138,21
DA:140,108
DA:141,108
DA:144,129
DA:145,70
DA:147,70
DA:148,70
DA:154,70
DA:156,70
DA:158,0
DA:159,0
DA:161,0
DA:162,0
DA:164,70
DA:165,16
DA:166,16
DA:167,0
DA:170,16
DA:172,54
DA:173,54
DA:177,129
DA:178,0
DA:181,129
DA:182,0
DA:185,129
LF:88
LH:45
BRDA:16,0,0,1
BRDA:16,0,1,22
BRDA:20,1,0,0
BRDA:20,1,1,0
BRDA:27,2,0,0
BRDA:27,2,1,0
BRDA:32,3,0,0
BRDA:32,3,1,0
BRDA:34,4,0,0
BRDA:34,4,1,0
BRDA:46,5,0,0
BRDA:46,5,1,0
BRDA:49,6,0,0
BRDA:49,6,1,0
BRDA:51,7,0,0
BRDA:51,7,1,0
BRDA:57,8,0,0
BRDA:57,8,1,0
BRDA:61,9,0,0
BRDA:61,9,1,0
BRDA:62,10,0,0
BRDA:62,10,1,0
BRDA:62,11,0,0
BRDA:62,11,1,0
BRDA:75,12,0,37
BRDA:75,12,1,6
BRDA:78,13,0,0
BRDA:78,13,1,6
BRDA:87,14,0,19
BRDA:87,14,1,532
BRDA:87,15,0,551
BRDA:87,15,1,19
BRDA:89,16,0,0
BRDA:89,16,1,76
BRDA:97,17,0,5
BRDA:97,17,1,527
BRDA:112,18,0,135
BRDA:113,19,0,135
BRDA:120,20,0,9
BRDA:120,20,1,126
BRDA:126,21,0,0
BRDA:126,21,1,0
BRDA:126,21,2,135
BRDA:128,22,0,0
BRDA:128,22,1,0
BRDA:131,23,0,0
BRDA:131,23,1,0
BRDA:134,24,0,27
BRDA:134,24,1,108
BRDA:134,25,0,135
BRDA:134,25,1,112
BRDA:136,26,0,6
BRDA:136,26,1,21
BRDA:140,27,0,0
BRDA:140,27,1,108
BRDA:144,28,0,70
BRDA:144,28,1,59
BRDA:144,29,0,129
BRDA:144,29,1,70
BRDA:150,30,0,14
BRDA:150,30,1,56
BRDA:156,31,0,0
BRDA:156,31,1,0
BRDA:156,31,2,70
BRDA:158,32,0,0
BRDA:158,32,1,0
BRDA:161,33,0,0
BRDA:161,33,1,0
BRDA:164,34,0,16
BRDA:164,34,1,54
BRDA:164,35,0,70
BRDA:164,35,1,56
BRDA:166,36,0,0
BRDA:166,36,1,16
BRDA:172,37,0,0
BRDA:172,37,1,54
BRDA:177,38,0,0
BRDA:177,38,1,129
BRDA:177,39,0,129
BRDA:177,39,1,0
BRDA:178,40,0,0
BRDA:178,40,1,0
BRDA:181,41,0,0
BRDA:181,41,1,129
BRDA:181,42,0,129
BRDA:181,42,1,0
BRDA:182,43,0,0
BRDA:182,43,1,0
BRF:88
BRH:41
end_of_record
TN:
SF:src\core\dirty-worktree.ts
FN:18,constructor
FN:20,check
FN:28,(anonymous_2)
FN:32,(anonymous_3)
FN:40,classifyPaths
FN:41,(anonymous_5)
FNF:6
FNH:6
FNDA:3,constructor
FNDA:3,check
FNDA:3,(anonymous_2)
FNDA:1,(anonymous_3)
FNDA:1,classifyPaths
FNDA:1,(anonymous_5)
DA:4,2
DA:18,3
DA:21,3
DA:22,1
DA:24,2
DA:25,2
DA:28,3
DA:29,2
DA:30,1
DA:32,1
DA:33,1
DA:34,1
DA:36,0
DA:41,1
DA:42,1
DA:43,1
DA:44,0
DA:46,1
DA:47,1
DA:48,0
DA:49,1
DA:50,0
DA:52,1
LF:23
LH:19
BRDA:21,0,0,1
BRDA:21,0,1,2
BRDA:29,1,0,1
BRDA:29,1,1,1
BRDA:43,2,0,0
BRDA:43,2,1,1
BRDA:43,3,0,1
BRDA:43,3,1,0
BRDA:47,4,0,0
BRDA:47,4,1,1
BRDA:49,5,0,0
BRDA:49,5,1,1
BRF:12
BRH:8
end_of_record
TN:
SF:src\core\dispatch.ts
FN:88,constructor
FN:93,generateDispatchPlan
FN:98,(anonymous_2)
FN:99,(anonymous_3)
FN:116,(anonymous_4)
FN:131,recordPlan
FN:145,generateReport
FN:181,(anonymous_7)
FN:228,canTransition
FN:248,(anonymous_9)
FN:252,(anonymous_10)
FN:256,(anonymous_11)
FNF:12
FNH:12
FNDA:10,constructor
FNDA:10,generateDispatchPlan
FNDA:11,(anonymous_2)
FNDA:11,(anonymous_3)
FNDA:11,(anonymous_4)
FNDA:4,recordPlan
FNDA:6,generateReport
FNDA:1,(anonymous_7)
FNDA:12,canTransition
FNDA:1,(anonymous_9)
FNDA:1,(anonymous_10)
FNDA:1,(anonymous_11)
DA:89,10
DA:90,10
DA:94,10
DA:98,11
DA:100,11
DA:116,11
DA:123,10
DA:132,4
DA:146,6
DA:160,6
DA:161,10
DA:162,10
DA:163,10
DA:164,10
DA:165,10
DA:166,10
DA:167,10
DA:168,10
DA:169,10
DA:170,0
DA:171,0
DA:172,0
DA:175,10
DA:176,1
DA:178,10
DA:181,6
DA:182,1
DA:185,6
DA:186,1
DA:189,6
DA:190,6
DA:191,1
DA:192,2
DA:195,5
DA:197,6
DA:199,6
DA:205,2
DA:213,2
DA:221,2
DA:233,12
DA:234,12
DA:235,1
DA:237,11
DA:238,3
DA:241,8
DA:242,4
DA:243,1
DA:248,3
DA:249,3
DA:250,1
DA:252,2
DA:253,2
DA:254,1
DA:256,1
DA:261,5
LF:55
LH:52
BRDA:149,0,0,6
BRDA:149,0,1,0
BRDA:161,1,0,10
BRDA:161,1,1,9
BRDA:162,2,0,1
BRDA:162,2,1,9
BRDA:162,3,0,0
BRDA:162,3,1,9
BRDA:167,4,0,6
BRDA:167,4,1,4
BRDA:169,5,0,0
BRDA:169,5,1,10
BRDA:175,6,0,1
BRDA:175,6,1,9
BRDA:182,7,0,1
BRDA:182,7,1,0
BRDA:185,8,0,1
BRDA:185,8,1,5
BRDA:190,9,0,1
BRDA:190,9,1,5
BRDA:234,10,0,1
BRDA:234,10,1,11
BRDA:234,11,0,12
BRDA:234,11,1,12
BRDA:237,12,0,3
BRDA:237,12,1,8
BRDA:241,13,0,4
BRDA:241,13,1,4
BRDA:241,14,0,8
BRDA:241,14,1,5
BRDA:241,14,2,5
BRDA:242,15,0,1
BRDA:242,15,1,3
BRDA:249,16,0,1
BRDA:249,16,1,2
BRDA:253,17,0,1
BRDA:253,17,1,1
BRF:37
BRH:33
end_of_record
TN:
SF:src\core\git-ops.ts
FN:23,constructor
FN:28,status
FN:30,(anonymous_2)
FN:52,getHeadSha
FN:57,getChangedFiles
FN:67,(anonymous_5)
FN:68,(anonymous_6)
FN:71,createBranch
FN:75,checkoutBranch
FN:79,mergeBranch
FN:103,extractFilePath
FNF:11
FNH:11
FNDA:33,constructor
FNDA:15,status
FNDA:22,(anonymous_2)
FNDA:7,getHeadSha
FNDA:4,getChangedFiles
FNDA:8,(anonymous_5)
FNDA:4,(anonymous_6)
FNDA:10,createBranch
FNDA:11,checkoutBranch
FNDA:5,mergeBranch
FNDA:7,extractFilePath
DA:24,33
DA:25,33
DA:29,15
DA:30,22
DA:31,15
DA:32,15
DA:34,15
DA:35,7
DA:36,7
DA:37,7
DA:38,5
DA:39,2
DA:40,2
DA:44,15
DA:47,15
DA:49,15
DA:53,7
DA:54,7
DA:58,4
DA:59,4
DA:60,1
DA:62,3
DA:64,4
DA:65,4
DA:67,8
DA:68,4
DA:72,10
DA:76,11
DA:83,5
DA:85,1
DA:86,1
DA:88,2
DA:89,2
DA:91,1
DA:92,1
DA:93,1
DA:94,1
DA:95,1
DA:96,1
DA:99,1
DA:104,7
DA:105,7
DA:106,7
DA:107,0
DA:109,7
LF:45
LH:44
BRDA:37,0,0,5
BRDA:37,0,1,2
BRDA:39,1,0,2
BRDA:39,1,1,0
BRDA:39,2,0,2
BRDA:39,2,1,1
BRDA:59,3,0,1
BRDA:59,3,1,3
BRDA:81,4,0,5
BRDA:83,5,0,1
BRDA:83,5,1,2
BRDA:83,5,2,1
BRDA:83,5,3,1
BRDA:106,6,0,0
BRDA:106,6,1,7
BRF:15
BRH:13
end_of_record
TN:
SF:src\core\handoff-manager.ts
FN:40,hashString
FN:44,hashObject
FN:49,hashFile
FN:56,compress
FN:85,constructor
FN:91,collectSourceFiles
FN:128,generate
FN:137,(anonymous_7)
FN:158,validate
FN:186,(anonymous_9)
FN:196,getMismatchedFiles
FN:227,getHandoffPackage
FN:242,readChangeFile
FN:254,hashAndSummarize
FN:265,buildContext
FN:342,extractIntent
FN:370,extractAcceptanceCriteria
FN:401,writeHandoffFiles
FN:414,generateMarkdown
FNF:19
FNH:19
FNDA:3,hashString
FNDA:3,hashObject
FNDA:3,hashFile
FNDA:19,compress
FNDA:33,constructor
FNDA:23,collectSourceFiles
FNDA:22,generate
FNDA:58,(anonymous_7)
FNDA:2,validate
FNDA:5,(anonymous_9)
FNDA:6,getMismatchedFiles
FNDA:6,getHandoffPackage
FNDA:2,readChangeFile
FNDA:63,hashAndSummarize
FNDA:22,buildContext
FNDA:16,extractIntent
FNDA:16,extractAcceptanceCriteria
FNDA:22,writeHandoffFiles
FNDA:22,generateMarkdown
DA:41,113
DA:45,25
DA:46,25
DA:50,1
DA:51,1
DA:57,19
DA:59,16
DA:61,2
DA:71,1
DA:86,33
DA:87,33
DA:88,33
DA:92,23
DA:93,23
DA:95,23
DA:96,23
DA:97,69
DA:98,69
DA:99,51
DA:103,23
DA:104,23
DA:105,6
DA:106,6
DA:107,6
DA:108,6
DA:109,6
DA:114,23
DA:115,23
DA:116,6
DA:117,6
DA:118,6
DA:119,6
DA:120,6
DA:125,23
DA:129,22
DA:130,22
DA:131,22
DA:132,22
DA:136,22
DA:137,58
DA:141,22
DA:154,22
DA:155,22
DA:159,2
DA:160,2
DA:162,2
DA:163,0
DA:167,2
DA:168,2
DA:170,0
DA:173,2
DA:174,6
DA:175,6
DA:176,6
DA:177,6
DA:178,1
DA:181,0
DA:185,1
DA:186,5
DA:193,1
DA:197,6
DA:198,6
DA:200,6
DA:201,1
DA:205,5
DA:206,5
DA:208,0
DA:211,5
DA:212,5
DA:213,15
DA:214,15
DA:215,15
DA:216,15
DA:217,1
DA:220,0
DA:224,5
DA:228,6
DA:229,6
DA:231,6
DA:232,1
DA:235,5
DA:236,5
DA:238,0
DA:243,2
DA:244,2
DA:245,0
DA:247,2
DA:248,2
DA:250,0
DA:255,63
DA:256,63
DA:257,63
DA:258,63
DA:266,22
DA:267,22
DA:268,22
DA:270,22
DA:271,22
DA:272,16
DA:273,16
DA:274,16
DA:277,22
DA:278,22
DA:280,22
DA:281,22
DA:282,16
DA:283,16
DA:284,16
DA:285,64
DA:286,64
DA:287,15
DA:288,15
DA:290,49
DA:291,49
DA:292,31
DA:293,10
DA:294,21
DA:295,5
DA:300,22
DA:301,22
DA:302,22
DA:303,22
DA:304,16
DA:305,16
DA:306,55
DA:307,55
DA:308,19
DA:311,16
DA:312,16
DA:313,4
DA:317,22
DA:318,22
DA:319,22
DA:320,5
DA:321,5
DA:322,5
DA:323,5
DA:324,5
DA:325,5
DA:326,5
DA:331,22
DA:343,16
DA:344,16
DA:345,16
DA:346,16
DA:347,73
DA:348,73
DA:349,12
DA:350,2
DA:352,10
DA:353,10
DA:354,9
DA:356,10
DA:358,61
DA:359,13
DA:360,13
DA:361,9
DA:362,4
DA:363,4
DA:367,16
DA:371,16
DA:372,16
DA:373,16
DA:374,55
DA:375,55
DA:376,1
DA:377,1
DA:379,54
DA:384,3
DA:385,3
DA:386,2
DA:388,3
DA:390,51
DA:391,51
DA:392,2
DA:393,2
DA:394,2
DA:398,16
DA:402,22
DA:403,22
DA:405,22
DA:410,22
DA:411,22
DA:415,22
DA:426,22
DA:427,58
DA:428,58
DA:429,58
DA:430,58
DA:433,22
DA:434,22
DA:435,22
DA:436,9
DA:438,22
DA:439,22
DA:440,22
DA:441,22
DA:442,22
DA:443,22
DA:444,22
DA:445,22
DA:446,22
DA:447,22
DA:448,2
DA:449,4
DA:450,2
DA:452,22
DA:453,22
DA:454,22
DA:456,22
DA:457,22
DA:458,22
DA:460,22
LF:213
LH:205
BRDA:57,0,0,16
BRDA:57,0,1,2
BRDA:57,0,2,1
BRDA:62,1,0,1
BRDA:62,1,1,1
BRDA:67,2,0,1
BRDA:67,2,1,1
BRDA:72,3,0,1
BRDA:72,3,1,0
BRDA:77,4,0,1
BRDA:77,4,1,0
BRDA:98,5,0,51
BRDA:98,5,1,18
BRDA:104,6,0,6
BRDA:104,6,1,17
BRDA:108,7,0,6
BRDA:108,7,1,0
BRDA:115,8,0,6
BRDA:115,8,1,17
BRDA:118,9,0,6
BRDA:118,9,1,0
BRDA:132,10,0,16
BRDA:132,10,1,6
BRDA:162,11,0,0
BRDA:162,11,1,2
BRDA:177,12,0,1
BRDA:177,12,1,5
BRDA:200,13,0,1
BRDA:200,13,1,5
BRDA:216,14,0,1
BRDA:216,14,1,14
BRDA:231,15,0,1
BRDA:231,15,1,5
BRDA:244,16,0,0
BRDA:244,16,1,2
BRDA:271,17,0,16
BRDA:271,17,1,6
BRDA:281,18,0,16
BRDA:281,18,1,6
BRDA:286,19,0,15
BRDA:286,19,1,49
BRDA:291,20,0,18
BRDA:291,20,1,31
BRDA:292,21,0,10
BRDA:292,21,1,21
BRDA:294,22,0,5
BRDA:294,22,1,16
BRDA:303,23,0,16
BRDA:303,23,1,6
BRDA:307,24,0,19
BRDA:307,24,1,36
BRDA:319,25,0,5
BRDA:319,25,1,17
BRDA:322,26,0,5
BRDA:322,26,1,0
BRDA:325,27,0,5
BRDA:325,27,1,0
BRDA:348,28,0,12
BRDA:348,28,1,61
BRDA:349,29,0,2
BRDA:349,29,1,10
BRDA:353,30,0,9
BRDA:353,30,1,1
BRDA:353,31,0,10
BRDA:353,31,1,7
BRDA:353,31,2,1
BRDA:358,32,0,13
BRDA:358,32,1,48
BRDA:358,33,0,61
BRDA:358,33,1,13
BRDA:360,34,0,9
BRDA:360,34,1,4
BRDA:362,35,0,4
BRDA:362,35,1,0
BRDA:375,36,0,1
BRDA:375,36,1,54
BRDA:379,37,0,3
BRDA:379,37,1,51
BRDA:380,38,0,54
BRDA:380,38,1,51
BRDA:380,38,2,51
BRDA:385,39,0,2
BRDA:385,39,1,1
BRDA:391,40,0,2
BRDA:391,40,1,49
BRDA:393,41,0,2
BRDA:393,41,1,0
BRDA:435,42,0,9
BRDA:435,42,1,13
BRDA:447,43,0,2
BRDA:447,43,1,20
BRF:91
BRH:81
end_of_record
TN:
SF:src\core\manifest.ts
FN:52,getDefaultManifest
FN:56,loadManifest
FN:67,writeManifest
FN:77,getPackageVersion
FN:81,getManifestSkills
FN:85,ensureManifest
FNF:6
FNH:5
FNDA:9,getDefaultManifest
FNDA:7,loadManifest
FNDA:1,writeManifest
FNDA:23,getPackageVersion
FNDA:5,getManifestSkills
FNDA:0,ensureManifest
DA:6,3
DA:7,3
DA:9,3
DA:13,3
DA:50,3
DA:53,9
DA:57,7
DA:58,7
DA:59,7
DA:60,7
DA:61,1
DA:63,6
DA:68,1
DA:69,1
DA:70,1
DA:78,23
DA:82,5
DA:86,0
DA:87,0
DA:94,0
DA:95,0
DA:97,0
DA:98,0
DA:99,0
DA:100,0
DA:101,0
LF:26
LH:17
BRDA:82,0,0,2
BRDA:82,0,1,3
BRDA:91,1,0,0
BRDA:91,1,1,0
BRDA:92,2,0,0
BRDA:92,2,1,0
BRDA:94,3,0,0
BRDA:94,3,1,0
BRDA:94,4,0,0
BRDA:94,4,1,0
BRDA:97,5,0,0
BRDA:97,5,1,0
BRDA:98,6,0,0
BRDA:98,6,1,0
BRDA:99,7,0,0
BRDA:99,7,1,0
BRF:16
BRH:2
end_of_record
TN:
SF:src\core\openspec.ts
FN:3,getNpmExecutable
FN:11,execFileSafe
FN:23,isCommandAvailable
FN:33,getNpxExecutable
FN:37,buildOpenSpecInitInvocation
FN:58,installOpenSpec
FNF:6
FNH:6
FNDA:4,getNpmExecutable
FNDA:1,execFileSafe
FNDA:2,isCommandAvailable
FNDA:3,getNpxExecutable
FNDA:5,buildOpenSpecInitInvocation
FNDA:1,installOpenSpec
DA:4,4
DA:16,1
DA:17,1
DA:19,0
DA:24,2
DA:25,2
DA:26,2
DA:27,2
DA:29,1
DA:34,3
DA:44,5
DA:45,3
DA:46,3
DA:47,2
DA:49,3
DA:51,2
DA:52,2
DA:53,1
DA:55,2
DA:65,1
DA:66,1
DA:67,1
DA:72,1
DA:74,1
DA:75,1
DA:76,1
DA:77,0
DA:78,0
DA:79,0
DA:84,0
DA:86,0
DA:89,1
LF:32
LH:26
BRDA:3,0,0,4
BRDA:4,1,0,2
BRDA:4,1,1,2
BRDA:16,2,0,1
BRDA:16,2,1,0
BRDA:16,3,0,1
BRDA:16,3,1,1
BRDA:16,3,2,0
BRDA:25,4,0,2
BRDA:25,4,1,0
BRDA:33,5,0,3
BRDA:34,6,0,3
BRDA:34,6,1,0
BRDA:41,7,0,5
BRDA:42,8,0,5
BRDA:44,9,0,3
BRDA:44,9,1,2
BRDA:46,10,0,2
BRDA:46,10,1,1
BRDA:52,11,0,1
BRDA:52,11,1,1
BRDA:75,12,0,1
BRDA:75,12,1,1
BRDA:76,13,0,0
BRDA:76,13,1,1
BRDA:76,14,0,1
BRDA:76,14,1,0
BRF:27
BRH:21
end_of_record
TN:
SF:src\core\path-resolver.ts
FN:6,constructor
FN:10,openspecDir
FN:14,changesDir
FN:18,changeDir
FN:22,stateFile
FN:26,handoffDir
FN:30,normalize
FNF:7
FNH:7
FNDA:138,constructor
FNDA:580,openspecDir
FNDA:579,changesDir
FNDA:578,changeDir
FNDA:470,stateFile
FNDA:38,handoffDir
FNDA:127,normalize
DA:7,138
DA:11,580
DA:15,579
DA:19,578
DA:23,470
DA:27,38
DA:31,127
LF:7
LH:7
BRF:0
BRH:0
end_of_record
TN:
SF:src\core\phase-guard.ts
FN:33,succeed
FN:37,buildResult
FN:45,fail
FN:58,constructor
FN:63,checkEntry
FN:78,checkDesignEntry
FN:102,checkBuildEntry
FN:163,checkVerifyEntry
FN:201,checkArchiveEntry
FN:228,validateHandoffHash
FN:235,checkIntentAlignment
FN:260,intentAligned
FN:265,(anonymous_12)
FN:268,extractKeywords
FN:271,(anonymous_14)
FN:275,checkExit
FN:290,applyTransition
FN:309,checkClarifyExit
FN:375,checkDesignExit
FN:453,checkBuildExit
FN:568,checkVerifyExit
FN:604,checkArchiveExit
FNF:22
FNH:21
FNDA:1,succeed
FNDA:36,buildResult
FNDA:40,fail
FNDA:36,constructor
FNDA:16,checkEntry
FNDA:3,checkDesignEntry
FNDA:10,checkBuildEntry
FNDA:1,checkVerifyEntry
FNDA:1,checkArchiveEntry
FNDA:7,validateHandoffHash
FNDA:7,checkIntentAlignment
FNDA:2,intentAligned
FNDA:6,(anonymous_12)
FNDA:2,extractKeywords
FNDA:8,(anonymous_14)
FNDA:21,checkExit
FNDA:2,applyTransition
FNDA:5,checkClarifyExit
FNDA:5,checkDesignExit
FNDA:9,checkBuildExit
FNDA:2,checkVerifyExit
FNDA:0,checkArchiveExit
DA:34,1
DA:42,36
DA:52,40
DA:55,2
DA:59,36
DA:60,36
DA:64,16
DA:66,3
DA:68,10
DA:70,1
DA:72,1
DA:74,1
DA:79,3
DA:80,3
DA:81,0
DA:83,3
DA:84,1
DA:94,3
DA:95,0
DA:99,3
DA:103,10
DA:104,10
DA:105,0
DA:107,10
DA:108,1
DA:118,10
DA:119,0
DA:123,10
DA:124,1
DA:134,10
DA:135,7
DA:136,7
DA:137,1
DA:147,7
DA:148,7
DA:149,1
DA:152,10
DA:155,10
DA:156,1
DA:160,10
DA:164,1
DA:165,1
DA:166,0
DA:168,1
DA:169,0
DA:179,1
DA:180,0
DA:182,1
DA:183,0
DA:193,1
DA:194,0
DA:198,1
DA:202,1
DA:203,1
DA:204,0
DA:208,1
DA:209,0
DA:219,1
DA:220,0
DA:222,1
DA:223,0
DA:225,1
DA:229,7
DA:230,1
DA:232,6
DA:236,7
DA:237,1
DA:239,6
DA:240,6
DA:241,4
DA:243,2
DA:244,2
DA:245,2
DA:246,0
DA:248,2
DA:249,1
DA:251,1
DA:261,2
DA:262,2
DA:263,0
DA:265,6
DA:269,2
DA:271,8
DA:272,2
DA:276,21
DA:278,5
DA:280,5
DA:282,9
DA:284,2
DA:286,0
DA:296,2
DA:297,2
DA:298,1
DA:300,1
DA:301,1
DA:302,1
DA:303,0
DA:306,1
DA:310,5
DA:312,5
DA:313,2
DA:324,5
DA:325,0
DA:336,5
DA:337,2
DA:348,5
DA:349,2
DA:360,5
DA:361,2
DA:372,5
DA:376,5
DA:378,5
DA:379,1
DA:390,5
DA:391,3
DA:402,5
DA:403,1
DA:414,5
DA:415,1
DA:426,5
DA:427,2
DA:438,5
DA:439,4
DA:450,5
DA:454,9
DA:456,9
DA:457,1
DA:469,9
DA:470,1
DA:479,8
DA:484,2
DA:486,1
DA:488,1
DA:499,9
DA:500,0
DA:511,9
DA:512,1
DA:517,9
DA:518,1
DA:529,9
DA:530,3
DA:541,9
DA:542,1
DA:553,9
DA:554,2
DA:565,9
DA:569,2
DA:571,2
DA:572,1
DA:583,2
DA:584,1
DA:589,2
DA:590,1
DA:601,2
DA:605,0
DA:607,0
DA:608,0
DA:619,0
DA:620,0
DA:631,0
DA:632,0
DA:643,0
LF:162
LH:135
BRDA:64,0,0,3
BRDA:64,0,1,10
BRDA:64,0,2,1
BRDA:64,0,3,1
BRDA:64,0,4,1
BRDA:80,1,0,0
BRDA:80,1,1,3
BRDA:83,2,0,1
BRDA:83,2,1,2
BRDA:94,3,0,0
BRDA:94,3,1,3
BRDA:104,4,0,0
BRDA:104,4,1,10
BRDA:107,5,0,1
BRDA:107,5,1,9
BRDA:118,6,0,0
BRDA:118,6,1,10
BRDA:123,7,0,1
BRDA:123,7,1,9
BRDA:134,8,0,7
BRDA:134,8,1,3
BRDA:136,9,0,1
BRDA:136,9,1,6
BRDA:148,10,0,1
BRDA:148,10,1,6
BRDA:152,11,0,2
BRDA:152,11,1,8
BRDA:155,12,0,1
BRDA:155,12,1,9
BRDA:165,13,0,0
BRDA:165,13,1,1
BRDA:168,14,0,0
BRDA:168,14,1,1
BRDA:179,15,0,0
BRDA:179,15,1,1
BRDA:182,16,0,0
BRDA:182,16,1,1
BRDA:187,17,0,0
BRDA:187,17,1,0
BRDA:193,18,0,0
BRDA:193,18,1,1
BRDA:203,19,0,0
BRDA:203,19,1,1
BRDA:208,20,0,0
BRDA:208,20,1,1
BRDA:219,21,0,0
BRDA:219,21,1,1
BRDA:222,22,0,0
BRDA:222,22,1,1
BRDA:229,23,0,1
BRDA:229,23,1,6
BRDA:236,24,0,1
BRDA:236,24,1,6
BRDA:240,25,0,4
BRDA:240,25,1,2
BRDA:240,26,0,6
BRDA:240,26,1,5
BRDA:245,27,0,0
BRDA:245,27,1,2
BRDA:248,28,0,1
BRDA:248,28,1,1
BRDA:262,29,0,0
BRDA:262,29,1,2
BRDA:276,30,0,5
BRDA:276,30,1,5
BRDA:276,30,2,9
BRDA:276,30,3,2
BRDA:276,30,4,0
BRDA:297,31,0,1
BRDA:297,31,1,1
BRDA:300,32,0,1
BRDA:300,32,1,0
BRDA:300,33,0,1
BRDA:300,33,1,1
BRDA:302,34,0,0
BRDA:302,34,1,1
BRDA:312,35,0,2
BRDA:312,35,1,3
BRDA:324,36,0,0
BRDA:324,36,1,5
BRDA:336,37,0,2
BRDA:336,37,1,3
BRDA:336,38,0,5
BRDA:336,38,1,5
BRDA:341,39,0,2
BRDA:341,39,1,0
BRDA:348,40,0,2
BRDA:348,40,1,3
BRDA:360,41,0,2
BRDA:360,41,1,3
BRDA:378,42,0,1
BRDA:378,42,1,4
BRDA:390,43,0,3
BRDA:390,43,1,2
BRDA:395,44,0,3
BRDA:395,44,1,0
BRDA:402,45,0,1
BRDA:402,45,1,4
BRDA:414,46,0,1
BRDA:414,46,1,4
BRDA:426,47,0,2
BRDA:426,47,1,3
BRDA:438,48,0,4
BRDA:438,48,1,1
BRDA:456,49,0,1
BRDA:456,49,1,8
BRDA:469,50,0,1
BRDA:469,50,1,8
BRDA:479,51,0,6
BRDA:479,51,1,2
BRDA:484,52,0,1
BRDA:484,52,1,1
BRDA:486,53,0,1
BRDA:486,53,1,0
BRDA:499,54,0,0
BRDA:499,54,1,9
BRDA:511,55,0,1
BRDA:511,55,1,8
BRDA:517,56,0,1
BRDA:517,56,1,8
BRDA:522,57,0,1
BRDA:522,57,1,1
BRDA:529,58,0,3
BRDA:529,58,1,6
BRDA:534,59,0,3
BRDA:534,59,1,3
BRDA:541,60,0,1
BRDA:541,60,1,8
BRDA:553,61,0,2
BRDA:553,61,1,7
BRDA:571,62,0,1
BRDA:571,62,1,1
BRDA:583,63,0,1
BRDA:583,63,1,1
BRDA:589,64,0,1
BRDA:589,64,1,1
BRDA:607,65,0,0
BRDA:607,65,1,0
BRDA:619,66,0,0
BRDA:619,66,1,0
BRDA:624,67,0,0
BRDA:624,67,1,0
BRDA:631,68,0,0
BRDA:631,68,1,0
BRDA:636,69,0,0
BRDA:636,69,1,0
BRF:146
BRH:111
end_of_record
TN:
SF:src\core\placeholder-parser.ts
FN:10,parse
FN:23,replace
FN:25,(anonymous_2)
FNF:3
FNH:3
FNDA:4,parse
FNDA:4,replace
FNDA:72,(anonymous_2)
DA:1,4
DA:11,7
DA:12,7
DA:13,7
DA:14,8
DA:20,7
DA:24,20
DA:27,72
DA:28,63
DA:30,9
DA:31,5
DA:33,4
LF:12
LH:12
BRDA:16,0,0,8
BRDA:16,0,1,4
BRDA:27,1,0,63
BRDA:27,1,1,9
BRDA:30,2,0,5
BRDA:30,2,1,4
BRF:6
BRH:6
end_of_record
TN:
SF:src\core\platforms.ts
FN:17,getPlatformSkillsDir
FN:24,getPlatformSkillsDirs
FNF:2
FNH:2
FNDA:939,getPlatformSkillsDir
FNDA:737,getPlatformSkillsDirs
DA:18,939
DA:19,141
DA:21,798
DA:25,737
DA:28,6
LF:5
LH:5
BRDA:18,0,0,141
BRDA:18,0,1,798
BRDA:18,1,0,939
BRDA:18,1,1,189
BRF:4
BRH:4
end_of_record
TN:
SF:src\core\review-system.ts
FN:92,constructor
FN:108,reviewDir
FN:112,reviewFilePath
FN:116,createReview
FN:120,(anonymous_4)
FN:149,executeChecklist
FN:151,(anonymous_6)
FN:165,(anonymous_7)
FN:165,(anonymous_8)
FN:175,submitReview
FN:185,checkStatus
FN:191,listReviews
FN:230,runAutoCheck
FN:330,(anonymous_13)
FNF:14
FNH:14
FNDA:24,constructor
FNDA:17,reviewDir
FNDA:15,reviewFilePath
FNDA:12,createReview
FNDA:84,(anonymous_4)
FNDA:13,executeChecklist
FNDA:101,(anonymous_6)
FNDA:101,(anonymous_7)
FNDA:33,(anonymous_8)
FNDA:3,submitReview
FNDA:5,checkStatus
FNDA:2,listReviews
FNDA:48,runAutoCheck
FNDA:11,(anonymous_13)
DA:48,2
DA:78,2
DA:100,24
DA:101,24
DA:102,24
DA:103,24
DA:104,24
DA:105,24
DA:109,17
DA:113,15
DA:117,12
DA:118,12
DA:119,12
DA:120,84
DA:123,12
DA:124,12
DA:126,12
DA:144,12
DA:145,12
DA:146,12
DA:150,13
DA:151,101
DA:157,13
DA:158,101
DA:159,48
DA:160,48
DA:161,48
DA:165,101
DA:167,13
DA:176,3
DA:177,3
DA:179,3
DA:180,3
DA:182,3
DA:186,5
DA:187,5
DA:188,5
DA:192,2
DA:194,2
DA:195,2
DA:197,1
DA:200,1
DA:201,1
DA:202,3
DA:203,3
DA:204,3
DA:206,3
DA:207,3
DA:208,3
DA:209,3
DA:210,3
DA:211,3
DA:216,3
DA:217,3
DA:218,3
DA:219,3
DA:221,0
DA:224,3
DA:227,1
DA:234,48
DA:236,48
DA:238,1
DA:239,1
DA:240,1
DA:245,0
DA:248,1
DA:249,0
DA:250,0
DA:255,1
DA:258,1
DA:259,1
DA:260,1
DA:265,0
DA:268,1
DA:269,1
DA:270,1
DA:271,0
DA:272,0
DA:273,0
DA:278,0
DA:281,11
DA:282,11
DA:283,11
DA:284,11
DA:285,11
DA:288,10
DA:289,10
DA:296,1
DA:297,1
DA:306,11
DA:307,11
DA:308,11
DA:309,11
DA:310,11
DA:311,9
DA:313,2
DA:314,2
DA:315,2
DA:316,1
DA:323,1
DA:327,11
DA:328,11
DA:329,11
DA:330,11
DA:331,11
DA:332,2
DA:333,2
DA:334,2
DA:335,0
DA:337,2
DA:341,11
DA:342,2
DA:343,2
DA:344,2
DA:345,2
DA:346,2
DA:347,2
DA:348,2
DA:349,1
DA:350,1
DA:354,2
DA:361,9
DA:362,9
DA:371,11
DA:372,11
DA:373,11
DA:374,11
DA:375,11
DA:379,9
DA:381,2
DA:382,2
DA:383,2
DA:384,1
DA:391,1
DA:395,0
LF:135
LH:124
BRDA:105,0,0,24
BRDA:105,0,1,0
BRDA:118,1,0,12
BRDA:118,1,1,0
BRDA:120,2,0,32
BRDA:120,2,1,52
BRDA:131,3,0,12
BRDA:131,3,1,0
BRDA:132,4,0,12
BRDA:132,4,1,0
BRDA:133,5,0,12
BRDA:133,5,1,12
BRDA:150,6,0,13
BRDA:150,6,1,0
BRDA:158,7,0,48
BRDA:158,7,1,53
BRDA:180,8,0,3
BRDA:180,8,1,0
BRDA:202,9,0,0
BRDA:202,9,1,3
BRDA:204,10,0,0
BRDA:204,10,1,3
BRDA:211,11,0,3
BRDA:211,11,1,0
BRDA:236,12,0,1
BRDA:236,12,1,1
BRDA:236,12,2,1
BRDA:236,12,3,1
BRDA:236,12,4,11
BRDA:236,12,5,11
BRDA:236,12,6,11
BRDA:236,12,7,11
BRDA:236,12,8,0
BRDA:238,13,0,1
BRDA:238,13,1,0
BRDA:242,14,0,0
BRDA:242,14,1,1
BRDA:248,15,0,0
BRDA:248,15,1,1
BRDA:252,16,0,0
BRDA:252,16,1,0
BRDA:258,17,0,1
BRDA:258,17,1,0
BRDA:262,18,0,0
BRDA:262,18,1,1
BRDA:268,19,0,1
BRDA:268,19,1,0
BRDA:270,20,0,1
BRDA:270,20,1,0
BRDA:275,21,0,0
BRDA:275,21,1,0
BRDA:291,22,0,9
BRDA:291,22,1,1
BRDA:300,23,0,1
BRDA:300,23,1,0
BRDA:314,24,0,2
BRDA:314,24,1,0
BRDA:314,24,2,0
BRDA:315,25,0,1
BRDA:315,25,1,1
BRDA:315,26,0,2
BRDA:315,26,1,1
BRDA:319,27,0,1
BRDA:319,27,1,0
BRDA:334,28,0,0
BRDA:334,28,1,2
BRDA:345,29,0,2
BRDA:345,29,1,0
BRDA:348,30,0,1
BRDA:348,30,1,1
BRDA:356,31,0,1
BRDA:356,31,1,1
BRDA:365,32,0,0
BRDA:365,32,1,9
BRDA:382,33,0,2
BRDA:382,33,1,0
BRDA:382,33,2,0
BRDA:383,34,0,1
BRDA:383,34,1,1
BRDA:383,35,0,2
BRDA:383,35,1,2
BRDA:387,36,0,0
BRDA:387,36,1,1
BRF:83
BRH:52
end_of_record
TN:
SF:src\core\review-types.ts
FN:82,loadGatesConfig
FNF:1
FNH:1
FNDA:2,loadGatesConfig
DA:5,1
DA:8,1
DA:52,1
DA:83,2
DA:84,2
DA:85,2
DA:86,1
DA:87,1
DA:88,1
DA:90,1
DA:91,1
DA:92,3
DA:93,3
DA:101,1
DA:103,1
LF:15
LH:15
BRDA:88,0,0,0
BRDA:88,0,1,1
BRF:2
BRH:1
end_of_record
TN:
SF:src\core\skills.ts
FN:30,getPackageSkillsDir
FN:34,ensureSkillsDir
FN:40,installDrivSkills
FN:78,createOpenCodeCommands
FN:130,stripFrontmatter
FN:146,readManifest
FN:151,copyDrivRulesForPlatform
FN:206,computeRuleDestPath
FN:220,formatRuleContent
FN:240,installDrivHooksForPlatform
FN:282,buildHookCommand
FN:286,isManagedHookCommand
FN:295,(anonymous_12)
FN:300,mergeHookGroups
FN:305,(anonymous_14)
FN:308,(anonymous_15)
FN:317,(anonymous_16)
FN:330,asHookGroup
FN:334,installClaudeCodeHooks
FN:350,(anonymous_19)
FN:371,installQwenStyleHooks
FN:393,(anonymous_21)
FN:417,installGeminiHooks
FN:460,installWindsurfHooks
FN:486,(anonymous_24)
FN:497,installCopilotHooks
FN:523,installKiroHooks
FNF:27
FNH:10
FNDA:17,getPackageSkillsDir
FNDA:257,ensureSkillsDir
FNDA:17,installDrivSkills
FNDA:41,createOpenCodeCommands
FNDA:233,stripFrontmatter
FNDA:17,readManifest
FNDA:17,copyDrivRulesForPlatform
FNDA:17,computeRuleDestPath
FNDA:16,formatRuleContent
FNDA:17,installDrivHooksForPlatform
FNDA:0,buildHookCommand
FNDA:0,isManagedHookCommand
FNDA:0,(anonymous_12)
FNDA:0,mergeHookGroups
FNDA:0,(anonymous_14)
FNDA:0,(anonymous_15)
FNDA:0,(anonymous_16)
FNDA:0,asHookGroup
FNDA:0,installClaudeCodeHooks
FNDA:0,(anonymous_19)
FNDA:0,installQwenStyleHooks
FNDA:0,(anonymous_21)
FNDA:0,installGeminiHooks
FNDA:0,installWindsurfHooks
FNDA:0,(anonymous_24)
FNDA:0,installCopilotHooks
FNDA:0,installKiroHooks
DA:8,5
DA:9,5
DA:10,5
DA:25,5
DA:31,17
DA:35,257
DA:36,257
DA:37,27
DA:46,17
DA:47,17
DA:48,17
DA:50,17
DA:51,238
DA:52,238
DA:53,238
DA:55,238
DA:56,0
DA:57,0
DA:60,238
DA:61,238
DA:62,0
DA:63,0
DA:65,238
DA:66,14
DA:67,14
DA:70,224
DA:71,224
DA:72,224
DA:75,17
DA:83,41
DA:84,41
DA:85,41
DA:87,41
DA:88,272
DA:90,272
DA:91,15
DA:92,15
DA:95,257
DA:96,257
DA:97,27
DA:98,27
DA:100,230
DA:101,230
DA:102,0
DA:103,0
DA:106,230
DA:107,230
DA:108,230
DA:109,230
DA:122,230
DA:123,230
DA:124,230
DA:127,41
DA:131,233
DA:132,1
DA:135,232
DA:136,232
DA:137,232
DA:138,1
DA:139,1
DA:140,0
DA:143,231
DA:147,17
DA:148,17
DA:157,17
DA:158,0
DA:161,17
DA:162,17
DA:163,17
DA:164,0
DA:168,17
DA:173,17
DA:174,17
DA:176,17
DA:177,17
DA:178,17
DA:179,0
DA:180,0
DA:183,17
DA:184,17
DA:185,17
DA:187,17
DA:188,1
DA:189,1
DA:192,16
DA:193,16
DA:194,16
DA:195,16
DA:196,16
DA:197,16
DA:199,0
DA:203,17
DA:211,17
DA:212,0
DA:214,17
DA:215,0
DA:217,17
DA:221,16
DA:222,0
DA:230,16
DA:231,0
DA:237,16
DA:245,17
DA:246,17
DA:249,0
DA:250,0
DA:251,0
DA:252,0
DA:255,0
DA:256,0
DA:257,0
DA:259,0
DA:260,0
DA:262,0
DA:265,0
DA:267,0
DA:269,0
DA:271,0
DA:273,0
DA:275,0
DA:278,0
DA:283,0
DA:287,0
DA:289,0
DA:293,0
DA:295,0
DA:296,0
DA:305,0
DA:306,0
DA:308,0
DA:309,0
DA:311,0
DA:313,0
DA:316,0
DA:317,0
DA:318,0
DA:320,0
DA:321,0
DA:323,0
DA:327,0
DA:331,0
DA:339,0
DA:341,0
DA:342,0
DA:343,0
DA:344,0
DA:345,0
DA:347,0
DA:350,0
DA:352,0
DA:353,0
DA:354,0
DA:355,0
DA:357,0
DA:361,0
DA:362,0
DA:363,0
DA:365,0
DA:366,0
DA:367,0
DA:368,0
DA:376,0
DA:381,0
DA:382,0
DA:383,0
DA:384,0
DA:386,0
DA:393,0
DA:398,0
DA:399,0
DA:400,0
DA:401,0
DA:403,0
DA:407,0
DA:408,0
DA:409,0
DA:411,0
DA:412,0
DA:413,0
DA:414,0
DA:422,0
DA:427,0
DA:428,0
DA:429,0
DA:441,0
DA:442,0
DA:443,0
DA:444,0
DA:446,0
DA:450,0
DA:451,0
DA:452,0
DA:454,0
DA:455,0
DA:456,0
DA:457,0
DA:465,0
DA:467,0
DA:468,0
DA:469,0
DA:475,0
DA:476,0
DA:477,0
DA:478,0
DA:480,0
DA:484,0
DA:485,0
DA:486,0
DA:487,0
DA:489,0
DA:491,0
DA:492,0
DA:493,0
DA:494,0
DA:502,0
DA:503,0
DA:505,0
DA:506,0
DA:507,0
DA:508,0
DA:511,0
DA:518,0
DA:519,0
DA:520,0
DA:528,0
DA:530,0
DA:531,0
DA:532,0
DA:534,0
DA:536,0
DA:551,0
DA:552,0
DA:555,0
LF:233
LH:88
BRDA:36,0,0,230
BRDA:36,0,1,27
BRDA:55,1,0,0
BRDA:55,1,1,238
BRDA:61,2,0,0
BRDA:61,2,1,238
BRDA:61,3,0,238
BRDA:61,3,1,56
BRDA:65,4,0,14
BRDA:65,4,1,224
BRDA:65,5,0,238
BRDA:65,5,1,56
BRDA:90,6,0,15
BRDA:90,6,1,257
BRDA:90,7,0,272
BRDA:90,7,1,199
BRDA:96,8,0,27
BRDA:96,8,1,230
BRDA:101,9,0,0
BRDA:101,9,1,230
BRDA:131,10,0,1
BRDA:131,10,1,232
BRDA:131,11,0,233
BRDA:131,11,1,49
BRDA:137,12,0,1
BRDA:137,12,1,231
BRDA:139,13,0,1
BRDA:139,13,1,0
BRDA:155,14,0,17
BRDA:157,15,0,0
BRDA:157,15,1,17
BRDA:157,16,0,17
BRDA:157,16,1,17
BRDA:163,17,0,0
BRDA:163,17,1,17
BRDA:163,18,0,17
BRDA:163,18,1,17
BRDA:168,19,0,0
BRDA:168,19,1,17
BRDA:169,20,0,0
BRDA:169,20,1,0
BRDA:178,21,0,0
BRDA:178,21,1,17
BRDA:187,22,0,1
BRDA:187,22,1,16
BRDA:187,23,0,17
BRDA:187,23,1,14
BRDA:211,24,0,0
BRDA:211,24,1,17
BRDA:214,25,0,0
BRDA:214,25,1,17
BRDA:221,26,0,0
BRDA:221,26,1,16
BRDA:230,27,0,0
BRDA:230,27,1,16
BRDA:243,28,0,17
BRDA:245,29,0,17
BRDA:245,29,1,0
BRDA:245,30,0,17
BRDA:245,30,1,0
BRDA:251,31,0,0
BRDA:251,31,1,0
BRDA:251,32,0,0
BRDA:251,32,1,0
BRDA:260,33,0,0
BRDA:260,33,1,0
BRDA:260,33,2,0
BRDA:260,33,3,0
BRDA:260,33,4,0
BRDA:260,33,5,0
BRDA:260,33,6,0
BRDA:260,33,7,0
BRDA:287,34,0,0
BRDA:287,34,1,0
BRDA:293,35,0,0
BRDA:293,35,1,0
BRDA:306,36,0,0
BRDA:306,36,1,0
BRDA:311,37,0,0
BRDA:311,37,1,0
BRDA:311,38,0,0
BRDA:311,38,1,0
BRDA:318,39,0,0
BRDA:318,39,1,0
BRDA:320,40,0,0
BRDA:320,40,1,0
BRDA:331,41,0,0
BRDA:331,41,1,0
BRDA:344,42,0,0
BRDA:344,42,1,0
BRDA:353,43,0,0
BRDA:353,43,1,0
BRDA:361,44,0,0
BRDA:361,44,1,0
BRDA:383,45,0,0
BRDA:383,45,1,0
BRDA:399,46,0,0
BRDA:399,46,1,0
BRDA:407,47,0,0
BRDA:407,47,1,0
BRDA:430,48,0,0
BRDA:430,48,1,0
BRDA:442,49,0,0
BRDA:442,49,1,0
BRDA:450,50,0,0
BRDA:450,50,1,0
BRDA:476,51,0,0
BRDA:476,51,1,0
BRDA:484,52,0,0
BRDA:484,52,1,0
BRDA:534,53,0,0
BRDA:534,53,1,0
BRF:112
BRH:44
end_of_record
TN:
SF:src\core\slash-router.ts
FN:47,registerSlashCommands
FN:48,(anonymous_1)
FN:51,getSlashCommandEntry
FN:52,(anonymous_3)
FN:55,initDrivState
FN:59,resolveSkillPath
FN:64,resolveCommandPath
FN:70,executeSlashCommand
FN:76,(anonymous_8)
FNF:9
FNH:9
FNDA:1,registerSlashCommands
FNDA:8,(anonymous_1)
FNDA:10,getSlashCommandEntry
FNDA:45,(anonymous_3)
FNDA:2,initDrivState
FNDA:9,resolveSkillPath
FNDA:9,resolveCommandPath
FNDA:10,executeSlashCommand
FNDA:8,(anonymous_8)
DA:36,1
DA:48,8
DA:52,45
DA:60,9
DA:61,9
DA:66,9
DA:67,9
DA:74,10
DA:75,10
DA:76,8
DA:77,1
DA:87,9
DA:88,10
DA:89,10
DA:91,10
DA:92,2
DA:95,9
LF:17
LH:17
BRDA:60,0,0,7
BRDA:60,0,1,2
BRDA:66,1,0,7
BRDA:66,1,1,2
BRDA:75,2,0,1
BRDA:75,2,1,9
BRDA:87,3,0,9
BRDA:87,3,1,0
BRDA:91,4,0,2
BRDA:91,4,1,8
BRF:10
BRH:9
end_of_record
TN:
SF:src\core\state-machine.ts
FN:13,constructor
FN:19,initChange
FN:26,getState
FN:32,validate
FN:48,setField
FN:56,transition
FN:87,assessScale
FN:94,setDesignPath
FN:103,setSpecsPaths
FN:112,setDetailedDesignCompleted
FN:120,setBrainstormingPath
FNF:11
FNH:11
FNDA:111,constructor
FNDA:86,initChange
FNDA:198,getState
FNDA:3,validate
FNDA:97,setField
FNDA:84,transition
FNDA:5,assessScale
FNDA:1,setDesignPath
FNDA:1,setSpecsPaths
FNDA:1,setDetailedDesignCompleted
FNDA:1,setBrainstormingPath
DA:6,6
DA:14,111
DA:15,111
DA:16,111
DA:20,86
DA:21,86
DA:22,86
DA:23,86
DA:27,198
DA:28,198
DA:29,196
DA:33,3
DA:34,3
DA:35,1
DA:36,1
DA:37,1
DA:38,1
DA:39,1
DA:40,5
DA:42,1
DA:44,2
DA:49,97
DA:50,97
DA:51,97
DA:52,97
DA:53,97
DA:57,84
DA:58,84
DA:59,84
DA:60,84
DA:62,84
DA:63,1
DA:65,83
DA:66,0
DA:68,83
DA:69,3
DA:72,80
DA:74,80
DA:75,80
DA:77,80
DA:78,80
DA:80,80
DA:82,80
DA:83,80
DA:84,80
DA:88,5
DA:89,3
DA:91,2
DA:95,1
DA:96,1
DA:97,1
DA:98,1
DA:99,1
DA:100,1
DA:104,1
DA:105,1
DA:106,1
DA:107,1
DA:108,1
DA:109,1
DA:113,1
DA:114,1
DA:115,1
DA:116,1
DA:117,1
DA:121,1
DA:122,1
DA:123,1
DA:124,1
DA:125,1
DA:126,1
LF:71
LH:70
BRDA:35,0,0,0
BRDA:35,0,1,1
BRDA:35,1,0,1
BRDA:35,1,1,1
BRDA:36,2,0,0
BRDA:36,2,1,1
BRDA:36,3,0,1
BRDA:36,3,1,1
BRDA:37,4,0,0
BRDA:37,4,1,1
BRDA:37,5,0,1
BRDA:37,5,1,1
BRDA:38,6,0,0
BRDA:38,6,1,1
BRDA:38,7,0,1
BRDA:38,7,1,1
BRDA:40,8,0,0
BRDA:40,8,1,5
BRDA:40,9,0,5
BRDA:40,9,1,5
BRDA:62,10,0,1
BRDA:62,10,1,83
BRDA:65,11,0,0
BRDA:65,11,1,83
BRDA:68,12,0,3
BRDA:68,12,1,80
BRDA:88,13,0,3
BRDA:88,13,1,2
BRDA:88,14,0,5
BRDA:88,14,1,3
BRF:30
BRH:24
end_of_record
TN:
SF:src\core\subagent-progress.ts
FN:15,start
FN:29,recordRedEvidence
FN:37,recordGreenEvidence
FN:45,complete
FN:59,getProgress
FN:63,serialize
FNF:6
FNH:3
FNDA:4,start
FNDA:0,recordRedEvidence
FNDA:0,recordGreenEvidence
FNDA:1,complete
FNDA:0,getProgress
FNDA:1,serialize
DA:13,3
DA:16,4
DA:25,4
DA:26,4
DA:30,0
DA:31,0
DA:32,0
DA:33,0
DA:38,0
DA:39,0
DA:40,0
DA:41,0
DA:50,1
DA:51,1
DA:52,1
DA:53,1
DA:54,1
DA:56,1
DA:60,0
DA:64,1
LF:20
LH:11
BRDA:32,0,0,0
BRDA:32,0,1,0
BRDA:40,1,0,0
BRDA:40,1,1,0
BRDA:52,2,0,1
BRDA:52,2,1,0
BRF:6
BRH:1
end_of_record
TN:
SF:src\core\superpowers.ts
FN:7,getAgentNames
FN:9,(anonymous_1)
FN:10,(anonymous_2)
FN:14,getNpxExecutable
FN:18,buildSuperpowersInstallCommand
FN:34,installSuperpowersForPlatforms
FNF:6
FNH:6
FNDA:2,getAgentNames
FNDA:2,(anonymous_1)
FNDA:2,(anonymous_2)
FNDA:6,getNpxExecutable
FNDA:2,buildSuperpowersInstallCommand
FNDA:1,installSuperpowersForPlatforms
DA:3,4
DA:8,2
DA:9,2
DA:10,2
DA:11,2
DA:15,6
DA:23,2
DA:24,2
DA:25,2
DA:26,1
DA:28,2
DA:29,2
DA:31,2
DA:39,1
DA:40,1
DA:43,0
DA:44,0
DA:45,0
DA:50,0
DA:52,0
LF:20
LH:15
BRDA:14,0,0,6
BRDA:15,1,0,4
BRDA:15,1,1,2
BRDA:25,2,0,1
BRDA:25,2,1,1
BRDA:39,3,0,1
BRDA:39,3,1,0
BRF:7
BRH:6
end_of_record
TN:
SF:src\core\template-inheritance.ts
FN:20,parseSections
FN:69,cleanChildren
FN:79,sectionToText
FN:93,sectionsToText
FN:94,(anonymous_4)
FN:97,findSectionByName
FN:108,hasSection
FN:112,cloneSection
FN:119,(anonymous_8)
FN:124,replaceSection
FN:143,mergeContentToSection
FN:166,applyInheritance
FN:214,resolveChain
FNF:13
FNH:12
FNDA:15,parseSections
FNDA:18,cleanChildren
FNDA:8,sectionToText
FNDA:6,sectionsToText
FNDA:8,(anonymous_4)
FNDA:11,findSectionByName
FNDA:2,hasSection
FNDA:2,cloneSection
FNDA:0,(anonymous_8)
FNDA:1,replaceSection
FNDA:1,mergeContentToSection
FNDA:8,applyInheritance
FNDA:6,resolveChain
DA:21,15
DA:22,15
DA:23,15
DA:25,15
DA:26,15
DA:27,21
DA:28,21
DA:30,21
DA:31,18
DA:32,18
DA:33,18
DA:34,18
DA:36,18
DA:37,5
DA:40,18
DA:41,1
DA:43,17
DA:46,18
DA:47,18
DA:49,18
DA:50,18
DA:51,46
DA:52,46
DA:53,41
DA:54,41
DA:56,18
DA:58,3
DA:62,15
DA:63,17
DA:66,15
DA:70,18
DA:71,17
DA:72,1
DA:73,1
DA:74,1
DA:80,8
DA:81,8
DA:82,8
DA:83,8
DA:85,8
DA:86,0
DA:87,0
DA:90,8
DA:94,8
DA:98,11
DA:99,12
DA:100,4
DA:101,0
DA:102,0
DA:105,3
DA:109,2
DA:113,2
DA:118,2
DA:119,0
DA:121,2
DA:129,1
DA:130,1
DA:131,1
DA:132,1
DA:134,0
DA:135,0
DA:136,0
DA:140,0
DA:148,1
DA:149,1
DA:150,1
DA:151,1
DA:153,0
DA:155,1
DA:157,0
DA:158,0
DA:159,0
DA:163,0
DA:167,8
DA:168,2
DA:171,6
DA:172,6
DA:174,6
DA:175,2
DA:176,2
DA:177,2
DA:178,2
DA:179,2
DA:180,1
DA:183,2
DA:186,4
DA:187,2
DA:188,2
DA:189,2
DA:190,2
DA:191,2
DA:192,1
DA:195,2
DA:198,2
DA:199,2
DA:200,2
DA:201,2
DA:202,1
DA:203,1
DA:204,1
DA:208,2
DA:211,0
DA:215,6
DA:216,6
DA:217,9
DA:220,6
DA:221,6
DA:222,6
DA:224,6
DA:225,14
DA:226,2
DA:228,12
DA:229,12
DA:230,12
DA:233,4
LF:115
LH:100
BRDA:30,0,0,18
BRDA:30,0,1,3
BRDA:36,1,0,18
BRDA:36,1,1,6
BRDA:40,2,0,1
BRDA:40,2,1,17
BRDA:52,3,0,5
BRDA:52,3,1,41
BRDA:70,4,0,17
BRDA:70,4,1,1
BRDA:70,5,0,18
BRDA:70,5,1,18
BRDA:72,6,0,1
BRDA:72,6,1,0
BRDA:82,7,0,8
BRDA:82,7,1,0
BRDA:85,8,0,0
BRDA:85,8,1,8
BRDA:85,9,0,8
BRDA:85,9,1,0
BRDA:99,10,0,8
BRDA:99,10,1,4
BRDA:100,11,0,0
BRDA:100,11,1,4
BRDA:102,12,0,0
BRDA:102,12,1,0
BRDA:118,13,0,0
BRDA:118,13,1,2
BRDA:118,14,0,2
BRDA:118,14,1,0
BRDA:130,15,0,1
BRDA:130,15,1,0
BRDA:134,16,0,0
BRDA:134,16,1,0
BRDA:135,17,0,0
BRDA:135,17,1,0
BRDA:149,18,0,1
BRDA:149,18,1,0
BRDA:150,19,0,1
BRDA:150,19,1,0
BRDA:157,20,0,0
BRDA:157,20,1,0
BRDA:158,21,0,0
BRDA:158,21,1,0
BRDA:167,22,0,2
BRDA:167,22,1,6
BRDA:174,23,0,2
BRDA:174,23,1,4
BRDA:175,24,0,2
BRDA:175,24,1,0
BRDA:179,25,0,1
BRDA:179,25,1,1
BRDA:179,26,0,2
BRDA:179,26,1,1
BRDA:186,27,0,2
BRDA:186,27,1,2
BRDA:187,28,0,2
BRDA:187,28,1,0
BRDA:191,29,0,1
BRDA:191,29,1,1
BRDA:191,30,0,2
BRDA:191,30,1,1
BRDA:198,31,0,2
BRDA:198,31,1,0
BRDA:199,32,0,2
BRDA:199,32,1,0
BRDA:201,33,0,1
BRDA:201,33,1,1
BRDA:203,34,0,1
BRDA:203,34,1,0
BRDA:225,35,0,2
BRDA:225,35,1,12
BRF:72
BRH:47
end_of_record
TN:
SF:src\core\template-manager.ts
FN:80,deepMerge
FN:105,categoryForType
FN:109,stripMarkdownExtension
FN:113,normalizeTemplatePath
FN:122,basenameWithoutExtension
FN:131,constructor
FN:136,templatesDir
FN:140,typeDir
FN:144,templatePath
FN:149,readTemplatePath
FN:157,readFirstExistingTemplate
FN:167,getConfig
FN:180,loadTemplate
FN:188,listTemplates
FN:211,selectTemplate
FN:260,applyTemplate
FN:268,(anonymous_16)
FN:281,validateTemplate
FN:298,(anonymous_18)
FN:304,(anonymous_19)
FN:315,getInheritanceChain
FNF:21
FNH:21
FNDA:198,deepMerge
FNDA:73,categoryForType
FNDA:52,stripMarkdownExtension
FNDA:36,normalizeTemplatePath
FNDA:16,basenameWithoutExtension
FNDA:51,constructor
FNDA:81,templatesDir
FNDA:12,typeDir
FNDA:20,templatePath
FNDA:8,readTemplatePath
FNDA:11,readFirstExistingTemplate
FNDA:31,getConfig
FNDA:20,loadTemplate
FNDA:4,listTemplates
FNDA:11,selectTemplate
FNDA:15,applyTemplate
FNDA:3,(anonymous_16)
FNDA:4,validateTemplate
FNDA:4,(anonymous_18)
FNDA:3,(anonymous_19)
FNDA:2,getInheritanceChain
DA:40,3
DA:81,198
DA:82,198
DA:83,549
DA:84,549
DA:85,549
DA:86,549
DA:94,180
DA:98,369
DA:99,369
DA:102,198
DA:106,73
DA:110,52
DA:114,36
DA:115,36
DA:116,36
DA:117,12
DA:119,24
DA:123,16
DA:129,51
DA:132,51
DA:133,51
DA:137,81
DA:141,12
DA:145,20
DA:146,20
DA:150,8
DA:151,8
DA:152,1
DA:154,7
DA:158,11
DA:159,14
DA:160,14
DA:161,3
DA:164,8
DA:168,31
DA:169,27
DA:170,27
DA:171,18
DA:172,18
DA:173,18
DA:175,9
DA:177,27
DA:181,20
DA:182,20
DA:183,1
DA:185,19
DA:189,4
DA:190,4
DA:191,4
DA:192,7
DA:193,7
DA:194,7
DA:195,7
DA:196,12
DA:197,12
DA:208,4
DA:212,11
DA:214,11
DA:216,11
DA:217,2
DA:218,1
DA:219,1
DA:220,1
DA:222,0
DA:225,9
DA:226,9
DA:227,9
DA:228,9
DA:229,4
DA:230,5
DA:231,1
DA:233,4
DA:237,11
DA:244,11
DA:245,5
DA:254,11
DA:255,11
DA:257,8
DA:265,15
DA:267,15
DA:268,15
DA:269,15
DA:270,1
DA:271,1
DA:272,1
DA:278,15
DA:282,4
DA:283,4
DA:285,4
DA:286,4
DA:287,1
DA:288,1
DA:291,3
DA:293,3
DA:294,1
DA:297,3
DA:298,4
DA:299,3
DA:300,2
DA:303,3
DA:304,3
DA:305,3
DA:306,1
DA:307,1
DA:308,0
DA:312,3
DA:316,2
DA:317,2
DA:318,2
DA:320,0
LF:111
LH:108
BRDA:86,0,0,180
BRDA:86,0,1,369
BRDA:87,1,0,549
BRDA:87,1,1,303
BRDA:87,1,2,303
BRDA:87,1,3,231
BRDA:87,1,4,180
BRDA:87,1,5,180
BRDA:98,2,0,369
BRDA:98,2,1,0
BRDA:116,3,0,12
BRDA:116,3,1,24
BRDA:151,4,0,1
BRDA:151,4,1,7
BRDA:160,5,0,3
BRDA:160,5,1,11
BRDA:168,6,0,4
BRDA:168,6,1,27
BRDA:170,7,0,18
BRDA:170,7,1,9
BRDA:182,8,0,1
BRDA:182,8,1,19
BRDA:189,9,0,3
BRDA:189,9,1,1
BRDA:196,10,0,12
BRDA:196,10,1,0
BRDA:216,11,0,2
BRDA:216,11,1,9
BRDA:217,12,0,1
BRDA:217,12,1,1
BRDA:217,13,0,2
BRDA:217,13,1,2
BRDA:219,14,0,1
BRDA:219,14,1,0
BRDA:228,15,0,4
BRDA:228,15,1,5
BRDA:228,16,0,9
BRDA:228,16,1,7
BRDA:230,17,0,1
BRDA:230,17,1,4
BRDA:230,18,0,5
BRDA:230,18,1,3
BRDA:244,19,0,5
BRDA:244,19,1,6
BRDA:244,20,0,11
BRDA:244,20,1,9
BRDA:255,21,0,3
BRDA:255,21,1,8
BRDA:269,22,0,1
BRDA:269,22,1,14
BRDA:286,23,0,1
BRDA:286,23,1,3
BRDA:293,24,0,1
BRDA:293,24,1,2
BRDA:305,25,0,1
BRDA:305,25,1,2
BRDA:307,26,0,0
BRDA:307,26,1,1
BRF:58
BRH:54
end_of_record
TN:
SF:src\core\types.ts
FN:128,createDefaultState
FNF:1
FNH:1
FNDA:123,createDefaultState
DA:1,8
DA:11,8
DA:17,8
DA:25,8
DA:33,8
DA:41,8
DA:49,8
DA:56,8
DA:129,123
DA:130,123
DA:131,123
LF:11
LH:11
BRF:0
BRH:0
end_of_record
TN:
SF:src\core\verify-service.ts
FN:32,walkDir
FN:59,constructor
FN:75,assessScale
FN:80,(anonymous_3)
FN:100,(anonymous_4)
FN:114,readConfig
FN:136,executeBuild
FN:141,executeTests
FN:146,readCoverage
FN:175,executeLint
FN:189,executeTypeCheck
FN:199,parseCommand
FN:221,runCommand
FN:232,verify
FN:309,generateReport
FN:353,writeCleanCodeArtifacts
FNF:16
FNH:16
FNDA:18,walkDir
FNDA:36,constructor
FNDA:22,assessScale
FNDA:46,(anonymous_3)
FNDA:2,(anonymous_4)
FNDA:41,readConfig
FNDA:21,executeBuild
FNDA:20,executeTests
FNDA:18,readCoverage
FNDA:20,executeLint
FNDA:20,executeTypeCheck
FNDA:40,parseCommand
FNDA:37,runCommand
FNDA:18,verify
FNDA:20,generateReport
FNDA:18,writeCleanCodeArtifacts
DA:33,18
DA:35,18
DA:36,18
DA:38,18
DA:40,0
DA:41,0
DA:42,0
DA:43,0
DA:45,0
DA:48,0
DA:67,36
DA:68,36
DA:69,36
DA:70,36
DA:71,36
DA:72,36
DA:76,22
DA:77,22
DA:78,22
DA:79,22
DA:80,46
DA:82,0
DA:85,22
DA:86,22
DA:87,22
DA:88,22
DA:89,22
DA:91,0
DA:94,22
DA:95,22
DA:96,22
DA:97,22
DA:98,1
DA:99,2
DA:100,2
DA:101,2
DA:105,21
DA:108,22
DA:109,3
DA:111,19
DA:115,41
DA:123,41
DA:124,41
DA:125,40
DA:126,40
DA:127,40
DA:132,1
DA:137,21
DA:138,21
DA:142,20
DA:143,20
DA:150,18
DA:151,18
DA:152,18
DA:153,2
DA:155,2
DA:156,2
DA:157,2
DA:164,18
DA:168,18
DA:171,16
DA:176,20
DA:177,20
DA:178,20
DA:179,2
DA:180,2
DA:181,0
DA:183,2
DA:185,18
DA:190,20
DA:191,20
DA:192,20
DA:193,2
DA:195,18
DA:200,40
DA:201,40
DA:202,40
DA:203,40
DA:204,879
DA:205,2
DA:206,2
DA:208,877
DA:209,78
DA:210,78
DA:211,78
DA:213,78
DA:215,799
DA:217,40
DA:218,40
DA:222,37
DA:223,37
DA:224,37
DA:225,37
DA:226,37
DA:228,0
DA:233,18
DA:234,18
DA:235,18
DA:237,18
DA:238,18
DA:239,18
DA:240,18
DA:241,18
DA:242,18
DA:243,0
DA:244,0
DA:245,0
DA:246,0
DA:247,0
DA:248,0
DA:253,0
DA:257,18
DA:260,18
DA:261,18
DA:263,18
DA:265,18
DA:267,18
DA:274,18
DA:289,18
DA:290,9
DA:292,9
DA:293,9
DA:296,18
DA:297,18
DA:299,18
DA:300,18
DA:306,18
DA:310,20
DA:311,20
DA:312,20
DA:314,20
DA:315,20
DA:316,20
DA:317,20
DA:318,20
DA:319,20
DA:320,20
DA:321,20
DA:322,20
DA:323,20
DA:324,20
DA:325,20
DA:326,20
DA:327,20
DA:328,20
DA:333,20
DA:334,20
DA:335,20
DA:336,20
DA:337,20
DA:338,20
DA:339,20
DA:341,20
DA:342,9
DA:343,9
DA:344,9
DA:345,9
DA:346,9
DA:349,20
DA:350,20
DA:358,18
DA:359,18
DA:361,18
DA:369,18
DA:370,0
DA:371,0
DA:372,0
DA:375,18
DA:376,18
LF:169
LH:149
BRDA:42,0,0,0
BRDA:42,0,1,0
BRDA:72,1,0,36
BRDA:72,1,1,36
BRDA:100,2,0,2
BRDA:100,2,1,0
BRDA:108,3,0,3
BRDA:108,3,1,19
BRDA:108,4,0,22
BRDA:108,4,1,21
BRDA:108,4,2,20
BRDA:128,5,0,40
BRDA:128,5,1,0
BRDA:129,6,0,41
BRDA:129,6,1,0
BRDA:156,7,0,0
BRDA:156,7,1,2
BRDA:158,8,0,2
BRDA:158,8,1,0
BRDA:159,9,0,18
BRDA:159,9,1,0
BRDA:160,10,0,18
BRDA:160,10,1,0
BRDA:161,11,0,18
BRDA:161,11,1,0
BRDA:164,12,0,18
BRDA:164,12,1,1
BRDA:164,12,2,1
BRDA:164,12,3,1
BRDA:180,13,0,0
BRDA:180,13,1,2
BRDA:204,14,0,2
BRDA:204,14,1,877
BRDA:204,15,0,879
BRDA:204,15,1,877
BRDA:208,16,0,78
BRDA:208,16,1,799
BRDA:208,17,0,877
BRDA:208,17,1,78
BRDA:209,18,0,78
BRDA:209,18,1,0
BRDA:217,19,0,39
BRDA:217,19,1,1
BRDA:218,20,0,40
BRDA:218,20,1,1
BRDA:223,21,0,0
BRDA:223,21,1,37
BRDA:243,22,0,0
BRDA:243,22,1,0
BRDA:246,23,0,0
BRDA:246,23,1,0
BRDA:248,24,0,0
BRDA:248,24,1,0
BRDA:267,25,0,18
BRDA:267,25,1,16
BRDA:267,25,2,12
BRDA:267,25,3,12
BRDA:267,25,4,11
BRDA:267,25,5,10
BRDA:289,26,0,9
BRDA:289,26,1,9
BRDA:299,27,0,9
BRDA:299,27,1,9
BRDA:303,28,0,9
BRDA:303,28,1,9
BRDA:325,29,0,17
BRDA:325,29,1,3
BRDA:326,30,0,15
BRDA:326,30,1,5
BRDA:327,31,0,19
BRDA:327,31,1,1
BRDA:329,32,0,17
BRDA:329,32,1,3
BRDA:330,33,0,2
BRDA:330,33,1,18
BRDA:333,34,0,17
BRDA:333,34,1,3
BRDA:334,35,0,17
BRDA:334,35,1,3
BRDA:335,36,0,1
BRDA:335,36,1,19
BRDA:339,37,0,10
BRDA:339,37,1,10
BRDA:341,38,0,9
BRDA:341,38,1,11
BRDA:341,39,0,20
BRDA:341,39,1,9
BRDA:364,40,0,18
BRDA:364,40,1,0
BRDA:369,41,0,0
BRDA:369,41,1,18
BRF:91
BRH:70
end_of_record
TN:
SF:src\utils\file-system.ts
FN:4,isWithinRoot
FN:12,constructor
FN:16,ensureDir
FN:20,writeFile
FN:29,readFile
FN:37,exists
FN:46,copyFile
FN:51,listDir
FN:53,(anonymous_8)
FN:56,readJson
FN:62,fileExists
FN:71,ensureDir_2
FN:75,writeFile_2
FN:80,readDir
FN:82,(anonymous_14)
FN:85,readJson_2
FN:90,copyFile_2
FN:95,removeFile
FN:104,removeDir
FN:113,isDirEmpty
FN:122,copyDir
FN:132,copyEntries
FN:142,(anonymous_22)
FNF:23
FNH:22
FNDA:991,isWithinRoot
FNDA:168,constructor
FNDA:524,ensureDir
FNDA:408,writeFile
FNDA:583,readFile
FNDA:389,exists
FNDA:30,copyFile
FNDA:96,listDir
FNDA:125,(anonymous_8)
FNDA:12,readJson
FNDA:2715,fileExists
FNDA:605,ensureDir_2
FNDA:260,writeFile_2
FNDA:40,readDir
FNDA:1199,(anonymous_14)
FNDA:18,readJson_2
FNDA:1,copyFile_2
FNDA:14,removeFile
FNDA:16,removeDir
FNDA:0,isDirEmpty
FNDA:21,copyDir
FNDA:105,copyEntries
FNDA:504,(anonymous_22)
DA:5,991
DA:6,991
DA:13,168
DA:17,524
DA:21,408
DA:22,408
DA:23,1
DA:25,407
DA:26,407
DA:30,583
DA:31,583
DA:32,1
DA:34,582
DA:38,389
DA:39,389
DA:40,254
DA:42,135
DA:47,30
DA:48,30
DA:52,96
DA:53,125
DA:57,12
DA:58,12
DA:63,2715
DA:64,2715
DA:65,1021
DA:67,1694
DA:72,605
DA:76,260
DA:77,260
DA:81,40
DA:82,1199
DA:86,18
DA:87,18
DA:91,1
DA:92,1
DA:96,14
DA:97,14
DA:98,1
DA:100,13
DA:105,16
DA:106,16
DA:107,16
DA:109,0
DA:114,0
DA:115,0
DA:116,0
DA:118,0
DA:127,21
DA:128,21
DA:130,21
DA:133,105
DA:134,105
DA:136,105
DA:137,504
DA:138,504
DA:139,504
DA:141,504
DA:143,504
DA:146,0
DA:149,504
DA:150,84
DA:151,84
DA:154,420
DA:155,420
DA:156,40
DA:157,40
DA:159,380
DA:160,0
DA:161,0
DA:164,380
DA:165,380
DA:166,380
DA:170,21
DA:172,21
LF:75
LH:67
BRDA:6,0,0,991
BRDA:6,0,1,989
BRDA:22,1,0,1
BRDA:22,1,1,407
BRDA:31,2,0,1
BRDA:31,2,1,582
BRDA:125,3,0,21
BRDA:141,4,0,0
BRDA:141,4,1,504
BRDA:143,5,0,504
BRDA:143,5,1,504
BRDA:149,6,0,84
BRDA:149,6,1,420
BRDA:155,7,0,40
BRDA:155,7,1,380
BRDA:155,8,0,420
BRDA:155,8,1,100
BRDA:159,9,0,0
BRDA:159,9,1,380
BRDA:159,10,0,380
BRDA:159,10,1,60
BRF:21
BRH:19
end_of_record
TN:
SF:src\utils\logger.ts
FN:6,constructor
FN:10,info
FN:14,warn
FN:18,error
FN:22,write
FNF:5
FNH:5
FNDA:4,constructor
FNDA:2,info
FNDA:1,warn
FNDA:1,error
FNDA:4,write
DA:7,4
DA:11,2
DA:15,1
DA:19,1
DA:23,4
DA:24,4
DA:25,4
DA:26,3
DA:28,4
LF:9
LH:9
BRDA:7,0,0,4
BRDA:7,0,1,0
BRDA:25,1,0,3
BRDA:25,1,1,1
BRDA:25,2,0,4
BRDA:25,2,1,3
BRF:6
BRH:5
end_of_record
TN:
SF:src\utils\paths.ts
FNF:0
FNH:0
DA:3,3
DA:5,3
DA:6,3
DA:7,3
DA:8,3
LF:5
LH:5
BRF:0
BRH:0
end_of_record
TN:
SF:src\utils\script-exec.ts
FN:10,exec
FN:15,(anonymous_1)
FN:23,(anonymous_2)
FN:42,(anonymous_3)
FNF:4
FNH:4
FNDA:302,exec
FNDA:302,(anonymous_1)
FNDA:302,(anonymous_2)
FNDA:1,(anonymous_3)
DA:15,302
DA:16,302
DA:25,302
DA:26,11
DA:27,1
DA:28,1
DA:30,10
DA:35,11
DA:37,291
DA:41,302
DA:42,1
DA:43,1
DA:44,1
LF:13
LH:13
BRDA:18,0,0,302
BRDA:18,0,1,0
BRDA:25,1,0,11
BRDA:25,1,1,291
BRDA:26,2,0,1
BRDA:26,2,1,10
BRDA:26,3,0,11
BRDA:26,3,1,10
BRDA:27,4,0,1
BRDA:27,4,1,0
BRDA:33,5,0,10
BRDA:33,5,1,0
BRDA:41,6,0,1
BRDA:41,6,1,301
BRDA:41,7,0,302
BRDA:41,7,1,1
BRDA:43,8,0,1
BRDA:43,8,1,0
BRF:18
BRH:14
end_of_record
TN:
SF:src\utils\yaml-parser.ts
FN:7,constructor
FN:11,parse
FN:15,stringify
FN:19,readFile
FN:25,writeFile
FN:31,setField
FNF:6
FNH:6
FNDA:135,constructor
FNDA:297,parse
FNDA:269,stringify
FNDA:297,readFile
FNDA:1,writeFile
FNDA:99,setField
DA:8,135
DA:12,297
DA:16,269
DA:20,297
DA:21,297
DA:22,296
DA:26,1
DA:27,1
DA:28,1
DA:32,99
DA:33,99
DA:34,99
DA:35,100
DA:36,2
DA:38,100
DA:40,99
LF:16
LH:16
BRDA:20,0,0,0
BRDA:20,0,1,297
BRDA:26,1,0,0
BRDA:26,1,1,1
BRDA:35,2,0,2
BRDA:35,2,1,98
BRDA:35,3,0,100
BRDA:35,3,1,98
BRF:8
BRH:6
end_of_record
